{"C:\\Users\\GoldP\\OneDrive\\Documents\\GitHub\\pitch\\server\\src\\adapters\\auth\\JwtAuthAdapter.ts": {"path":"C:\\Users\\GoldP\\OneDrive\\Documents\\GitHub\\pitch\\server\\src\\adapters\\auth\\JwtAuthAdapter.ts","statementMap":{"0":{"start":{"line":2,"column":0},"end":{"line":2,"column":31}},"1":{"start":{"line":5,"column":23},"end":{"line":5,"column":28}},"2":{"start":{"line":9,"column":8},"end":{"line":9,"column":57}},"3":{"start":{"line":10,"column":8},"end":{"line":10,"column":119}},"4":{"start":{"line":14,"column":8},"end":{"line":14,"column":44}},"5":{"start":{"line":15,"column":8},"end":{"line":15,"column":49}},"6":{"start":{"line":16,"column":24},"end":{"line":16,"column":66}},"7":{"start":{"line":17,"column":8},"end":{"line":17,"column":55}},"8":{"start":{"line":18,"column":8},"end":{"line":18,"column":173}},"9":{"start":{"line":18,"column":126},"end":{"line":18,"column":167}},"10":{"start":{"line":7,"column":0},"end":{"line":7,"column":21}}},"fnMap":{"0":{"name":"(anonymous_1)","decl":{"start":{"line":8,"column":4},"end":{"line":8,"column":13}},"loc":{"start":{"line":8,"column":46},"end":{"line":11,"column":5}}},"1":{"name":"(anonymous_2)","decl":{"start":{"line":13,"column":4},"end":{"line":13,"column":15}},"loc":{"start":{"line":13,"column":29},"end":{"line":19,"column":5}}},"2":{"name":"(anonymous_3)","decl":{"start":{"line":18,"column":118},"end":{"line":18,"column":121}},"loc":{"start":{"line":18,"column":123},"end":{"line":18,"column":169}}}},"branchMap":{"0":{"loc":{"start":{"line":18,"column":15},"end":{"line":18,"column":172}},"type":"cond-expr","locations":[{"start":{"line":18,"column":88},"end":{"line":18,"column":114}},{"start":{"line":18,"column":117},"end":{"line":18,"column":172}}]},"1":{"loc":{"start":{"line":18,"column":15},"end":{"line":18,"column":85}},"type":"binary-expr","locations":[{"start":{"line":18,"column":15},"end":{"line":18,"column":42}},{"start":{"line":18,"column":46},"end":{"line":18,"column":62}},{"start":{"line":18,"column":66},"end":{"line":18,"column":85}}]}},"s":{"0":1,"1":1,"2":4,"3":4,"4":8,"5":8,"6":8,"7":8,"8":8,"9":0,"10":1},"f":{"0":4,"1":8,"2":0},"b":{"0":[8,0],"1":[8,8,8]}}
,"C:\\Users\\GoldP\\OneDrive\\Documents\\GitHub\\pitch\\server\\src\\adapters\\persistence\\InMemoryLongTerm.ts": {"path":"C:\\Users\\GoldP\\OneDrive\\Documents\\GitHub\\pitch\\server\\src\\adapters\\persistence\\InMemoryLongTerm.ts","statementMap":{"0":{"start":{"line":7,"column":12},"end":{"line":7,"column":63}},"1":{"start":{"line":10,"column":8},"end":{"line":10,"column":59}},"2":{"start":{"line":14,"column":8},"end":{"line":14,"column":38}},"3":{"start":{"line":15,"column":8},"end":{"line":15,"column":38}},"4":{"start":{"line":16,"column":8},"end":{"line":16,"column":33}},"5":{"start":{"line":20,"column":8},"end":{"line":20,"column":64}},"6":{"start":{"line":24,"column":8},"end":{"line":24,"column":38}},"7":{"start":{"line":25,"column":8},"end":{"line":25,"column":33}},"8":{"start":{"line":29,"column":8},"end":{"line":31,"column":9}},"9":{"start":{"line":30,"column":12},"end":{"line":30,"column":56}},"10":{"start":{"line":30,"column":44},"end":{"line":30,"column":56}},"11":{"start":{"line":32,"column":8},"end":{"line":32,"column":20}},"12":{"start":{"line":36,"column":8},"end":{"line":36,"column":30}},"13":{"start":{"line":37,"column":8},"end":{"line":37,"column":33}},"14":{"start":{"line":6,"column":0},"end":{"line":6,"column":21}}},"fnMap":{"0":{"name":"(anonymous_0)","decl":{"start":{"line":6,"column":0},"end":{"line":6,"column":21}},"loc":{"start":{"line":6,"column":0},"end":{"line":40,"column":1}}},"1":{"name":"(anonymous_1)","decl":{"start":{"line":9,"column":4},"end":{"line":9,"column":12}},"loc":{"start":{"line":9,"column":23},"end":{"line":11,"column":5}}},"2":{"name":"(anonymous_2)","decl":{"start":{"line":13,"column":4},"end":{"line":13,"column":14}},"loc":{"start":{"line":13,"column":25},"end":{"line":17,"column":5}}},"3":{"name":"(anonymous_3)","decl":{"start":{"line":19,"column":4},"end":{"line":19,"column":15}},"loc":{"start":{"line":19,"column":15},"end":{"line":21,"column":5}}},"4":{"name":"(anonymous_4)","decl":{"start":{"line":23,"column":4},"end":{"line":23,"column":14}},"loc":{"start":{"line":23,"column":25},"end":{"line":26,"column":5}}},"5":{"name":"(anonymous_5)","decl":{"start":{"line":28,"column":4},"end":{"line":28,"column":9}},"loc":{"start":{"line":28,"column":41},"end":{"line":33,"column":5}}},"6":{"name":"(anonymous_6)","decl":{"start":{"line":35,"column":4},"end":{"line":35,"column":14}},"loc":{"start":{"line":35,"column":25},"end":{"line":38,"column":5}}}},"branchMap":{"0":{"loc":{"start":{"line":10,"column":31},"end":{"line":10,"column":57}},"type":"binary-expr","locations":[{"start":{"line":10,"column":31},"end":{"line":10,"column":49}},{"start":{"line":10,"column":53},"end":{"line":10,"column":57}}]},"1":{"loc":{"start":{"line":30,"column":12},"end":{"line":30,"column":56}},"type":"if","locations":[{"start":{"line":30,"column":12},"end":{"line":30,"column":56}},{"start":{},"end":{}}]}},"s":{"0":1,"1":5,"2":4,"3":4,"4":4,"5":0,"6":1,"7":1,"8":8,"9":16,"10":4,"11":4,"12":0,"13":0,"14":1},"f":{"0":1,"1":5,"2":4,"3":0,"4":1,"5":8,"6":0},"b":{"0":[5,0],"1":[4,12]}}
,"C:\\Users\\GoldP\\OneDrive\\Documents\\GitHub\\pitch\\server\\src\\adapters\\persistence\\InMemoryShortTerm.ts": {"path":"C:\\Users\\GoldP\\OneDrive\\Documents\\GitHub\\pitch\\server\\src\\adapters\\persistence\\InMemoryShortTerm.ts","statementMap":{"0":{"start":{"line":9,"column":12},"end":{"line":9,"column":78}},"1":{"start":{"line":12,"column":8},"end":{"line":12,"column":64}},"2":{"start":{"line":15,"column":8},"end":{"line":15,"column":45}},"3":{"start":{"line":16,"column":8},"end":{"line":16,"column":33}},"4":{"start":{"line":19,"column":8},"end":{"line":19,"column":69}},"5":{"start":{"line":22,"column":8},"end":{"line":22,"column":35}},"6":{"start":{"line":23,"column":8},"end":{"line":23,"column":33}},"7":{"start":{"line":26,"column":8},"end":{"line":26,"column":53}},"8":{"start":{"line":27,"column":8},"end":{"line":27,"column":33}},"9":{"start":{"line":7,"column":0},"end":{"line":7,"column":21}}},"fnMap":{"0":{"name":"(anonymous_0)","decl":{"start":{"line":7,"column":0},"end":{"line":7,"column":21}},"loc":{"start":{"line":7,"column":0},"end":{"line":30,"column":1}}},"1":{"name":"(anonymous_1)","decl":{"start":{"line":11,"column":4},"end":{"line":11,"column":20}},"loc":{"start":{"line":11,"column":31},"end":{"line":13,"column":5}}},"2":{"name":"(anonymous_2)","decl":{"start":{"line":14,"column":4},"end":{"line":14,"column":19}},"loc":{"start":{"line":14,"column":36},"end":{"line":17,"column":5}}},"3":{"name":"(anonymous_3)","decl":{"start":{"line":18,"column":4},"end":{"line":18,"column":20}},"loc":{"start":{"line":18,"column":20},"end":{"line":20,"column":5}}},"4":{"name":"(anonymous_4)","decl":{"start":{"line":21,"column":4},"end":{"line":21,"column":19}},"loc":{"start":{"line":21,"column":30},"end":{"line":24,"column":5}}},"5":{"name":"(anonymous_5)","decl":{"start":{"line":25,"column":4},"end":{"line":25,"column":19}},"loc":{"start":{"line":25,"column":40},"end":{"line":28,"column":5}}}},"branchMap":{"0":{"loc":{"start":{"line":12,"column":31},"end":{"line":12,"column":62}},"type":"binary-expr","locations":[{"start":{"line":12,"column":31},"end":{"line":12,"column":54}},{"start":{"line":12,"column":58},"end":{"line":12,"column":62}}]}},"s":{"0":1,"1":15,"2":1,"3":1,"4":0,"5":0,"6":0,"7":16,"8":16,"9":1},"f":{"0":1,"1":15,"2":1,"3":0,"4":0,"5":16},"b":{"0":[15,0]}}
,"C:\\Users\\GoldP\\OneDrive\\Documents\\GitHub\\pitch\\server\\src\\adapters\\persistence\\MongoLongTermAdapter.ts": {"path":"C:\\Users\\GoldP\\OneDrive\\Documents\\GitHub\\pitch\\server\\src\\adapters\\persistence\\MongoLongTermAdapter.ts","statementMap":{"0":{"start":{"line":2,"column":0},"end":{"line":2,"column":50}},"1":{"start":{"line":3,"column":0},"end":{"line":3,"column":48}},"2":{"start":{"line":10,"column":8},"end":{"line":10,"column":38}},"3":{"start":{"line":11,"column":8},"end":{"line":18,"column":11}},"4":{"start":{"line":22,"column":8},"end":{"line":28,"column":11}},"5":{"start":{"line":32,"column":24},"end":{"line":32,"column":61}},"6":{"start":{"line":33,"column":8},"end":{"line":33,"column":34}},"7":{"start":{"line":33,"column":22},"end":{"line":33,"column":34}},"8":{"start":{"line":34,"column":8},"end":{"line":41,"column":10}},"9":{"start":{"line":45,"column":24},"end":{"line":45,"column":60}},"10":{"start":{"line":46,"column":8},"end":{"line":46,"column":34}},"11":{"start":{"line":46,"column":22},"end":{"line":46,"column":34}},"12":{"start":{"line":47,"column":8},"end":{"line":54,"column":10}},"13":{"start":{"line":58,"column":25},"end":{"line":58,"column":47}},"14":{"start":{"line":59,"column":8},"end":{"line":66,"column":11}},"15":{"start":{"line":59,"column":39},"end":{"line":65,"column":null}},"16":{"start":{"line":70,"column":8},"end":{"line":70,"column":47}},"17":{"start":{"line":7,"column":0},"end":{"line":7,"column":13}}},"fnMap":{"0":{"name":"(anonymous_1)","decl":{"start":{"line":9,"column":4},"end":{"line":9,"column":9}},"loc":{"start":{"line":9,"column":31},"end":{"line":19,"column":5}}},"1":{"name":"(anonymous_2)","decl":{"start":{"line":21,"column":4},"end":{"line":21,"column":9}},"loc":{"start":{"line":21,"column":31},"end":{"line":29,"column":5}}},"2":{"name":"(anonymous_3)","decl":{"start":{"line":31,"column":4},"end":{"line":31,"column":9}},"loc":{"start":{"line":31,"column":41},"end":{"line":42,"column":5}}},"3":{"name":"(anonymous_4)","decl":{"start":{"line":44,"column":4},"end":{"line":44,"column":9}},"loc":{"start":{"line":44,"column":29},"end":{"line":55,"column":5}}},"4":{"name":"(anonymous_5)","decl":{"start":{"line":57,"column":4},"end":{"line":57,"column":9}},"loc":{"start":{"line":57,"column":21},"end":{"line":67,"column":5}}},"5":{"name":"(anonymous_6)","decl":{"start":{"line":59,"column":28},"end":{"line":59,"column":35}},"loc":{"start":{"line":59,"column":39},"end":{"line":65,"column":null}}},"6":{"name":"(anonymous_7)","decl":{"start":{"line":69,"column":4},"end":{"line":69,"column":9}},"loc":{"start":{"line":69,"column":31},"end":{"line":71,"column":5}}}},"branchMap":{"0":{"loc":{"start":{"line":16,"column":22},"end":{"line":16,"column":43}},"type":"binary-expr","locations":[{"start":{"line":16,"column":22},"end":{"line":16,"column":35}},{"start":{"line":16,"column":39},"end":{"line":16,"column":43}}]},"1":{"loc":{"start":{"line":17,"column":20},"end":{"line":17,"column":39}},"type":"binary-expr","locations":[{"start":{"line":17,"column":20},"end":{"line":17,"column":31}},{"start":{"line":17,"column":35},"end":{"line":17,"column":39}}]},"2":{"loc":{"start":{"line":26,"column":22},"end":{"line":26,"column":43}},"type":"binary-expr","locations":[{"start":{"line":26,"column":22},"end":{"line":26,"column":35}},{"start":{"line":26,"column":39},"end":{"line":26,"column":43}}]},"3":{"loc":{"start":{"line":27,"column":20},"end":{"line":27,"column":39}},"type":"binary-expr","locations":[{"start":{"line":27,"column":20},"end":{"line":27,"column":31}},{"start":{"line":27,"column":35},"end":{"line":27,"column":39}}]},"4":{"loc":{"start":{"line":33,"column":8},"end":{"line":33,"column":34}},"type":"if","locations":[{"start":{"line":33,"column":8},"end":{"line":33,"column":34}},{"start":{},"end":{}}]},"5":{"loc":{"start":{"line":39,"column":12},"end":{"line":39,"column":36}},"type":"binary-expr","locations":[{"start":{"line":39,"column":12},"end":{"line":39,"column":28}},{"start":{"line":39,"column":32},"end":{"line":39,"column":36}}]},"6":{"loc":{"start":{"line":40,"column":12},"end":{"line":40,"column":60}},"type":"cond-expr","locations":[{"start":{"line":40,"column":29},"end":{"line":40,"column":53}},{"start":{"line":40,"column":56},"end":{"line":40,"column":60}}]},"7":{"loc":{"start":{"line":46,"column":8},"end":{"line":46,"column":34}},"type":"if","locations":[{"start":{"line":46,"column":8},"end":{"line":46,"column":34}},{"start":{},"end":{}}]},"8":{"loc":{"start":{"line":52,"column":12},"end":{"line":52,"column":36}},"type":"binary-expr","locations":[{"start":{"line":52,"column":12},"end":{"line":52,"column":28}},{"start":{"line":52,"column":32},"end":{"line":52,"column":36}}]},"9":{"loc":{"start":{"line":53,"column":12},"end":{"line":53,"column":60}},"type":"cond-expr","locations":[{"start":{"line":53,"column":29},"end":{"line":53,"column":53}},{"start":{"line":53,"column":56},"end":{"line":53,"column":60}}]},"10":{"loc":{"start":{"line":64,"column":12},"end":{"line":64,"column":36}},"type":"binary-expr","locations":[{"start":{"line":64,"column":12},"end":{"line":64,"column":28}},{"start":{"line":64,"column":32},"end":{"line":64,"column":36}}]},"11":{"loc":{"start":{"line":65,"column":12},"end":{"line":65,"column":60}},"type":"cond-expr","locations":[{"start":{"line":65,"column":29},"end":{"line":65,"column":53}},{"start":{"line":65,"column":56},"end":{"line":65,"column":60}}]}},"s":{"0":1,"1":1,"2":7,"3":7,"4":1,"5":5,"6":5,"7":0,"8":5,"9":3,"10":3,"11":1,"12":2,"13":1,"14":1,"15":2,"16":1,"17":1},"f":{"0":7,"1":1,"2":5,"3":3,"4":1,"5":2,"6":1},"b":{"0":[7,0],"1":[7,7],"2":[1,0],"3":[1,1],"4":[0,5],"5":[5,0],"6":[0,5],"7":[1,2],"8":[2,0],"9":[0,2],"10":[2,0],"11":[0,2]}}
,"C:\\Users\\GoldP\\OneDrive\\Documents\\GitHub\\pitch\\server\\src\\adapters\\persistence\\RedisShortTermAdapter.ts": {"path":"C:\\Users\\GoldP\\OneDrive\\Documents\\GitHub\\pitch\\server\\src\\adapters\\persistence\\RedisShortTermAdapter.ts","statementMap":{"0":{"start":{"line":1,"column":0},"end":{"line":1,"column":56}},"1":{"start":{"line":10,"column":8},"end":{"line":10,"column":39}},"2":{"start":{"line":14,"column":8},"end":{"line":20,"column":9}},"3":{"start":{"line":15,"column":23},"end":{"line":15,"column":31}},"4":{"start":{"line":16,"column":26},"end":{"line":16,"column":47}},"5":{"start":{"line":17,"column":12},"end":{"line":17,"column":null}},"6":{"start":{"line":19,"column":12},"end":{"line":19,"column":84}},"7":{"start":{"line":24,"column":8},"end":{"line":34,"column":9}},"8":{"start":{"line":25,"column":12},"end":{"line":28,"column":13}},"9":{"start":{"line":26,"column":27},"end":{"line":26,"column":46}},"10":{"start":{"line":27,"column":16},"end":{"line":27,"column":40}},"11":{"start":{"line":29,"column":26},"end":{"line":29,"column":47}},"12":{"start":{"line":30,"column":12},"end":{"line":30,"column":70}},"13":{"start":{"line":33,"column":12},"end":{"line":33,"column":84}},"14":{"start":{"line":38,"column":8},"end":{"line":48,"column":9}},"15":{"start":{"line":39,"column":25},"end":{"line":39,"column":55}},"16":{"start":{"line":40,"column":12},"end":{"line":42,"column":13}},"17":{"start":{"line":41,"column":16},"end":{"line":41,"column":28}},"18":{"start":{"line":44,"column":12},"end":{"line":44,"column":75}},"19":{"start":{"line":46,"column":12},"end":{"line":46,"column":77}},"20":{"start":{"line":47,"column":12},"end":{"line":47,"column":24}},"21":{"start":{"line":52,"column":8},"end":{"line":56,"column":9}},"22":{"start":{"line":53,"column":12},"end":{"line":53,"column":43}},"23":{"start":{"line":55,"column":12},"end":{"line":55,"column":78}},"24":{"start":{"line":60,"column":8},"end":{"line":75,"column":9}},"25":{"start":{"line":61,"column":25},"end":{"line":61,"column":57}},"26":{"start":{"line":63,"column":12},"end":{"line":65,"column":13}},"27":{"start":{"line":64,"column":16},"end":{"line":64,"column":26}},"28":{"start":{"line":67,"column":28},"end":{"line":67,"column":61}},"29":{"start":{"line":69,"column":12},"end":{"line":71,"column":null}},"30":{"start":{"line":70,"column":50},"end":{"line":70,"column":63}},"31":{"start":{"line":71,"column":29},"end":{"line":71,"column":58}},"32":{"start":{"line":73,"column":12},"end":{"line":73,"column":77}},"33":{"start":{"line":74,"column":12},"end":{"line":74,"column":22}},"34":{"start":{"line":6,"column":0},"end":{"line":6,"column":13}}},"fnMap":{"0":{"name":"(anonymous_1)","decl":{"start":{"line":9,"column":4},"end":{"line":9,"column":16}},"loc":{"start":{"line":9,"column":32},"end":{"line":11,"column":5}}},"1":{"name":"(anonymous_2)","decl":{"start":{"line":13,"column":4},"end":{"line":13,"column":9}},"loc":{"start":{"line":13,"column":42},"end":{"line":21,"column":5}}},"2":{"name":"(anonymous_3)","decl":{"start":{"line":23,"column":4},"end":{"line":23,"column":9}},"loc":{"start":{"line":23,"column":42},"end":{"line":35,"column":5}}},"3":{"name":"(anonymous_4)","decl":{"start":{"line":37,"column":4},"end":{"line":37,"column":9}},"loc":{"start":{"line":37,"column":37},"end":{"line":49,"column":5}}},"4":{"name":"(anonymous_5)","decl":{"start":{"line":51,"column":4},"end":{"line":51,"column":9}},"loc":{"start":{"line":51,"column":36},"end":{"line":57,"column":5}}},"5":{"name":"(anonymous_6)","decl":{"start":{"line":59,"column":4},"end":{"line":59,"column":9}},"loc":{"start":{"line":59,"column":26},"end":{"line":76,"column":5}}},"6":{"name":"(anonymous_7)","decl":{"start":{"line":70,"column":24},"end":{"line":70,"column":25}},"loc":{"start":{"line":70,"column":50},"end":{"line":70,"column":63}}},"7":{"name":"(anonymous_8)","decl":{"start":{"line":71,"column":21},"end":{"line":71,"column":25}},"loc":{"start":{"line":71,"column":29},"end":{"line":71,"column":58}}}},"branchMap":{"0":{"loc":{"start":{"line":25,"column":12},"end":{"line":28,"column":13}},"type":"if","locations":[{"start":{"line":25,"column":12},"end":{"line":28,"column":13}},{"start":{},"end":{}}]},"1":{"loc":{"start":{"line":40,"column":12},"end":{"line":42,"column":13}},"type":"if","locations":[{"start":{"line":40,"column":12},"end":{"line":42,"column":13}},{"start":{},"end":{}}]},"2":{"loc":{"start":{"line":63,"column":12},"end":{"line":65,"column":13}},"type":"if","locations":[{"start":{"line":63,"column":12},"end":{"line":65,"column":13}},{"start":{},"end":{}}]}},"s":{"0":1,"1":6,"2":2,"3":2,"4":2,"5":2,"6":1,"7":9,"8":9,"9":1,"10":1,"11":9,"12":9,"13":1,"14":4,"15":4,"16":3,"17":1,"18":2,"19":1,"20":1,"21":2,"22":2,"23":1,"24":3,"25":3,"26":2,"27":1,"28":1,"29":1,"30":2,"31":2,"32":1,"33":1,"34":1},"f":{"0":6,"1":2,"2":9,"3":4,"4":2,"5":3,"6":2,"7":2},"b":{"0":[1,8],"1":[1,2],"2":[1,1]}}
,"C:\\Users\\GoldP\\OneDrive\\Documents\\GitHub\\pitch\\server\\src\\adapters\\persistence\\MongoModels\\UserModel.ts": {"path":"C:\\Users\\GoldP\\OneDrive\\Documents\\GitHub\\pitch\\server\\src\\adapters\\persistence\\MongoModels\\UserModel.ts","statementMap":{"0":{"start":{"line":1,"column":0},"end":{"line":1,"column":54}},"1":{"start":{"line":2,"column":0},"end":{"line":2,"column":28}},"2":{"start":{"line":9,"column":27},"end":{"line":19,"column":2}},"3":{"start":{"line":21,"column":0},"end":{"line":25,"column":3}},"4":{"start":{"line":22,"column":4},"end":{"line":24,"column":5}},"5":{"start":{"line":23,"column":8},"end":{"line":23,"column":61}},"6":{"start":{"line":27,"column":0},"end":{"line":29,"column":2}},"7":{"start":{"line":28,"column":4},"end":{"line":28,"column":52}},"8":{"start":{"line":31,"column":0},"end":{"line":31,"column":65}}},"fnMap":{"0":{"name":"(anonymous_10)","decl":{"start":{"line":21,"column":23},"end":{"line":21,"column":28}},"loc":{"start":{"line":21,"column":28},"end":{"line":25,"column":1}}},"1":{"name":"(anonymous_11)","decl":{"start":{"line":27,"column":37},"end":{"line":27,"column":42}},"loc":{"start":{"line":27,"column":70},"end":{"line":29,"column":1}}}},"branchMap":{"0":{"loc":{"start":{"line":22,"column":4},"end":{"line":24,"column":5}},"type":"if","locations":[{"start":{"line":22,"column":4},"end":{"line":24,"column":5}},{"start":{},"end":{}}]}},"s":{"0":1,"1":1,"2":1,"3":1,"4":7,"5":7,"6":1,"7":0,"8":1},"f":{"0":7,"1":0},"b":{"0":[7,0]}}
,"C:\\Users\\GoldP\\OneDrive\\Documents\\GitHub\\pitch\\server\\src\\adapters\\rest\\CreateRouter.ts": {"path":"C:\\Users\\GoldP\\OneDrive\\Documents\\GitHub\\pitch\\server\\src\\adapters\\rest\\CreateRouter.ts","statementMap":{"0":{"start":{"line":5,"column":0},"end":{"line":5,"column":24}},"1":{"start":{"line":1,"column":0},"end":{"line":1,"column":33}},"2":{"start":{"line":6,"column":19},"end":{"line":6,"column":27}},"3":{"start":{"line":7,"column":4},"end":{"line":7,"column":85}},"4":{"start":{"line":7,"column":52},"end":{"line":7,"column":83}},"5":{"start":{"line":8,"column":4},"end":{"line":8,"column":83}},"6":{"start":{"line":8,"column":51},"end":{"line":8,"column":81}},"7":{"start":{"line":9,"column":4},"end":{"line":11,"column":7}},"8":{"start":{"line":10,"column":8},"end":{"line":10,"column":47}},"9":{"start":{"line":13,"column":4},"end":{"line":13,"column":89}},"10":{"start":{"line":13,"column":52},"end":{"line":13,"column":87}},"11":{"start":{"line":14,"column":4},"end":{"line":14,"column":85}},"12":{"start":{"line":14,"column":50},"end":{"line":14,"column":83}},"13":{"start":{"line":16,"column":4},"end":{"line":16,"column":18}}},"fnMap":{"0":{"name":"createRouter","decl":{"start":{"line":5,"column":24},"end":{"line":5,"column":36}},"loc":{"start":{"line":5,"column":99},"end":{"line":17,"column":1}}},"1":{"name":"(anonymous_1)","decl":{"start":{"line":7,"column":32},"end":{"line":7,"column":37}},"loc":{"start":{"line":7,"column":52},"end":{"line":7,"column":83}}},"2":{"name":"(anonymous_2)","decl":{"start":{"line":8,"column":31},"end":{"line":8,"column":36}},"loc":{"start":{"line":8,"column":51},"end":{"line":8,"column":81}}},"3":{"name":"(anonymous_3)","decl":{"start":{"line":9,"column":26},"end":{"line":9,"column":31}},"loc":{"start":{"line":9,"column":45},"end":{"line":11,"column":5}}},"4":{"name":"(anonymous_4)","decl":{"start":{"line":13,"column":32},"end":{"line":13,"column":37}},"loc":{"start":{"line":13,"column":52},"end":{"line":13,"column":87}}},"5":{"name":"(anonymous_5)","decl":{"start":{"line":14,"column":30},"end":{"line":14,"column":35}},"loc":{"start":{"line":14,"column":50},"end":{"line":14,"column":83}}}},"branchMap":{},"s":{"0":1,"1":1,"2":1,"3":1,"4":4,"5":1,"6":0,"7":1,"8":0,"9":1,"10":1,"11":1,"12":3,"13":1},"f":{"0":1,"1":4,"2":0,"3":0,"4":1,"5":3},"b":{}}
,"C:\\Users\\GoldP\\OneDrive\\Documents\\GitHub\\pitch\\server\\src\\adapters\\rest\\RoomController.ts": {"path":"C:\\Users\\GoldP\\OneDrive\\Documents\\GitHub\\pitch\\server\\src\\adapters\\rest\\RoomController.ts","statementMap":{"0":{"start":{"line":16,"column":8},"end":{"line":16,"column":39}},"1":{"start":{"line":17,"column":8},"end":{"line":17,"column":39}},"2":{"start":{"line":21,"column":25},"end":{"line":21,"column":86}},"3":{"start":{"line":22,"column":23},"end":{"line":22,"column":39}},"4":{"start":{"line":23,"column":8},"end":{"line":26,"column":9}},"5":{"start":{"line":24,"column":12},"end":{"line":24,"column":60}},"6":{"start":{"line":25,"column":12},"end":{"line":25,"column":19}},"7":{"start":{"line":27,"column":8},"end":{"line":35,"column":9}},"8":{"start":{"line":28,"column":24},"end":{"line":28,"column":49}},"9":{"start":{"line":29,"column":29},"end":{"line":29,"column":46}},"10":{"start":{"line":30,"column":12},"end":{"line":30,"column":64}},"11":{"start":{"line":31,"column":12},"end":{"line":31,"column":75}},"12":{"start":{"line":33,"column":12},"end":{"line":33,"column":55}},"13":{"start":{"line":34,"column":12},"end":{"line":34,"column":69}},"14":{"start":{"line":39,"column":25},"end":{"line":39,"column":86}},"15":{"start":{"line":40,"column":23},"end":{"line":40,"column":39}},"16":{"start":{"line":42,"column":8},"end":{"line":45,"column":9}},"17":{"start":{"line":43,"column":12},"end":{"line":43,"column":60}},"18":{"start":{"line":44,"column":12},"end":{"line":44,"column":19}},"19":{"start":{"line":47,"column":8},"end":{"line":55,"column":9}},"20":{"start":{"line":48,"column":37},"end":{"line":48,"column":96}},"21":{"start":{"line":49,"column":29},"end":{"line":49,"column":41}},"22":{"start":{"line":50,"column":12},"end":{"line":50,"column":62}},"23":{"start":{"line":51,"column":12},"end":{"line":51,"column":74}},"24":{"start":{"line":53,"column":12},"end":{"line":53,"column":31}},"25":{"start":{"line":54,"column":12},"end":{"line":54,"column":67}},"26":{"start":{"line":10,"column":0},"end":{"line":10,"column":21}}},"fnMap":{"0":{"name":"(anonymous_0)","decl":{"start":{"line":15,"column":4},"end":{"line":15,"column":17}},"loc":{"start":{"line":15,"column":68},"end":{"line":18,"column":5}}},"1":{"name":"(anonymous_1)","decl":{"start":{"line":20,"column":4},"end":{"line":20,"column":9}},"loc":{"start":{"line":20,"column":48},"end":{"line":36,"column":5}}},"2":{"name":"(anonymous_2)","decl":{"start":{"line":38,"column":4},"end":{"line":38,"column":9}},"loc":{"start":{"line":38,"column":46},"end":{"line":56,"column":5}}}},"branchMap":{"0":{"loc":{"start":{"line":21,"column":54},"end":{"line":21,"column":85}},"type":"binary-expr","locations":[{"start":{"line":21,"column":54},"end":{"line":21,"column":79}},{"start":{"line":21,"column":83},"end":{"line":21,"column":85}}]},"1":{"loc":{"start":{"line":23,"column":8},"end":{"line":26,"column":9}},"type":"if","locations":[{"start":{"line":23,"column":8},"end":{"line":26,"column":9}},{"start":{},"end":{}}]},"2":{"loc":{"start":{"line":39,"column":54},"end":{"line":39,"column":85}},"type":"binary-expr","locations":[{"start":{"line":39,"column":54},"end":{"line":39,"column":79}},{"start":{"line":39,"column":83},"end":{"line":39,"column":85}}]},"3":{"loc":{"start":{"line":42,"column":8},"end":{"line":45,"column":9}},"type":"if","locations":[{"start":{"line":42,"column":8},"end":{"line":45,"column":9}},{"start":{},"end":{}}]}},"s":{"0":7,"1":7,"2":4,"3":4,"4":4,"5":1,"6":1,"7":3,"8":3,"9":3,"10":3,"11":2,"12":1,"13":1,"14":6,"15":6,"16":6,"17":1,"18":1,"19":5,"20":5,"21":5,"22":5,"23":4,"24":1,"25":1,"26":2},"f":{"0":7,"1":4,"2":6},"b":{"0":[4,1],"1":[1,3],"2":[6,1],"3":[1,5]}}
,"C:\\Users\\GoldP\\OneDrive\\Documents\\GitHub\\pitch\\server\\src\\adapters\\rest\\UserController.ts": {"path":"C:\\Users\\GoldP\\OneDrive\\Documents\\GitHub\\pitch\\server\\src\\adapters\\rest\\UserController.ts","statementMap":{"0":{"start":{"line":4,"column":0},"end":{"line":4,"column":50}},"1":{"start":{"line":14,"column":8},"end":{"line":14,"column":39}},"2":{"start":{"line":15,"column":8},"end":{"line":15,"column":39}},"3":{"start":{"line":19,"column":18},"end":{"line":19,"column":85}},"4":{"start":{"line":20,"column":8},"end":{"line":25,"column":9}},"5":{"start":{"line":21,"column":12},"end":{"line":21,"column":76}},"6":{"start":{"line":22,"column":12},"end":{"line":22,"column":19}},"7":{"start":{"line":24,"column":12},"end":{"line":24,"column":90}},"8":{"start":{"line":29,"column":39},"end":{"line":29,"column":47}},"9":{"start":{"line":30,"column":8},"end":{"line":33,"column":9}},"10":{"start":{"line":31,"column":12},"end":{"line":31,"column":82}},"11":{"start":{"line":32,"column":12},"end":{"line":32,"column":19}},"12":{"start":{"line":34,"column":28},"end":{"line":34,"column":78}},"13":{"start":{"line":35,"column":8},"end":{"line":38,"column":9}},"14":{"start":{"line":36,"column":12},"end":{"line":36,"column":71}},"15":{"start":{"line":37,"column":12},"end":{"line":37,"column":19}},"16":{"start":{"line":39,"column":21},"end":{"line":39,"column":63}},"17":{"start":{"line":40,"column":24},"end":{"line":40,"column":63}},"18":{"start":{"line":41,"column":8},"end":{"line":44,"column":9}},"19":{"start":{"line":42,"column":12},"end":{"line":42,"column":69}},"20":{"start":{"line":43,"column":12},"end":{"line":43,"column":19}},"21":{"start":{"line":45,"column":8},"end":{"line":45,"column":98}},"22":{"start":{"line":7,"column":0},"end":{"line":7,"column":21}}},"fnMap":{"0":{"name":"(anonymous_0)","decl":{"start":{"line":13,"column":4},"end":{"line":13,"column":17}},"loc":{"start":{"line":13,"column":68},"end":{"line":16,"column":5}}},"1":{"name":"(anonymous_1)","decl":{"start":{"line":18,"column":4},"end":{"line":18,"column":9}},"loc":{"start":{"line":18,"column":43},"end":{"line":26,"column":5}}},"2":{"name":"(anonymous_2)","decl":{"start":{"line":28,"column":4},"end":{"line":28,"column":9}},"loc":{"start":{"line":28,"column":44},"end":{"line":46,"column":5}}}},"branchMap":{"0":{"loc":{"start":{"line":20,"column":8},"end":{"line":25,"column":9}},"type":"if","locations":[{"start":{"line":20,"column":8},"end":{"line":25,"column":9}},{"start":{"line":23,"column":15},"end":{"line":25,"column":9}}]},"1":{"loc":{"start":{"line":30,"column":8},"end":{"line":33,"column":9}},"type":"if","locations":[{"start":{"line":30,"column":8},"end":{"line":33,"column":9}},{"start":{},"end":{}}]},"2":{"loc":{"start":{"line":30,"column":12},"end":{"line":30,"column":34}},"type":"binary-expr","locations":[{"start":{"line":30,"column":12},"end":{"line":30,"column":21}},{"start":{"line":30,"column":25},"end":{"line":30,"column":34}}]},"3":{"loc":{"start":{"line":35,"column":8},"end":{"line":38,"column":9}},"type":"if","locations":[{"start":{"line":35,"column":8},"end":{"line":38,"column":9}},{"start":{},"end":{}}]},"4":{"loc":{"start":{"line":41,"column":8},"end":{"line":44,"column":9}},"type":"if","locations":[{"start":{"line":41,"column":8},"end":{"line":44,"column":9}},{"start":{},"end":{}}]}},"s":{"0":1,"1":1,"2":1,"3":0,"4":0,"5":0,"6":0,"7":0,"8":4,"9":4,"10":0,"11":0,"12":4,"13":4,"14":0,"15":0,"16":4,"17":4,"18":4,"19":0,"20":0,"21":4,"22":1},"f":{"0":1,"1":0,"2":4},"b":{"0":[0,0],"1":[0,4],"2":[4,4],"3":[0,4],"4":[0,4]}}
,"C:\\Users\\GoldP\\OneDrive\\Documents\\GitHub\\pitch\\server\\src\\adapters\\websockets\\WSPublisherAdapter.ts": {"path":"C:\\Users\\GoldP\\OneDrive\\Documents\\GitHub\\pitch\\server\\src\\adapters\\websockets\\WSPublisherAdapter.ts","statementMap":{"0":{"start":{"line":4,"column":0},"end":{"line":4,"column":82}},"1":{"start":{"line":11,"column":4},"end":{"line":11,"column":19}},"2":{"start":{"line":15,"column":4},"end":{"line":15,"column":83}},"3":{"start":{"line":16,"column":4},"end":{"line":16,"column":73}},"4":{"start":{"line":20,"column":4},"end":{"line":22,"column":5}},"5":{"start":{"line":20,"column":63},"end":{"line":20,"column":67}},"6":{"start":{"line":21,"column":8},"end":{"line":21,"column":106}},"7":{"start":{"line":23,"column":4},"end":{"line":23,"column":69}},"8":{"start":{"line":7,"column":0},"end":{"line":7,"column":21}}},"fnMap":{"0":{"name":"(anonymous_0)","decl":{"start":{"line":10,"column":2},"end":{"line":10,"column":15}},"loc":{"start":{"line":10,"column":26},"end":{"line":12,"column":3}}},"1":{"name":"(anonymous_1)","decl":{"start":{"line":14,"column":2},"end":{"line":14,"column":26}},"loc":{"start":{"line":14,"column":78},"end":{"line":17,"column":3}}},"2":{"name":"(anonymous_2)","decl":{"start":{"line":19,"column":2},"end":{"line":19,"column":24}},"loc":{"start":{"line":19,"column":61},"end":{"line":24,"column":3}}},"3":{"name":"(anonymous_3)","decl":{"start":{"line":20,"column":49},"end":{"line":20,"column":50}},"loc":{"start":{"line":20,"column":63},"end":{"line":20,"column":67}}}},"branchMap":{},"s":{"0":1,"1":1,"2":53,"3":53,"4":14,"5":53,"6":53,"7":14,"8":1},"f":{"0":1,"1":53,"2":14,"3":53},"b":{}}
,"C:\\Users\\GoldP\\OneDrive\\Documents\\GitHub\\pitch\\server\\src\\adapters\\websockets\\WebSocketController.ts": {"path":"C:\\Users\\GoldP\\OneDrive\\Documents\\GitHub\\pitch\\server\\src\\adapters\\websockets\\WebSocketController.ts","statementMap":{"0":{"start":{"line":4,"column":0},"end":{"line":4,"column":54}},"1":{"start":{"line":5,"column":0},"end":{"line":5,"column":64}},"2":{"start":{"line":15,"column":8},"end":{"line":15,"column":23}},"3":{"start":{"line":16,"column":8},"end":{"line":16,"column":39}},"4":{"start":{"line":17,"column":8},"end":{"line":17,"column":39}},"5":{"start":{"line":19,"column":8},"end":{"line":19,"column":70}},"6":{"start":{"line":19,"column":39},"end":{"line":19,"column":68}},"7":{"start":{"line":21,"column":8},"end":{"line":24,"column":11}},"8":{"start":{"line":22,"column":12},"end":{"line":22,"column":45}},"9":{"start":{"line":23,"column":12},"end":{"line":23,"column":48}},"10":{"start":{"line":28,"column":22},"end":{"line":28,"column":50}},"11":{"start":{"line":29,"column":8},"end":{"line":29,"column":66}},"12":{"start":{"line":31,"column":8},"end":{"line":31,"column":59}},"13":{"start":{"line":31,"column":20},"end":{"line":31,"column":59}},"14":{"start":{"line":33,"column":8},"end":{"line":39,"column":9}},"15":{"start":{"line":34,"column":28},"end":{"line":34,"column":63}},"16":{"start":{"line":35,"column":12},"end":{"line":35,"column":34}},"17":{"start":{"line":36,"column":12},"end":{"line":36,"column":19}},"18":{"start":{"line":38,"column":12},"end":{"line":38,"column":44}},"19":{"start":{"line":43,"column":8},"end":{"line":43,"column":63}},"20":{"start":{"line":43,"column":38},"end":{"line":43,"column":61}},"21":{"start":{"line":45,"column":8},"end":{"line":45,"column":85}},"22":{"start":{"line":45,"column":51},"end":{"line":45,"column":83}},"23":{"start":{"line":47,"column":8},"end":{"line":47,"column":87}},"24":{"start":{"line":47,"column":45},"end":{"line":47,"column":85}},"25":{"start":{"line":49,"column":8},"end":{"line":49,"column":88}},"26":{"start":{"line":49,"column":46},"end":{"line":49,"column":86}},"27":{"start":{"line":51,"column":8},"end":{"line":51,"column":52}},"28":{"start":{"line":55,"column":8},"end":{"line":55,"column":44}},"29":{"start":{"line":59,"column":8},"end":{"line":59,"column":42}},"30":{"start":{"line":60,"column":27},"end":{"line":60,"column":43}},"31":{"start":{"line":62,"column":8},"end":{"line":65,"column":9}},"32":{"start":{"line":63,"column":12},"end":{"line":63,"column":63}},"33":{"start":{"line":64,"column":12},"end":{"line":64,"column":19}},"34":{"start":{"line":67,"column":20},"end":{"line":67,"column":84}},"35":{"start":{"line":69,"column":8},"end":{"line":75,"column":11}},"36":{"start":{"line":70,"column":12},"end":{"line":72,"column":13}},"37":{"start":{"line":71,"column":16},"end":{"line":71,"column":67}},"38":{"start":{"line":74,"column":12},"end":{"line":74,"column":66}},"39":{"start":{"line":79,"column":8},"end":{"line":79,"column":42}},"40":{"start":{"line":80,"column":27},"end":{"line":80,"column":43}},"41":{"start":{"line":81,"column":8},"end":{"line":84,"column":9}},"42":{"start":{"line":82,"column":12},"end":{"line":82,"column":63}},"43":{"start":{"line":83,"column":12},"end":{"line":83,"column":19}},"44":{"start":{"line":85,"column":20},"end":{"line":85,"column":102}},"45":{"start":{"line":86,"column":8},"end":{"line":92,"column":11}},"46":{"start":{"line":87,"column":12},"end":{"line":89,"column":13}},"47":{"start":{"line":88,"column":16},"end":{"line":88,"column":67}},"48":{"start":{"line":91,"column":12},"end":{"line":91,"column":66}},"49":{"start":{"line":97,"column":8},"end":{"line":97,"column":68}},"50":{"start":{"line":9,"column":0},"end":{"line":9,"column":21}}},"fnMap":{"0":{"name":"(anonymous_0)","decl":{"start":{"line":14,"column":4},"end":{"line":14,"column":17}},"loc":{"start":{"line":14,"column":81},"end":{"line":25,"column":5}}},"1":{"name":"(anonymous_1)","decl":{"start":{"line":19,"column":21},"end":{"line":19,"column":22}},"loc":{"start":{"line":19,"column":39},"end":{"line":19,"column":68}}},"2":{"name":"(anonymous_2)","decl":{"start":{"line":21,"column":34},"end":{"line":21,"column":35}},"loc":{"start":{"line":21,"column":53},"end":{"line":24,"column":9}}},"3":{"name":"(anonymous_3)","decl":{"start":{"line":27,"column":4},"end":{"line":27,"column":14}},"loc":{"start":{"line":27,"column":58},"end":{"line":40,"column":5}}},"4":{"name":"(anonymous_4)","decl":{"start":{"line":42,"column":4},"end":{"line":42,"column":26}},"loc":{"start":{"line":42,"column":41},"end":{"line":52,"column":5}}},"5":{"name":"(anonymous_5)","decl":{"start":{"line":43,"column":32},"end":{"line":43,"column":35}},"loc":{"start":{"line":43,"column":38},"end":{"line":43,"column":61}}},"6":{"name":"(anonymous_6)","decl":{"start":{"line":45,"column":34},"end":{"line":45,"column":35}},"loc":{"start":{"line":45,"column":51},"end":{"line":45,"column":83}}},"7":{"name":"(anonymous_7)","decl":{"start":{"line":47,"column":35},"end":{"line":47,"column":36}},"loc":{"start":{"line":47,"column":44},"end":{"line":47,"column":85}}},"8":{"name":"(anonymous_8)","decl":{"start":{"line":49,"column":35},"end":{"line":49,"column":36}},"loc":{"start":{"line":49,"column":44},"end":{"line":49,"column":86}}},"9":{"name":"(anonymous_9)","decl":{"start":{"line":54,"column":4},"end":{"line":54,"column":14}},"loc":{"start":{"line":54,"column":29},"end":{"line":56,"column":5}}},"10":{"name":"(anonymous_10)","decl":{"start":{"line":58,"column":4},"end":{"line":58,"column":9}},"loc":{"start":{"line":58,"column":61},"end":{"line":76,"column":5}}},"11":{"name":"(anonymous_11)","decl":{"start":{"line":69,"column":50},"end":{"line":69,"column":57}},"loc":{"start":{"line":69,"column":60},"end":{"line":73,"column":9}}},"12":{"name":"(anonymous_12)","decl":{"start":{"line":73,"column":17},"end":{"line":73,"column":20}},"loc":{"start":{"line":73,"column":23},"end":{"line":75,"column":9}}},"13":{"name":"(anonymous_13)","decl":{"start":{"line":78,"column":4},"end":{"line":78,"column":9}},"loc":{"start":{"line":78,"column":61},"end":{"line":94,"column":5}}},"14":{"name":"(anonymous_14)","decl":{"start":{"line":86,"column":50},"end":{"line":86,"column":57}},"loc":{"start":{"line":86,"column":60},"end":{"line":90,"column":9}}},"15":{"name":"(anonymous_15)","decl":{"start":{"line":90,"column":17},"end":{"line":90,"column":20}},"loc":{"start":{"line":90,"column":23},"end":{"line":92,"column":9}}},"16":{"name":"(anonymous_16)","decl":{"start":{"line":96,"column":4},"end":{"line":96,"column":18}},"loc":{"start":{"line":96,"column":38},"end":{"line":98,"column":5}}}},"branchMap":{"0":{"loc":{"start":{"line":31,"column":8},"end":{"line":31,"column":59}},"type":"if","locations":[{"start":{"line":31,"column":8},"end":{"line":31,"column":59}},{"start":{},"end":{}}]},"1":{"loc":{"start":{"line":62,"column":8},"end":{"line":65,"column":9}},"type":"if","locations":[{"start":{"line":62,"column":8},"end":{"line":65,"column":9}},{"start":{},"end":{}}]},"2":{"loc":{"start":{"line":62,"column":12},"end":{"line":62,"column":68}},"type":"binary-expr","locations":[{"start":{"line":62,"column":12},"end":{"line":62,"column":30}},{"start":{"line":62,"column":34},"end":{"line":62,"column":68}}]},"3":{"loc":{"start":{"line":70,"column":12},"end":{"line":72,"column":13}},"type":"if","locations":[{"start":{"line":70,"column":12},"end":{"line":72,"column":13}},{"start":{},"end":{}}]},"4":{"loc":{"start":{"line":81,"column":8},"end":{"line":84,"column":9}},"type":"if","locations":[{"start":{"line":81,"column":8},"end":{"line":84,"column":9}},{"start":{},"end":{}}]},"5":{"loc":{"start":{"line":81,"column":12},"end":{"line":81,"column":97}},"type":"binary-expr","locations":[{"start":{"line":81,"column":12},"end":{"line":81,"column":30}},{"start":{"line":81,"column":34},"end":{"line":81,"column":63}},{"start":{"line":81,"column":67},"end":{"line":81,"column":97}}]},"6":{"loc":{"start":{"line":87,"column":12},"end":{"line":89,"column":13}},"type":"if","locations":[{"start":{"line":87,"column":12},"end":{"line":89,"column":13}},{"start":{},"end":{}}]}},"s":{"0":3,"1":3,"2":9,"3":9,"4":9,"5":9,"6":9,"7":9,"8":8,"9":8,"10":11,"11":11,"12":11,"13":0,"14":11,"15":11,"16":9,"17":9,"18":2,"19":9,"20":8,"21":9,"22":0,"23":9,"24":6,"25":9,"26":9,"27":9,"28":8,"29":8,"30":8,"31":8,"32":2,"33":2,"34":6,"35":6,"36":6,"37":0,"38":0,"39":10,"40":10,"41":10,"42":0,"43":0,"44":10,"45":10,"46":9,"47":0,"48":1,"49":0,"50":3},"f":{"0":9,"1":9,"2":8,"3":11,"4":9,"5":8,"6":0,"7":6,"8":9,"9":8,"10":8,"11":6,"12":0,"13":10,"14":9,"15":1,"16":0},"b":{"0":[0,11],"1":[2,6],"2":[8,6],"3":[0,6],"4":[0,10],"5":[10,10,10],"6":[0,9]}}
,"C:\\Users\\GoldP\\OneDrive\\Documents\\GitHub\\pitch\\server\\src\\application\\GameService.ts": {"path":"C:\\Users\\GoldP\\OneDrive\\Documents\\GitHub\\pitch\\server\\src\\application\\GameService.ts","statementMap":{"0":{"start":{"line":2,"column":0},"end":{"line":2,"column":47}},"1":{"start":{"line":11,"column":0},"end":{"line":11,"column":38}},"2":{"start":{"line":12,"column":0},"end":{"line":12,"column":38}},"3":{"start":{"line":20,"column":8},"end":{"line":20,"column":55}},"4":{"start":{"line":21,"column":8},"end":{"line":21,"column":45}},"5":{"start":{"line":22,"column":8},"end":{"line":22,"column":31}},"6":{"start":{"line":26,"column":48},"end":{"line":26,"column":54}},"7":{"start":{"line":28,"column":26},"end":{"line":28,"column":81}},"8":{"start":{"line":29,"column":8},"end":{"line":32,"column":9}},"9":{"start":{"line":30,"column":12},"end":{"line":30,"column":61}},"10":{"start":{"line":31,"column":12},"end":{"line":31,"column":25}},"11":{"start":{"line":34,"column":49},"end":{"line":34,"column":110}},"12":{"start":{"line":36,"column":8},"end":{"line":39,"column":9}},"13":{"start":{"line":37,"column":12},"end":{"line":37,"column":89}},"14":{"start":{"line":38,"column":12},"end":{"line":38,"column":25}},"15":{"start":{"line":41,"column":8},"end":{"line":41,"column":69}},"16":{"start":{"line":42,"column":8},"end":{"line":42,"column":81}},"17":{"start":{"line":43,"column":8},"end":{"line":43,"column":20}},"18":{"start":{"line":47,"column":58},"end":{"line":47,"column":73}},"19":{"start":{"line":50,"column":26},"end":{"line":50,"column":81}},"20":{"start":{"line":51,"column":8},"end":{"line":54,"column":9}},"21":{"start":{"line":52,"column":12},"end":{"line":52,"column":61}},"22":{"start":{"line":53,"column":12},"end":{"line":53,"column":25}},"23":{"start":{"line":56,"column":49},"end":{"line":56,"column":130}},"24":{"start":{"line":57,"column":8},"end":{"line":60,"column":9}},"25":{"start":{"line":58,"column":12},"end":{"line":58,"column":89}},"26":{"start":{"line":59,"column":12},"end":{"line":59,"column":25}},"27":{"start":{"line":62,"column":8},"end":{"line":62,"column":69}},"28":{"start":{"line":63,"column":8},"end":{"line":63,"column":81}},"29":{"start":{"line":64,"column":8},"end":{"line":64,"column":20}},"30":{"start":{"line":14,"column":0},"end":{"line":14,"column":13}}},"fnMap":{"0":{"name":"(anonymous_0)","decl":{"start":{"line":19,"column":4},"end":{"line":19,"column":16}},"loc":{"start":{"line":19,"column":119},"end":{"line":23,"column":5}}},"1":{"name":"(anonymous_1)","decl":{"start":{"line":25,"column":4},"end":{"line":25,"column":9}},"loc":{"start":{"line":25,"column":33},"end":{"line":44,"column":5}}},"2":{"name":"(anonymous_2)","decl":{"start":{"line":46,"column":4},"end":{"line":46,"column":9}},"loc":{"start":{"line":46,"column":47},"end":{"line":65,"column":5}}}},"branchMap":{"0":{"loc":{"start":{"line":29,"column":8},"end":{"line":32,"column":9}},"type":"if","locations":[{"start":{"line":29,"column":8},"end":{"line":32,"column":9}},{"start":{},"end":{}}]},"1":{"loc":{"start":{"line":36,"column":8},"end":{"line":39,"column":9}},"type":"if","locations":[{"start":{"line":36,"column":8},"end":{"line":39,"column":9}},{"start":{},"end":{}}]},"2":{"loc":{"start":{"line":51,"column":8},"end":{"line":54,"column":9}},"type":"if","locations":[{"start":{"line":51,"column":8},"end":{"line":54,"column":9}},{"start":{},"end":{}}]},"3":{"loc":{"start":{"line":57,"column":8},"end":{"line":60,"column":9}},"type":"if","locations":[{"start":{"line":57,"column":8},"end":{"line":60,"column":9}},{"start":{},"end":{}}]}},"s":{"0":1,"1":1,"2":1,"3":1,"4":1,"5":1,"6":4,"7":4,"8":4,"9":0,"10":0,"11":4,"12":4,"13":0,"14":0,"15":4,"16":4,"17":4,"18":8,"19":8,"20":8,"21":0,"22":0,"23":8,"24":7,"25":0,"26":0,"27":7,"28":7,"29":7,"30":1},"f":{"0":1,"1":4,"2":8},"b":{"0":[0,4],"1":[0,4],"2":[0,8],"3":[0,7]}}
,"C:\\Users\\GoldP\\OneDrive\\Documents\\GitHub\\pitch\\server\\src\\application\\PlaceBid.ts": {"path":"C:\\Users\\GoldP\\OneDrive\\Documents\\GitHub\\pitch\\server\\src\\application\\PlaceBid.ts","statementMap":{"0":{"start":{"line":3,"column":0},"end":{"line":3,"column":66}},"1":{"start":{"line":19,"column":8},"end":{"line":19,"column":111}},"2":{"start":{"line":22,"column":8},"end":{"line":25,"column":9}},"3":{"start":{"line":23,"column":12},"end":{"line":23,"column":90}},"4":{"start":{"line":24,"column":12},"end":{"line":24,"column":24}},"5":{"start":{"line":27,"column":23},"end":{"line":27,"column":69}},"6":{"start":{"line":27,"column":51},"end":{"line":27,"column":68}},"7":{"start":{"line":28,"column":8},"end":{"line":33,"column":9}},"8":{"start":{"line":29,"column":12},"end":{"line":29,"column":116}},"9":{"start":{"line":30,"column":12},"end":{"line":30,"column":92}},"10":{"start":{"line":31,"column":12},"end":{"line":31,"column":32}},"11":{"start":{"line":32,"column":12},"end":{"line":32,"column":24}},"12":{"start":{"line":42,"column":8},"end":{"line":45,"column":9}},"13":{"start":{"line":43,"column":12},"end":{"line":43,"column":114}},"14":{"start":{"line":44,"column":12},"end":{"line":44,"column":24}},"15":{"start":{"line":49,"column":8},"end":{"line":55,"column":9}},"16":{"start":{"line":50,"column":12},"end":{"line":50,"column":101}},"17":{"start":{"line":51,"column":12},"end":{"line":51,"column":73}},"18":{"start":{"line":53,"column":12},"end":{"line":53,"column":127}},"19":{"start":{"line":54,"column":12},"end":{"line":54,"column":75}},"20":{"start":{"line":58,"column":8},"end":{"line":61,"column":9}},"21":{"start":{"line":59,"column":12},"end":{"line":59,"column":102}},"22":{"start":{"line":60,"column":12},"end":{"line":60,"column":54}},"23":{"start":{"line":63,"column":8},"end":{"line":63,"column":84}},"24":{"start":{"line":64,"column":8},"end":{"line":64,"column":25}},"25":{"start":{"line":69,"column":29},"end":{"line":69,"column":62}},"26":{"start":{"line":70,"column":8},"end":{"line":70,"column":54}},"27":{"start":{"line":72,"column":8},"end":{"line":75,"column":9}},"28":{"start":{"line":73,"column":12},"end":{"line":73,"column":48}},"29":{"start":{"line":74,"column":12},"end":{"line":74,"column":52}},"30":{"start":{"line":78,"column":8},"end":{"line":78,"column":85}},"31":{"start":{"line":79,"column":8},"end":{"line":79,"column":95}},"32":{"start":{"line":84,"column":29},"end":{"line":84,"column":62}},"33":{"start":{"line":86,"column":8},"end":{"line":86,"column":37}},"34":{"start":{"line":87,"column":8},"end":{"line":87,"column":47}},"35":{"start":{"line":88,"column":8},"end":{"line":88,"column":48}},"36":{"start":{"line":91,"column":8},"end":{"line":91,"column":66}},"37":{"start":{"line":92,"column":8},"end":{"line":92,"column":90}},"38":{"start":{"line":97,"column":8},"end":{"line":97,"column":78}},"39":{"start":{"line":102,"column":34},"end":{"line":102,"column":78}},"40":{"start":{"line":103,"column":8},"end":{"line":110,"column":9}},"41":{"start":{"line":104,"column":12},"end":{"line":104,"column":24}},"42":{"start":{"line":105,"column":15},"end":{"line":110,"column":9}},"43":{"start":{"line":106,"column":12},"end":{"line":106,"column":25}},"44":{"start":{"line":108,"column":13},"end":{"line":110,"column":9}},"45":{"start":{"line":109,"column":12},"end":{"line":109,"column":24}},"46":{"start":{"line":111,"column":8},"end":{"line":111,"column":21}},"47":{"start":{"line":116,"column":24},"end":{"line":116,"column":68}},"48":{"start":{"line":119,"column":33},"end":{"line":119,"column":67}},"49":{"start":{"line":120,"column":29},"end":{"line":120,"column":70}},"50":{"start":{"line":121,"column":26},"end":{"line":121,"column":70}},"51":{"start":{"line":122,"column":8},"end":{"line":122,"column":43}},"52":{"start":{"line":127,"column":29},"end":{"line":127,"column":62}},"53":{"start":{"line":128,"column":8},"end":{"line":128,"column":null}},"54":{"start":{"line":132,"column":30},"end":{"line":132,"column":83}},"55":{"start":{"line":133,"column":8},"end":{"line":138,"column":9}},"56":{"start":{"line":134,"column":12},"end":{"line":136,"column":13}},"57":{"start":{"line":135,"column":16},"end":{"line":135,"column":61}},"58":{"start":{"line":137,"column":12},"end":{"line":137,"column":83}},"59":{"start":{"line":139,"column":8},"end":{"line":139,"column":56}},"60":{"start":{"line":144,"column":21},"end":{"line":144,"column":65}},"61":{"start":{"line":146,"column":8},"end":{"line":146,"column":92}},"62":{"start":{"line":146,"column":49},"end":{"line":146,"column":90}},"63":{"start":{"line":15,"column":0},"end":{"line":15,"column":13}}},"fnMap":{"0":{"name":"(anonymous_0)","decl":{"start":{"line":17,"column":4},"end":{"line":17,"column":10}},"loc":{"start":{"line":17,"column":79},"end":{"line":65,"column":5}}},"1":{"name":"(anonymous_1)","decl":{"start":{"line":27,"column":46},"end":{"line":27,"column":47}},"loc":{"start":{"line":27,"column":51},"end":{"line":27,"column":68}}},"2":{"name":"(anonymous_2)","decl":{"start":{"line":68,"column":4},"end":{"line":68,"column":10}},"loc":{"start":{"line":68,"column":92},"end":{"line":80,"column":5}}},"3":{"name":"(anonymous_3)","decl":{"start":{"line":83,"column":4},"end":{"line":83,"column":10}},"loc":{"start":{"line":83,"column":82},"end":{"line":93,"column":5}}},"4":{"name":"(anonymous_4)","decl":{"start":{"line":96,"column":4},"end":{"line":96,"column":10}},"loc":{"start":{"line":96,"column":67},"end":{"line":98,"column":5}}},"5":{"name":"(anonymous_5)","decl":{"start":{"line":101,"column":4},"end":{"line":101,"column":10}},"loc":{"start":{"line":101,"column":61},"end":{"line":112,"column":5}}},"6":{"name":"(anonymous_6)","decl":{"start":{"line":115,"column":4},"end":{"line":115,"column":10}},"loc":{"start":{"line":115,"column":74},"end":{"line":123,"column":5}}},"7":{"name":"(anonymous_7)","decl":{"start":{"line":126,"column":4},"end":{"line":126,"column":10}},"loc":{"start":{"line":126,"column":87},"end":{"line":140,"column":5}}},"8":{"name":"(anonymous_8)","decl":{"start":{"line":143,"column":4},"end":{"line":143,"column":10}},"loc":{"start":{"line":143,"column":49},"end":{"line":147,"column":5}}},"9":{"name":"(anonymous_9)","decl":{"start":{"line":146,"column":39},"end":{"line":146,"column":45}},"loc":{"start":{"line":146,"column":49},"end":{"line":146,"column":90}}}},"branchMap":{"0":{"loc":{"start":{"line":22,"column":8},"end":{"line":25,"column":9}},"type":"if","locations":[{"start":{"line":22,"column":8},"end":{"line":25,"column":9}},{"start":{},"end":{}}]},"1":{"loc":{"start":{"line":28,"column":8},"end":{"line":33,"column":9}},"type":"if","locations":[{"start":{"line":28,"column":8},"end":{"line":33,"column":9}},{"start":{},"end":{}}]},"2":{"loc":{"start":{"line":28,"column":12},"end":{"line":28,"column":69}},"type":"binary-expr","locations":[{"start":{"line":28,"column":12},"end":{"line":28,"column":19}},{"start":{"line":28,"column":23},"end":{"line":28,"column":69}}]},"3":{"loc":{"start":{"line":42,"column":8},"end":{"line":45,"column":9}},"type":"if","locations":[{"start":{"line":42,"column":8},"end":{"line":45,"column":9}},{"start":{},"end":{}}]},"4":{"loc":{"start":{"line":49,"column":8},"end":{"line":55,"column":9}},"type":"if","locations":[{"start":{"line":49,"column":8},"end":{"line":55,"column":9}},{"start":{"line":52,"column":15},"end":{"line":55,"column":9}}]},"5":{"loc":{"start":{"line":58,"column":8},"end":{"line":61,"column":9}},"type":"if","locations":[{"start":{"line":58,"column":8},"end":{"line":61,"column":9}},{"start":{},"end":{}}]},"6":{"loc":{"start":{"line":72,"column":8},"end":{"line":75,"column":9}},"type":"if","locations":[{"start":{"line":72,"column":8},"end":{"line":75,"column":9}},{"start":{},"end":{}}]},"7":{"loc":{"start":{"line":103,"column":8},"end":{"line":110,"column":9}},"type":"if","locations":[{"start":{"line":103,"column":8},"end":{"line":110,"column":9}},{"start":{"line":105,"column":15},"end":{"line":110,"column":9}}]},"8":{"loc":{"start":{"line":105,"column":15},"end":{"line":110,"column":9}},"type":"if","locations":[{"start":{"line":105,"column":15},"end":{"line":110,"column":9}},{"start":{"line":108,"column":13},"end":{"line":110,"column":9}}]},"9":{"loc":{"start":{"line":105,"column":19},"end":{"line":105,"column":65}},"type":"binary-expr","locations":[{"start":{"line":105,"column":19},"end":{"line":105,"column":43}},{"start":{"line":105,"column":47},"end":{"line":105,"column":65}}]},"10":{"loc":{"start":{"line":108,"column":13},"end":{"line":110,"column":9}},"type":"if","locations":[{"start":{"line":108,"column":13},"end":{"line":110,"column":9}},{"start":{},"end":{}}]},"11":{"loc":{"start":{"line":108,"column":17},"end":{"line":108,"column":83}},"type":"binary-expr","locations":[{"start":{"line":108,"column":17},"end":{"line":108,"column":46}},{"start":{"line":108,"column":50},"end":{"line":108,"column":64}},{"start":{"line":108,"column":68},"end":{"line":108,"column":83}}]},"12":{"loc":{"start":{"line":134,"column":12},"end":{"line":136,"column":13}},"type":"if","locations":[{"start":{"line":134,"column":12},"end":{"line":136,"column":13}},{"start":{},"end":{}}]}},"s":{"0":3,"1":17,"2":17,"3":1,"4":1,"5":16,"6":34,"7":16,"8":1,"9":1,"10":1,"11":1,"12":15,"13":1,"14":1,"15":14,"16":1,"17":1,"18":13,"19":13,"20":14,"21":4,"22":4,"23":14,"24":14,"25":13,"26":13,"27":13,"28":10,"29":10,"30":13,"31":13,"32":1,"33":1,"34":1,"35":1,"36":1,"37":1,"38":16,"39":15,"40":15,"41":3,"42":12,"43":0,"44":12,"45":11,"46":1,"47":17,"48":17,"49":17,"50":17,"51":17,"52":1,"53":1,"54":1,"55":1,"56":3,"57":3,"58":3,"59":1,"60":14,"61":14,"62":45,"63":3},"f":{"0":17,"1":34,"2":13,"3":1,"4":16,"5":15,"6":17,"7":1,"8":14,"9":45},"b":{"0":[1,16],"1":[1,15],"2":[16,16],"3":[1,14],"4":[1,13],"5":[4,10],"6":[10,3],"7":[3,12],"8":[0,12],"9":[12,0],"10":[11,1],"11":[12,12,11],"12":[3,0]}}
,"C:\\Users\\GoldP\\OneDrive\\Documents\\GitHub\\pitch\\server\\src\\application\\PlayCard.ts": {"path":"C:\\Users\\GoldP\\OneDrive\\Documents\\GitHub\\pitch\\server\\src\\application\\PlayCard.ts","statementMap":{"0":{"start":{"line":1,"column":0},"end":{"line":1,"column":28}},"1":{"start":{"line":2,"column":0},"end":{"line":2,"column":47}},"2":{"start":{"line":5,"column":0},"end":{"line":5,"column":44}},"3":{"start":{"line":6,"column":0},"end":{"line":6,"column":46}},"4":{"start":{"line":8,"column":0},"end":{"line":8,"column":49}},"5":{"start":{"line":9,"column":0},"end":{"line":9,"column":57}},"6":{"start":{"line":10,"column":0},"end":{"line":10,"column":66}},"7":{"start":{"line":32,"column":8},"end":{"line":32,"column":123}},"8":{"start":{"line":36,"column":8},"end":{"line":39,"column":9}},"9":{"start":{"line":37,"column":12},"end":{"line":37,"column":91}},"10":{"start":{"line":38,"column":12},"end":{"line":38,"column":24}},"11":{"start":{"line":41,"column":23},"end":{"line":41,"column":69}},"12":{"start":{"line":41,"column":51},"end":{"line":41,"column":68}},"13":{"start":{"line":42,"column":8},"end":{"line":47,"column":9}},"14":{"start":{"line":43,"column":12},"end":{"line":43,"column":117}},"15":{"start":{"line":44,"column":12},"end":{"line":44,"column":80}},"16":{"start":{"line":45,"column":12},"end":{"line":45,"column":32}},"17":{"start":{"line":46,"column":12},"end":{"line":46,"column":24}},"18":{"start":{"line":50,"column":8},"end":{"line":63,"column":9}},"19":{"start":{"line":51,"column":12},"end":{"line":51,"column":90}},"20":{"start":{"line":52,"column":12},"end":{"line":52,"column":71}},"21":{"start":{"line":55,"column":12},"end":{"line":58,"column":13}},"22":{"start":{"line":56,"column":16},"end":{"line":56,"column":113}},"23":{"start":{"line":57,"column":16},"end":{"line":57,"column":28}},"24":{"start":{"line":61,"column":12},"end":{"line":61,"column":66}},"25":{"start":{"line":62,"column":12},"end":{"line":62,"column":75}},"26":{"start":{"line":66,"column":8},"end":{"line":69,"column":9}},"27":{"start":{"line":67,"column":12},"end":{"line":67,"column":77}},"28":{"start":{"line":68,"column":12},"end":{"line":68,"column":42}},"29":{"start":{"line":73,"column":8},"end":{"line":76,"column":9}},"30":{"start":{"line":74,"column":12},"end":{"line":74,"column":53}},"31":{"start":{"line":75,"column":12},"end":{"line":75,"column":46}},"32":{"start":{"line":79,"column":8},"end":{"line":81,"column":9}},"33":{"start":{"line":80,"column":12},"end":{"line":80,"column":75}},"34":{"start":{"line":82,"column":8},"end":{"line":82,"column":89}},"35":{"start":{"line":83,"column":8},"end":{"line":83,"column":25}},"36":{"start":{"line":89,"column":21},"end":{"line":89,"column":30}},"37":{"start":{"line":90,"column":22},"end":{"line":90,"column":32}},"38":{"start":{"line":91,"column":4},"end":{"line":91,"column":71}},"39":{"start":{"line":92,"column":4},"end":{"line":92,"column":111}},"40":{"start":{"line":93,"column":4},"end":{"line":93,"column":156}},"41":{"start":{"line":94,"column":4},"end":{"line":94,"column":81}},"42":{"start":{"line":99,"column":4},"end":{"line":99,"column":82}},"43":{"start":{"line":100,"column":4},"end":{"line":100,"column":73}},"44":{"start":{"line":101,"column":4},"end":{"line":101,"column":156}},"45":{"start":{"line":106,"column":25},"end":{"line":106,"column":73}},"46":{"start":{"line":106,"column":48},"end":{"line":106,"column":72}},"47":{"start":{"line":107,"column":22},"end":{"line":107,"column":57}},"48":{"start":{"line":108,"column":4},"end":{"line":108,"column":87}},"49":{"start":{"line":113,"column":4},"end":{"line":113,"column":62}},"50":{"start":{"line":118,"column":17},"end":{"line":118,"column":28}},"51":{"start":{"line":119,"column":4},"end":{"line":119,"column":30}},"52":{"start":{"line":124,"column":4},"end":{"line":124,"column":63}},"53":{"start":{"line":130,"column":24},"end":{"line":130,"column":62}},"54":{"start":{"line":131,"column":36},"end":{"line":131,"column":79}},"55":{"start":{"line":132,"column":4},"end":{"line":136,"column":5}},"56":{"start":{"line":133,"column":8},"end":{"line":135,"column":9}},"57":{"start":{"line":134,"column":12},"end":{"line":134,"column":51}},"58":{"start":{"line":137,"column":4},"end":{"line":137,"column":27}},"59":{"start":{"line":142,"column":4},"end":{"line":158,"column":5}},"60":{"start":{"line":143,"column":8},"end":{"line":143,"column":20}},"61":{"start":{"line":144,"column":11},"end":{"line":158,"column":5}},"62":{"start":{"line":145,"column":8},"end":{"line":145,"column":21}},"63":{"start":{"line":146,"column":11},"end":{"line":158,"column":5}},"64":{"start":{"line":147,"column":8},"end":{"line":147,"column":20}},"65":{"start":{"line":148,"column":11},"end":{"line":158,"column":5}},"66":{"start":{"line":149,"column":8},"end":{"line":149,"column":21}},"67":{"start":{"line":150,"column":11},"end":{"line":158,"column":5}},"68":{"start":{"line":151,"column":8},"end":{"line":151,"column":42}},"69":{"start":{"line":152,"column":11},"end":{"line":158,"column":5}},"70":{"start":{"line":153,"column":8},"end":{"line":153,"column":42}},"71":{"start":{"line":154,"column":11},"end":{"line":158,"column":5}},"72":{"start":{"line":155,"column":8},"end":{"line":155,"column":40}},"73":{"start":{"line":156,"column":11},"end":{"line":158,"column":5}},"74":{"start":{"line":157,"column":8},"end":{"line":157,"column":41}},"75":{"start":{"line":159,"column":4},"end":{"line":159,"column":156}},"76":{"start":{"line":161,"column":4},"end":{"line":161,"column":16}},"77":{"start":{"line":165,"column":4},"end":{"line":165,"column":55}},"78":{"start":{"line":170,"column":28},"end":{"line":170,"column":63}},"79":{"start":{"line":171,"column":4},"end":{"line":171,"column":155}},"80":{"start":{"line":177,"column":28},"end":{"line":177,"column":63}},"81":{"start":{"line":178,"column":4},"end":{"line":182,"column":5}},"82":{"start":{"line":178,"column":41},"end":{"line":178,"column":65}},"83":{"start":{"line":179,"column":8},"end":{"line":179,"column":173}},"84":{"start":{"line":179,"column":112},"end":{"line":179,"column":168}},"85":{"start":{"line":181,"column":8},"end":{"line":181,"column":173}},"86":{"start":{"line":181,"column":112},"end":{"line":181,"column":168}},"87":{"start":{"line":183,"column":4},"end":{"line":183,"column":128}},"88":{"start":{"line":188,"column":4},"end":{"line":188,"column":77}},"89":{"start":{"line":188,"column":40},"end":{"line":188,"column":75}},"90":{"start":{"line":192,"column":4},"end":{"line":206,"column":5}},"91":{"start":{"line":192,"column":41},"end":{"line":192,"column":79}},"92":{"start":{"line":193,"column":8},"end":{"line":197,"column":9}},"93":{"start":{"line":194,"column":12},"end":{"line":194,"column":72}},"94":{"start":{"line":196,"column":12},"end":{"line":196,"column":68}},"95":{"start":{"line":198,"column":8},"end":{"line":198,"column":68}},"96":{"start":{"line":200,"column":8},"end":{"line":204,"column":9}},"97":{"start":{"line":201,"column":12},"end":{"line":201,"column":72}},"98":{"start":{"line":203,"column":12},"end":{"line":203,"column":68}},"99":{"start":{"line":205,"column":8},"end":{"line":205,"column":68}},"100":{"start":{"line":211,"column":28},"end":{"line":211,"column":132}},"101":{"start":{"line":211,"column":62},"end":{"line":211,"column":99}},"102":{"start":{"line":212,"column":25},"end":{"line":212,"column":62}},"103":{"start":{"line":213,"column":4},"end":{"line":213,"column":142}},"104":{"start":{"line":214,"column":4},"end":{"line":214,"column":46}},"105":{"start":{"line":219,"column":4},"end":{"line":219,"column":72}},"106":{"start":{"line":12,"column":0},"end":{"line":12,"column":13}},"107":{"start":{"line":13,"column":11},"end":{"line":28,"column":6}}},"fnMap":{"0":{"name":"(anonymous_1)","decl":{"start":{"line":30,"column":4},"end":{"line":30,"column":10}},"loc":{"start":{"line":30,"column":72},"end":{"line":84,"column":5}}},"1":{"name":"(anonymous_2)","decl":{"start":{"line":41,"column":46},"end":{"line":41,"column":47}},"loc":{"start":{"line":41,"column":51},"end":{"line":41,"column":68}}},"2":{"name":"(anonymous_3)","decl":{"start":{"line":88,"column":0},"end":{"line":88,"column":6}},"loc":{"start":{"line":88,"column":84},"end":{"line":95,"column":1}}},"3":{"name":"(anonymous_4)","decl":{"start":{"line":98,"column":0},"end":{"line":98,"column":6}},"loc":{"start":{"line":98,"column":74},"end":{"line":102,"column":1}}},"4":{"name":"(anonymous_5)","decl":{"start":{"line":105,"column":0},"end":{"line":105,"column":6}},"loc":{"start":{"line":105,"column":91},"end":{"line":109,"column":1}}},"5":{"name":"(anonymous_6)","decl":{"start":{"line":106,"column":43},"end":{"line":106,"column":44}},"loc":{"start":{"line":106,"column":48},"end":{"line":106,"column":72}}},"6":{"name":"(anonymous_7)","decl":{"start":{"line":112,"column":0},"end":{"line":112,"column":6}},"loc":{"start":{"line":112,"column":61},"end":{"line":114,"column":1}}},"7":{"name":"(anonymous_8)","decl":{"start":{"line":117,"column":0},"end":{"line":117,"column":6}},"loc":{"start":{"line":117,"column":52},"end":{"line":120,"column":1}}},"8":{"name":"(anonymous_9)","decl":{"start":{"line":123,"column":0},"end":{"line":123,"column":6}},"loc":{"start":{"line":123,"column":56},"end":{"line":125,"column":1}}},"9":{"name":"(anonymous_10)","decl":{"start":{"line":129,"column":0},"end":{"line":129,"column":6}},"loc":{"start":{"line":129,"column":43},"end":{"line":138,"column":1}}},"10":{"name":"(anonymous_11)","decl":{"start":{"line":140,"column":0},"end":{"line":140,"column":6}},"loc":{"start":{"line":140,"column":61},"end":{"line":162,"column":1}}},"11":{"name":"(anonymous_12)","decl":{"start":{"line":164,"column":0},"end":{"line":164,"column":6}},"loc":{"start":{"line":164,"column":31},"end":{"line":166,"column":1}}},"12":{"name":"(anonymous_13)","decl":{"start":{"line":169,"column":0},"end":{"line":169,"column":6}},"loc":{"start":{"line":169,"column":37},"end":{"line":172,"column":1}}},"13":{"name":"(anonymous_14)","decl":{"start":{"line":176,"column":0},"end":{"line":176,"column":6}},"loc":{"start":{"line":176,"column":58},"end":{"line":184,"column":1}}},"14":{"name":"(anonymous_15)","decl":{"start":{"line":178,"column":36},"end":{"line":178,"column":37}},"loc":{"start":{"line":178,"column":41},"end":{"line":178,"column":65}}},"15":{"name":"(anonymous_16)","decl":{"start":{"line":179,"column":97},"end":{"line":179,"column":98}},"loc":{"start":{"line":179,"column":112},"end":{"line":179,"column":168}}},"16":{"name":"(anonymous_17)","decl":{"start":{"line":181,"column":97},"end":{"line":181,"column":98}},"loc":{"start":{"line":181,"column":112},"end":{"line":181,"column":168}}},"17":{"name":"(anonymous_18)","decl":{"start":{"line":187,"column":0},"end":{"line":187,"column":6}},"loc":{"start":{"line":187,"column":43},"end":{"line":189,"column":1}}},"18":{"name":"(anonymous_19)","decl":{"start":{"line":188,"column":35},"end":{"line":188,"column":36}},"loc":{"start":{"line":188,"column":40},"end":{"line":188,"column":75}}},"19":{"name":"(anonymous_20)","decl":{"start":{"line":191,"column":0},"end":{"line":191,"column":6}},"loc":{"start":{"line":191,"column":48},"end":{"line":207,"column":1}}},"20":{"name":"(anonymous_21)","decl":{"start":{"line":192,"column":36},"end":{"line":192,"column":37}},"loc":{"start":{"line":192,"column":41},"end":{"line":192,"column":79}}},"21":{"name":"(anonymous_22)","decl":{"start":{"line":210,"column":0},"end":{"line":210,"column":6}},"loc":{"start":{"line":210,"column":41},"end":{"line":215,"column":1}}},"22":{"name":"(anonymous_23)","decl":{"start":{"line":211,"column":57},"end":{"line":211,"column":58}},"loc":{"start":{"line":211,"column":62},"end":{"line":211,"column":99}}},"23":{"name":"(anonymous_24)","decl":{"start":{"line":218,"column":0},"end":{"line":218,"column":6}},"loc":{"start":{"line":218,"column":38},"end":{"line":220,"column":1}}}},"branchMap":{"0":{"loc":{"start":{"line":36,"column":8},"end":{"line":39,"column":9}},"type":"if","locations":[{"start":{"line":36,"column":8},"end":{"line":39,"column":9}},{"start":{},"end":{}}]},"1":{"loc":{"start":{"line":42,"column":8},"end":{"line":47,"column":9}},"type":"if","locations":[{"start":{"line":42,"column":8},"end":{"line":47,"column":9}},{"start":{},"end":{}}]},"2":{"loc":{"start":{"line":42,"column":12},"end":{"line":42,"column":66}},"type":"binary-expr","locations":[{"start":{"line":42,"column":12},"end":{"line":42,"column":19}},{"start":{"line":42,"column":23},"end":{"line":42,"column":66}}]},"3":{"loc":{"start":{"line":50,"column":8},"end":{"line":63,"column":9}},"type":"if","locations":[{"start":{"line":50,"column":8},"end":{"line":63,"column":9}},{"start":{"line":53,"column":15},"end":{"line":63,"column":9}}]},"4":{"loc":{"start":{"line":55,"column":12},"end":{"line":58,"column":13}},"type":"if","locations":[{"start":{"line":55,"column":12},"end":{"line":58,"column":13}},{"start":{},"end":{}}]},"5":{"loc":{"start":{"line":66,"column":8},"end":{"line":69,"column":9}},"type":"if","locations":[{"start":{"line":66,"column":8},"end":{"line":69,"column":9}},{"start":{},"end":{}}]},"6":{"loc":{"start":{"line":73,"column":8},"end":{"line":76,"column":9}},"type":"if","locations":[{"start":{"line":73,"column":8},"end":{"line":76,"column":9}},{"start":{},"end":{}}]},"7":{"loc":{"start":{"line":79,"column":8},"end":{"line":81,"column":9}},"type":"if","locations":[{"start":{"line":79,"column":8},"end":{"line":81,"column":9}},{"start":{},"end":{}}]},"8":{"loc":{"start":{"line":133,"column":8},"end":{"line":135,"column":9}},"type":"if","locations":[{"start":{"line":133,"column":8},"end":{"line":135,"column":9}},{"start":{},"end":{}}]},"9":{"loc":{"start":{"line":142,"column":4},"end":{"line":158,"column":5}},"type":"if","locations":[{"start":{"line":142,"column":4},"end":{"line":158,"column":5}},{"start":{"line":144,"column":11},"end":{"line":158,"column":5}}]},"10":{"loc":{"start":{"line":144,"column":11},"end":{"line":158,"column":5}},"type":"if","locations":[{"start":{"line":144,"column":11},"end":{"line":158,"column":5}},{"start":{"line":146,"column":11},"end":{"line":158,"column":5}}]},"11":{"loc":{"start":{"line":146,"column":11},"end":{"line":158,"column":5}},"type":"if","locations":[{"start":{"line":146,"column":11},"end":{"line":158,"column":5}},{"start":{"line":148,"column":11},"end":{"line":158,"column":5}}]},"12":{"loc":{"start":{"line":148,"column":11},"end":{"line":158,"column":5}},"type":"if","locations":[{"start":{"line":148,"column":11},"end":{"line":158,"column":5}},{"start":{"line":150,"column":11},"end":{"line":158,"column":5}}]},"13":{"loc":{"start":{"line":150,"column":11},"end":{"line":158,"column":5}},"type":"if","locations":[{"start":{"line":150,"column":11},"end":{"line":158,"column":5}},{"start":{"line":152,"column":11},"end":{"line":158,"column":5}}]},"14":{"loc":{"start":{"line":152,"column":11},"end":{"line":158,"column":5}},"type":"if","locations":[{"start":{"line":152,"column":11},"end":{"line":158,"column":5}},{"start":{"line":154,"column":11},"end":{"line":158,"column":5}}]},"15":{"loc":{"start":{"line":152,"column":15},"end":{"line":152,"column":67}},"type":"binary-expr","locations":[{"start":{"line":152,"column":15},"end":{"line":152,"column":39}},{"start":{"line":152,"column":43},"end":{"line":152,"column":67}}]},"16":{"loc":{"start":{"line":154,"column":11},"end":{"line":158,"column":5}},"type":"if","locations":[{"start":{"line":154,"column":11},"end":{"line":158,"column":5}},{"start":{"line":156,"column":11},"end":{"line":158,"column":5}}]},"17":{"loc":{"start":{"line":156,"column":11},"end":{"line":158,"column":5}},"type":"if","locations":[{"start":{"line":156,"column":11},"end":{"line":158,"column":5}},{"start":{},"end":{}}]},"18":{"loc":{"start":{"line":178,"column":4},"end":{"line":182,"column":5}},"type":"if","locations":[{"start":{"line":178,"column":4},"end":{"line":182,"column":5}},{"start":{"line":180,"column":11},"end":{"line":182,"column":5}}]},"19":{"loc":{"start":{"line":179,"column":119},"end":{"line":179,"column":167}},"type":"binary-expr","locations":[{"start":{"line":179,"column":119},"end":{"line":179,"column":162}},{"start":{"line":179,"column":166},"end":{"line":179,"column":167}}]},"20":{"loc":{"start":{"line":181,"column":119},"end":{"line":181,"column":167}},"type":"binary-expr","locations":[{"start":{"line":181,"column":119},"end":{"line":181,"column":162}},{"start":{"line":181,"column":166},"end":{"line":181,"column":167}}]},"21":{"loc":{"start":{"line":183,"column":11},"end":{"line":183,"column":93}},"type":"binary-expr","locations":[{"start":{"line":183,"column":11},"end":{"line":183,"column":50}},{"start":{"line":183,"column":54},"end":{"line":183,"column":93}}]},"22":{"loc":{"start":{"line":192,"column":4},"end":{"line":206,"column":5}},"type":"if","locations":[{"start":{"line":192,"column":4},"end":{"line":206,"column":5}},{"start":{"line":199,"column":11},"end":{"line":206,"column":5}}]},"23":{"loc":{"start":{"line":193,"column":8},"end":{"line":197,"column":9}},"type":"if","locations":[{"start":{"line":193,"column":8},"end":{"line":197,"column":9}},{"start":{"line":195,"column":15},"end":{"line":197,"column":9}}]},"24":{"loc":{"start":{"line":200,"column":8},"end":{"line":204,"column":9}},"type":"if","locations":[{"start":{"line":200,"column":8},"end":{"line":204,"column":9}},{"start":{"line":202,"column":15},"end":{"line":204,"column":9}}]},"25":{"loc":{"start":{"line":219,"column":11},"end":{"line":219,"column":71}},"type":"binary-expr","locations":[{"start":{"line":219,"column":11},"end":{"line":219,"column":39}},{"start":{"line":219,"column":43},"end":{"line":219,"column":71}}]}},"s":{"0":3,"1":3,"2":3,"3":3,"4":3,"5":3,"6":3,"7":25,"8":25,"9":1,"10":1,"11":24,"12":58,"13":24,"14":2,"15":2,"16":2,"17":2,"18":22,"19":1,"20":1,"21":21,"22":1,"23":1,"24":20,"25":20,"26":21,"27":5,"28":4,"29":20,"30":1,"31":1,"32":20,"33":1,"34":20,"35":20,"36":20,"37":20,"38":20,"39":20,"40":20,"41":20,"42":1,"43":1,"44":1,"45":23,"46":56,"47":23,"48":23,"49":25,"50":21,"51":21,"52":57,"53":12,"54":12,"55":12,"56":47,"57":18,"58":11,"59":55,"60":1,"61":54,"62":1,"63":53,"64":9,"65":44,"66":16,"67":28,"68":2,"69":26,"70":21,"71":5,"72":1,"73":3,"74":3,"75":0,"76":0,"77":23,"78":4,"79":4,"80":6,"81":5,"82":8,"83":2,"84":8,"85":3,"86":12,"87":5,"88":22,"89":35,"90":5,"91":7,"92":3,"93":2,"94":1,"95":3,"96":2,"97":1,"98":1,"99":2,"100":2,"101":2,"102":2,"103":2,"104":2,"105":22,"106":3,"107":3},"f":{"0":25,"1":58,"2":20,"3":1,"4":23,"5":56,"6":25,"7":21,"8":57,"9":12,"10":55,"11":23,"12":4,"13":6,"14":8,"15":8,"16":12,"17":22,"18":35,"19":5,"20":7,"21":2,"22":2,"23":22},"b":{"0":[1,24],"1":[2,22],"2":[24,23],"3":[1,21],"4":[1,20],"5":[5,16],"6":[1,19],"7":[1,19],"8":[18,28],"9":[1,54],"10":[1,53],"11":[9,44],"12":[16,28],"13":[2,26],"14":[21,5],"15":[26,22],"16":[1,3],"17":[3,0],"18":[2,3],"19":[8,4],"20":[12,2],"21":[5,5],"22":[3,2],"23":[2,1],"24":[1,1],"25":[22,20]}}
,"C:\\Users\\GoldP\\OneDrive\\Documents\\GitHub\\pitch\\server\\src\\application\\RoomService.ts": {"path":"C:\\Users\\GoldP\\OneDrive\\Documents\\GitHub\\pitch\\server\\src\\application\\RoomService.ts","statementMap":{"0":{"start":{"line":1,"column":0},"end":{"line":1,"column":63}},"1":{"start":{"line":2,"column":0},"end":{"line":2,"column":47}},"2":{"start":{"line":3,"column":0},"end":{"line":3,"column":53}},"3":{"start":{"line":4,"column":0},"end":{"line":4,"column":47}},"4":{"start":{"line":5,"column":0},"end":{"line":5,"column":57}},"5":{"start":{"line":6,"column":0},"end":{"line":6,"column":51}},"6":{"start":{"line":7,"column":0},"end":{"line":7,"column":49}},"7":{"start":{"line":8,"column":0},"end":{"line":8,"column":66}},"8":{"start":{"line":9,"column":0},"end":{"line":9,"column":44}},"9":{"start":{"line":24,"column":8},"end":{"line":24,"column":49}},"10":{"start":{"line":25,"column":8},"end":{"line":25,"column":45}},"11":{"start":{"line":26,"column":8},"end":{"line":26,"column":35}},"12":{"start":{"line":31,"column":8},"end":{"line":31,"column":86}},"13":{"start":{"line":32,"column":25},"end":{"line":32,"column":89}},"14":{"start":{"line":33,"column":8},"end":{"line":35,"column":9}},"15":{"start":{"line":34,"column":12},"end":{"line":34,"column":46}},"16":{"start":{"line":36,"column":24},"end":{"line":48,"column":14}},"17":{"start":{"line":49,"column":8},"end":{"line":49,"column":61}},"18":{"start":{"line":50,"column":21},"end":{"line":50,"column":73}},"19":{"start":{"line":51,"column":8},"end":{"line":53,"column":9}},"20":{"start":{"line":52,"column":12},"end":{"line":52,"column":46}},"21":{"start":{"line":54,"column":8},"end":{"line":54,"column":51}},"22":{"start":{"line":58,"column":8},"end":{"line":58,"column":null}},"23":{"start":{"line":59,"column":22},"end":{"line":59,"column":86}},"24":{"start":{"line":60,"column":8},"end":{"line":63,"column":9}},"25":{"start":{"line":61,"column":12},"end":{"line":61,"column":72}},"26":{"start":{"line":62,"column":12},"end":{"line":62,"column":46}},"27":{"start":{"line":64,"column":8},"end":{"line":91,"column":9}},"28":{"start":{"line":64,"column":64},"end":{"line":64,"column":79}},"29":{"start":{"line":65,"column":12},"end":{"line":65,"column":44}},"30":{"start":{"line":67,"column":29},"end":{"line":67,"column":93}},"31":{"start":{"line":68,"column":12},"end":{"line":70,"column":13}},"32":{"start":{"line":69,"column":16},"end":{"line":69,"column":50}},"33":{"start":{"line":71,"column":30},"end":{"line":71,"column":129}},"34":{"start":{"line":72,"column":12},"end":{"line":88,"column":13}},"35":{"start":{"line":72,"column":40},"end":{"line":72,"column":55}},"36":{"start":{"line":73,"column":20},"end":{"line":73,"column":49}},"37":{"start":{"line":75,"column":20},"end":{"line":75,"column":70}},"38":{"start":{"line":78,"column":16},"end":{"line":87,"column":17}},"39":{"start":{"line":79,"column":20},"end":{"line":79,"column":111}},"40":{"start":{"line":80,"column":20},"end":{"line":80,"column":62}},"41":{"start":{"line":81,"column":20},"end":{"line":81,"column":49}},"42":{"start":{"line":82,"column":20},"end":{"line":82,"column":59}},"43":{"start":{"line":83,"column":20},"end":{"line":83,"column":51}},"44":{"start":{"line":84,"column":20},"end":{"line":84,"column":52}},"45":{"start":{"line":85,"column":20},"end":{"line":85,"column":70}},"46":{"start":{"line":86,"column":20},"end":{"line":86,"column":52}},"47":{"start":{"line":90,"column":12},"end":{"line":90,"column":65}},"48":{"start":{"line":95,"column":21},"end":{"line":95,"column":42}},"49":{"start":{"line":96,"column":8},"end":{"line":100,"column":9}},"50":{"start":{"line":97,"column":12},"end":{"line":99,"column":13}},"51":{"start":{"line":97,"column":25},"end":{"line":97,"column":26}},"52":{"start":{"line":98,"column":16},"end":{"line":98,"column":59}},"53":{"start":{"line":102,"column":8},"end":{"line":102,"column":51}},"54":{"start":{"line":104,"column":8},"end":{"line":104,"column":58}},"55":{"start":{"line":17,"column":0},"end":{"line":17,"column":13}}},"fnMap":{"0":{"name":"(anonymous_1)","decl":{"start":{"line":23,"column":4},"end":{"line":23,"column":16}},"loc":{"start":{"line":23,"column":118},"end":{"line":27,"column":5}}},"1":{"name":"(anonymous_2)","decl":{"start":{"line":29,"column":4},"end":{"line":29,"column":9}},"loc":{"start":{"line":29,"column":53},"end":{"line":55,"column":5}}},"2":{"name":"(anonymous_3)","decl":{"start":{"line":57,"column":4},"end":{"line":57,"column":9}},"loc":{"start":{"line":57,"column":51},"end":{"line":92,"column":5}}},"3":{"name":"(anonymous_4)","decl":{"start":{"line":64,"column":59},"end":{"line":64,"column":60}},"loc":{"start":{"line":64,"column":64},"end":{"line":64,"column":79}}},"4":{"name":"(anonymous_5)","decl":{"start":{"line":72,"column":35},"end":{"line":72,"column":36}},"loc":{"start":{"line":72,"column":40},"end":{"line":72,"column":55}}},"5":{"name":"(anonymous_6)","decl":{"start":{"line":94,"column":4},"end":{"line":94,"column":9}},"loc":{"start":{"line":94,"column":40},"end":{"line":105,"column":5}}}},"branchMap":{"0":{"loc":{"start":{"line":33,"column":8},"end":{"line":35,"column":9}},"type":"if","locations":[{"start":{"line":33,"column":8},"end":{"line":35,"column":9}},{"start":{},"end":{}}]},"1":{"loc":{"start":{"line":51,"column":8},"end":{"line":53,"column":9}},"type":"if","locations":[{"start":{"line":51,"column":8},"end":{"line":53,"column":9}},{"start":{},"end":{}}]},"2":{"loc":{"start":{"line":60,"column":8},"end":{"line":63,"column":9}},"type":"if","locations":[{"start":{"line":60,"column":8},"end":{"line":63,"column":9}},{"start":{},"end":{}}]},"3":{"loc":{"start":{"line":64,"column":8},"end":{"line":91,"column":9}},"type":"if","locations":[{"start":{"line":64,"column":8},"end":{"line":91,"column":9}},{"start":{"line":66,"column":15},"end":{"line":91,"column":9}}]},"4":{"loc":{"start":{"line":64,"column":12},"end":{"line":64,"column":80}},"type":"binary-expr","locations":[{"start":{"line":64,"column":12},"end":{"line":64,"column":36}},{"start":{"line":64,"column":40},"end":{"line":64,"column":80}}]},"5":{"loc":{"start":{"line":68,"column":12},"end":{"line":70,"column":13}},"type":"if","locations":[{"start":{"line":68,"column":12},"end":{"line":70,"column":13}},{"start":{},"end":{}}]},"6":{"loc":{"start":{"line":72,"column":12},"end":{"line":88,"column":13}},"type":"if","locations":[{"start":{"line":72,"column":12},"end":{"line":88,"column":13}},{"start":{},"end":{}}]},"7":{"loc":{"start":{"line":78,"column":16},"end":{"line":87,"column":17}},"type":"if","locations":[{"start":{"line":78,"column":16},"end":{"line":87,"column":17}},{"start":{},"end":{}}]}},"s":{"0":2,"1":2,"2":2,"3":2,"4":2,"5":2,"6":2,"7":2,"8":2,"9":6,"10":6,"11":6,"12":3,"13":3,"14":3,"15":1,"16":2,"17":2,"18":2,"19":2,"20":0,"21":2,"22":5,"23":5,"24":5,"25":0,"26":0,"27":5,"28":4,"29":1,"30":4,"31":4,"32":0,"33":4,"34":4,"35":6,"36":4,"37":4,"38":4,"39":1,"40":1,"41":1,"42":1,"43":1,"44":1,"45":1,"46":1,"47":4,"48":2,"49":2,"50":8,"51":8,"52":72,"53":2,"54":2,"55":2},"f":{"0":6,"1":3,"2":5,"3":4,"4":6,"5":2},"b":{"0":[1,2],"1":[0,2],"2":[0,5],"3":[1,4],"4":[5,1],"5":[0,4],"6":[4,0],"7":[1,3]}}
[...]
n":22},"end":{"line":19,"column":5}}},"2":{"name":"(anonymous_3)","decl":{"start":{"line":21,"column":4},"end":{"line":21,"column":8}},"loc":{"start":{"line":21,"column":8},"end":{"line":23,"column":5}}},"3":{"name":"(anonymous_4)","decl":{"start":{"line":25,"column":4},"end":{"line":25,"column":11}},"loc":{"start":{"line":25,"column":22},"end":{"line":27,"column":5}}},"4":{"name":"(anonymous_5)","decl":{"start":{"line":26,"column":31},"end":{"line":26,"column":32}},"loc":{"start":{"line":26,"column":36},"end":{"line":26,"column":50}}},"5":{"name":"(anonymous_6)","decl":{"start":{"line":29,"column":4},"end":{"line":29,"column":14}},"loc":{"start":{"line":29,"column":25},"end":{"line":36,"column":5}}},"6":{"name":"(anonymous_7)","decl":{"start":{"line":33,"column":43},"end":{"line":33,"column":44}},"loc":{"start":{"line":33,"column":48},"end":{"line":33,"column":63}}},"7":{"name":"(anonymous_8)","decl":{"start":{"line":38,"column":4},"end":{"line":38,"column":11}},"loc":{"start":{"line":38,"column":22},"end":{"line":40,"column":5}}},"8":{"name":"(anonymous_9)","decl":{"start":{"line":39,"column":31},"end":{"line":39,"column":32}},"loc":{"start":{"line":39,"column":36},"end":{"line":39,"column":51}}},"9":{"name":"(anonymous_10)","decl":{"start":{"line":39,"column":72},"end":{"line":39,"column":73}},"loc":{"start":{"line":39,"column":77},"end":{"line":39,"column":100}}},"10":{"name":"(anonymous_11)","decl":{"start":{"line":39,"column":121},"end":{"line":39,"column":122}},"loc":{"start":{"line":39,"column":126},"end":{"line":39,"column":183}}},"11":{"name":"(anonymous_12)","decl":{"start":{"line":42,"column":4},"end":{"line":42,"column":10}},"loc":{"start":{"line":42,"column":36},"end":{"line":45,"column":5}}},"12":{"name":"(anonymous_13)","decl":{"start":{"line":44,"column":47},"end":{"line":44,"column":48}},"loc":{"start":{"line":44,"column":52},"end":{"line":44,"column":77}}}},"branchMap":{"0":{"loc":{"start":{"line":10,"column":16},"end":{"line":10,"column":34}},"type":"default-arg","locations":[{"start":{"line":10,"column":32},"end":{"line":10,"column":34}}]},"1":{"loc":{"start":{"line":16,"column":8},"end":{"line":18,"column":9}},"type":"if","locations":[{"start":{"line":16,"column":8},"end":{"line":18,"column":9}},{"start":{},"end":{}}]},"2":{"loc":{"start":{"line":30,"column":8},"end":{"line":35,"column":9}},"type":"if","locations":[{"start":{"line":30,"column":8},"end":{"line":35,"column":9}},{"start":{"line":32,"column":15},"end":{"line":35,"column":9}}]},"3":{"loc":{"start":{"line":39,"column":15},"end":{"line":39,"column":184}},"type":"binary-expr","locations":[{"start":{"line":39,"column":15},"end":{"line":39,"column":52}},{"start":{"line":39,"column":56},"end":{"line":39,"column":101}},{"start":{"line":39,"column":105},"end":{"line":39,"column":184}}]},"4":{"loc":{"start":{"line":39,"column":126},"end":{"line":39,"column":183}},"type":"binary-expr","locations":[{"start":{"line":39,"column":126},"end":{"line":39,"column":157}},{"start":{"line":39,"column":161},"end":{"line":39,"column":183}}]},"5":{"loc":{"start":{"line":43,"column":8},"end":{"line":43,"column":39}},"type":"if","locations":[{"start":{"line":43,"column":8},"end":{"line":43,"column":39}},{"start":{},"end":{}}]},"6":{"loc":{"start":{"line":44,"column":25},"end":{"line":44,"column":41}},"type":"binary-expr","locations":[{"start":{"line":44,"column":25},"end":{"line":44,"column":35}},{"start":{"line":44,"column":39},"end":{"line":44,"column":41}}]}},"s":{"0":8,"1":8,"2":8,"3":82,"4":3,"5":3,"6":2,"7":6,"8":49,"9":109,"10":22,"11":1,"12":21,"13":89,"14":21,"15":61,"16":119,"17":9,"18":4,"19":3,"20":2,"21":1,"22":2,"23":8},"f":{"0":82,"1":3,"2":6,"3":49,"4":109,"5":22,"6":89,"7":61,"8":119,"9":9,"10":4,"11":3,"12":2},"b":{"0":[49],"1":[2,1],"2":[1,21],"3":[61,20,18],"4":[4,1],"5":[2,1],"6":[1,0]}}
,"C:\\Users\\GoldP\\OneDrive\\Documents\\GitHub\\pitch\\server\\src\\domain\\entities\\HandCycle.ts": {"path":"C:\\Users\\GoldP\\OneDrive\\Documents\\GitHub\\pitch\\server\\src\\domain\\entities\\HandCycle.ts","statementMap":{"0":{"start":{"line":2,"column":0},"end":{"line":2,"column":39}},"1":{"start":{"line":3,"column":0},"end":{"line":3,"column":30}},"2":{"start":{"line":5,"column":0},"end":{"line":5,"column":59}},"3":{"start":{"line":8,"column":0},"end":{"line":8,"column":46}},"4":{"start":{"line":9,"column":0},"end":{"line":9,"column":32}},"5":{"start":{"line":26,"column":8},"end":{"line":26,"column":33}},"6":{"start":{"line":27,"column":8},"end":{"line":27,"column":35}},"7":{"start":{"line":28,"column":8},"end":{"line":28,"column":35}},"8":{"start":{"line":29,"column":8},"end":{"line":29,"column":35}},"9":{"start":{"line":30,"column":8},"end":{"line":30,"column":37}},"10":{"start":{"line":31,"column":8},"end":{"line":31,"column":47}},"11":{"start":{"line":32,"column":8},"end":{"line":32,"column":43}},"12":{"start":{"line":33,"column":8},"end":{"line":33,"column":43}},"13":{"start":{"line":34,"column":8},"end":{"line":34,"column":41}},"14":{"start":{"line":35,"column":8},"end":{"line":35,"column":27}},"15":{"start":{"line":40,"column":8},"end":{"line":71,"column":9}},"16":{"start":{"line":42,"column":16},"end":{"line":42,"column":53}},"17":{"start":{"line":43,"column":16},"end":{"line":43,"column":63}},"18":{"start":{"line":44,"column":16},"end":{"line":44,"column":22}},"19":{"start":{"line":46,"column":16},"end":{"line":46,"column":69}},"20":{"start":{"line":47,"column":16},"end":{"line":47,"column":63}},"21":{"start":{"line":49,"column":16},"end":{"line":49,"column":63}},"22":{"start":{"line":51,"column":16},"end":{"line":51,"column":41}},"23":{"start":{"line":52,"column":16},"end":{"line":52,"column":111}},"24":{"start":{"line":53,"column":16},"end":{"line":53,"column":22}},"25":{"start":{"line":57,"column":16},"end":{"line":64,"column":17}},"26":{"start":{"line":58,"column":20},"end":{"line":58,"column":68}},"27":{"start":{"line":65,"column":16},"end":{"line":65,"column":22}},"28":{"start":{"line":68,"column":16},"end":{"line":68,"column":22}},"29":{"start":{"line":70,"column":16},"end":{"line":70,"column":86}},"30":{"start":{"line":76,"column":8},"end":{"line":80,"column":9}},"31":{"start":{"line":77,"column":12},"end":{"line":77,"column":25}},"32":{"start":{"line":78,"column":15},"end":{"line":80,"column":9}},"33":{"start":{"line":79,"column":12},"end":{"line":79,"column":25}},"34":{"start":{"line":81,"column":8},"end":{"line":81,"column":20}},"35":{"start":{"line":86,"column":28},"end":{"line":86,"column":84}},"36":{"start":{"line":86,"column":56},"end":{"line":86,"column":83}},"37":{"start":{"line":88,"column":29},"end":{"line":91,"column":null}},"38":{"start":{"line":93,"column":8},"end":{"line":98,"column":10}},"39":{"start":{"line":101,"column":8},"end":{"line":103,"column":null}},"40":{"start":{"line":102,"column":12},"end":{"line":102,"column":77}},"41":{"start":{"line":110,"column":8},"end":{"line":123,"column":10}},"42":{"start":{"line":115,"column":50},"end":{"line":115,"column":75}},"43":{"start":{"line":11,"column":0},"end":{"line":11,"column":13}}},"fnMap":{"0":{"name":"(anonymous_0)","decl":{"start":{"line":25,"column":4},"end":{"line":25,"column":16}},"loc":{"start":{"line":25,"column":247},"end":{"line":36,"column":5}}},"1":{"name":"(anonymous_1)","decl":{"start":{"line":39,"column":11},"end":{"line":39,"column":21}},"loc":{"start":{"line":39,"column":42},"end":{"line":72,"column":5}}},"2":{"name":"(anonymous_2)","decl":{"start":{"line":75,"column":4},"end":{"line":75,"column":15}},"loc":{"start":{"line":75,"column":26},"end":{"line":82,"column":5}}},"3":{"name":"(anonymous_3)","decl":{"start":{"line":85,"column":11},"end":{"line":85,"column":23}},"loc":{"start":{"line":85,"column":41},"end":{"line":104,"column":5}}},"4":{"name":"(anonymous_4)","decl":{"start":{"line":86,"column":46},"end":{"line":86,"column":52}},"loc":{"start":{"line":86,"column":56},"end":{"line":86,"column":83}}},"5":{"name":"(anonymous_5)","decl":{"start":{"line":101,"column":29},"end":{"line":101,"column":35}},"loc":{"start":{"line":101,"column":38},"end":{"line":103,"column":9}}},"6":{"name":"(anonymous_6)","decl":{"start":{"line":109,"column":4},"end":{"line":109,"column":10}},"loc":{"start":{"line":109,"column":46},"end":{"line":124,"column":5}}},"7":{"name":"(anonymous_7)","decl":{"start":{"line":115,"column":45},"end":{"line":115,"column":46}},"loc":{"start":{"line":115,"column":50},"end":{"line":115,"column":75}}}},"branchMap":{"0":{"loc":{"start":{"line":40,"column":8},"end":{"line":71,"column":9}},"type":"switch","locations":[{"start":{"line":41,"column":12},"end":{"line":44,"column":22}},{"start":{"line":45,"column":12},"end":{"line":53,"column":22}},{"start":{"line":54,"column":12},"end":{"line":65,"column":22}},{"start":{"line":66,"column":12},"end":{"line":68,"column":22}},{"start":{"line":69,"column":12},"end":{"line":70,"column":86}}]},"1":{"loc":{"start":{"line":57,"column":16},"end":{"line":64,"column":17}},"type":"if","locations":[{"start":{"line":57,"column":16},"end":{"line":64,"column":17}},{"start":{"line":60,"column":23},"end":{"line":64,"column":17}}]},"2":{"loc":{"start":{"line":57,"column":20},"end":{"line":57,"column":72}},"type":"binary-expr","locations":[{"start":{"line":57,"column":20},"end":{"line":57,"column":44}},{"start":{"line":57,"column":48},"end":{"line":57,"column":72}}]},"3":{"loc":{"start":{"line":76,"column":8},"end":{"line":80,"column":9}},"type":"if","locations":[{"start":{"line":76,"column":8},"end":{"line":80,"column":9}},{"start":{"line":78,"column":15},"end":{"line":80,"column":9}}]},"4":{"loc":{"start":{"line":78,"column":15},"end":{"line":80,"column":9}},"type":"if","locations":[{"start":{"line":78,"column":15},"end":{"line":80,"column":9}},{"start":{},"end":{}}]},"5":{"loc":{"start":{"line":78,"column":19},"end":{"line":78,"column":118}},"type":"binary-expr","locations":[{"start":{"line":78,"column":19},"end":{"line":78,"column":47}},{"start":{"line":78,"column":51},"end":{"line":78,"column":75}},{"start":{"line":78,"column":79},"end":{"line":78,"column":118}}]},"6":{"loc":{"start":{"line":115,"column":13},"end":{"line":115,"column":39}},"type":"binary-expr","locations":[{"start":{"line":115,"column":13},"end":{"line":115,"column":33}},{"start":{"line":115,"column":37},"end":{"line":115,"column":39}}]},"7":{"loc":{"start":{"line":121,"column":12},"end":{"line":121,"column":95}},"type":"cond-expr","locations":[{"start":{"line":121,"column":37},"end":{"line":121,"column":88}},{"start":{"line":121,"column":91},"end":{"line":121,"column":95}}]},"8":{"loc":{"start":{"line":122,"column":12},"end":{"line":122,"column":74}},"type":"cond-expr","locations":[{"start":{"line":122,"column":30},"end":{"line":122,"column":67}},{"start":{"line":122,"column":70},"end":{"line":122,"column":74}}]}},"s":{"0":8,"1":8,"2":8,"3":8,"4":8,"5":33,"6":33,"7":33,"8":33,"9":33,"10":33,"11":33,"12":33,"13":33,"14":33,"15":10,"16":4,"17":4,"18":4,"19":5,"20":5,"21":5,"22":5,"23":5,"24":5,"25":1,"26":1,"27":1,"28":0,"29":0,"30":3,"31":1,"32":2,"33":1,"34":1,"35":6,"36":12,"37":6,"38":6,"39":6,"40":20,"41":5,"42":1,"43":8},"f":{"0":33,"1":10,"2":3,"3":6,"4":12,"5":20,"6":5,"7":1},"b":{"0":[4,5,1,0,0],"1":[1,0],"2":[1,0],"3":[1,2],"4":[1,1],"5":[2,1,1],"6":[5,4],"7":[0,5],"8":[1,4]}}
,"C:\\Users\\GoldP\\OneDrive\\Documents\\GitHub\\pitch\\server\\src\\domain\\entities\\Player.ts": {"path":"C:\\Users\\GoldP\\OneDrive\\Documents\\GitHub\\pitch\\server\\src\\domain\\entities\\Player.ts","statementMap":{"0":{"start":{"line":2,"column":0},"end":{"line":2,"column":30}},"1":{"start":{"line":17,"column":8},"end":{"line":17,"column":21}},"2":{"start":{"line":18,"column":8},"end":{"line":18,"column":33}},"3":{"start":{"line":19,"column":8},"end":{"line":19,"column":29}},"4":{"start":{"line":20,"column":8},"end":{"line":20,"column":25}},"5":{"start":{"line":21,"column":8},"end":{"line":21,"column":33}},"6":{"start":{"line":22,"column":8},"end":{"line":22,"column":39}},"7":{"start":{"line":23,"column":8},"end":{"line":23,"column":33}},"8":{"start":{"line":24,"column":8},"end":{"line":24,"column":37}},"9":{"start":{"line":25,"column":8},"end":{"line":25,"column":37}},"10":{"start":{"line":29,"column":8},"end":{"line":29,"column":150}},"11":{"start":{"line":4,"column":0},"end":{"line":4,"column":13}}},"fnMap":{"0":{"name":"(anonymous_0)","decl":{"start":{"line":16,"column":4},"end":{"line":16,"column":16}},"loc":{"start":{"line":16,"column":173},"end":{"line":26,"column":5}}},"1":{"name":"(anonymous_1)","decl":{"start":{"line":28,"column":4},"end":{"line":28,"column":10}},"loc":{"start":{"line":28,"column":35},"end":{"line":30,"column":5}}}},"branchMap":{},"s":{"0":5,"1":14,"2":14,"3":14,"4":14,"5":14,"6":14,"7":14,"8":14,"9":14,"10":2,"11":5},"f":{"0":14,"1":2},"b":{}}
,"C:\\Users\\GoldP\\OneDrive\\Documents\\GitHub\\pitch\\server\\src\\domain\\entities\\Trick.ts": {"path":"C:\\Users\\GoldP\\OneDrive\\Documents\\GitHub\\pitch\\server\\src\\domain\\entities\\Trick.ts","statementMap":{"0":{"start":{"line":2,"column":0},"end":{"line":2,"column":30}},"1":{"start":{"line":12,"column":8},"end":{"line":12,"column":39}},"2":{"start":{"line":13,"column":8},"end":{"line":13,"column":49}},"3":{"start":{"line":14,"column":8},"end":{"line":14,"column":39}},"4":{"start":{"line":15,"column":8},"end":{"line":15,"column":37}},"5":{"start":{"line":20,"column":62},"end":{"line":20,"column":64}},"6":{"start":{"line":22,"column":4},"end":{"line":29,"column":5}},"7":{"start":{"line":23,"column":8},"end":{"line":28,"column":11}},"8":{"start":{"line":24,"column":25},"end":{"line":24,"column":40}},"9":{"start":{"line":25,"column":12},"end":{"line":27,"column":23}},"10":{"start":{"line":33,"column":4},"end":{"line":38,"column":6}},"11":{"start":{"line":4,"column":0},"end":{"line":4,"column":13}}},"fnMap":{"0":{"name":"(anonymous_0)","decl":{"start":{"line":11,"column":4},"end":{"line":11,"column":16}},"loc":{"start":{"line":11,"column":129},"end":{"line":16,"column":5}}},"1":{"name":"(anonymous_1)","decl":{"start":{"line":18,"column":4},"end":{"line":18,"column":10}},"loc":{"start":{"line":18,"column":35},"end":{"line":39,"column":1}}},"2":{"name":"(anonymous_2)","decl":{"start":{"line":23,"column":49},"end":{"line":23,"column":50}},"loc":{"start":{"line":23,"column":74},"end":{"line":28,"column":9}}}},"branchMap":{"0":{"loc":{"start":{"line":22,"column":4},"end":{"line":29,"column":5}},"type":"if","locations":[{"start":{"line":22,"column":4},"end":{"line":29,"column":5}},{"start":{},"end":{}}]},"1":{"loc":{"start":{"line":25,"column":55},"end":{"line":27,"column":22}},"type":"cond-expr","locations":[{"start":{"line":26,"column":18},"end":{"line":26,"column":49}},{"start":{"line":27,"column":18},"end":{"line":27,"column":22}}]}},"s":{"0":9,"1":26,"2":26,"3":26,"4":26,"5":4,"6":4,"7":2,"8":2,"9":2,"10":4,"11":9},"f":{"0":26,"1":4,"2":2},"b":{"0":[2,2],"1":[1,1]}}
,"C:\\Users\\GoldP\\OneDrive\\Documents\\GitHub\\pitch\\server\\src\\domain\\entities\\User.ts": {"path":"C:\\Users\\GoldP\\OneDrive\\Documents\\GitHub\\pitch\\server\\src\\domain\\entities\\User.ts","statementMap":{"0":{"start":{"line":13,"column":8},"end":{"line":13,"column":21}},"1":{"start":{"line":14,"column":8},"end":{"line":14,"column":29}},"2":{"start":{"line":15,"column":8},"end":{"line":15,"column":27}},"3":{"start":{"line":16,"column":8},"end":{"line":16,"column":33}},"4":{"start":{"line":17,"column":8},"end":{"line":17,"column":33}},"5":{"start":{"line":18,"column":8},"end":{"line":18,"column":45}},"6":{"start":{"line":3,"column":0},"end":{"line":3,"column":13}}},"fnMap":{"0":{"name":"(anonymous_0)","decl":{"start":{"line":12,"column":4},"end":{"line":12,"column":16}},"loc":{"start":{"line":12,"column":131},"end":{"line":19,"column":5}}}},"branchMap":{"0":{"loc":{"start":{"line":18,"column":22},"end":{"line":18,"column":44}},"type":"cond-expr","locations":[{"start":{"line":18,"column":31},"end":{"line":18,"column":37}},{"start":{"line":18,"column":40},"end":{"line":18,"column":44}}]}},"s":{"0":20,"1":20,"2":20,"3":20,"4":20,"5":20,"6":2},"f":{"0":20},"b":{"0":[0,20]}}
,"C:\\Users\\GoldP\\OneDrive\\Documents\\GitHub\\pitch\\server\\src\\domain\\enums\\HandCycleStatus.ts": {"path":"C:\\Users\\GoldP\\OneDrive\\Documents\\GitHub\\pitch\\server\\src\\domain\\enums\\HandCycleStatus.ts","statementMap":{"0":{"start":{"line":1,"column":0},"end":{"line":1,"column":null}},"1":{"start":{"line":2,"column":4},"end":{"line":2,"column":null}},"2":{"start":{"line":3,"column":4},"end":{"line":3,"column":null}},"3":{"start":{"line":4,"column":4},"end":{"line":4,"column":null}},"4":{"start":{"line":5,"column":4},"end":{"line":5,"column":null}}},"fnMap":{"0":{"name":"(anonymous_0)","decl":{"start":{"line":1,"column":0},"end":{"line":1,"column":12}},"loc":{"start":{"line":1,"column":27},"end":{"line":6,"column":1}}}},"branchMap":{"0":{"loc":{"start":{"line":1,"column":12},"end":{"line":1,"column":null}},"type":"binary-expr","locations":[{"start":{"line":1,"column":12},"end":{"line":1,"column":27}},{"start":{"line":1,"column":27},"end":{"line":1,"column":null}}]}},"s":{"0":8,"1":8,"2":8,"3":8,"4":8},"f":{"0":8},"b":{"0":[8,8]}}
,"C:\\Users\\GoldP\\OneDrive\\Documents\\GitHub\\pitch\\server\\src\\domain\\enums\\Suit.ts": {"path":"C:\\Users\\GoldP\\OneDrive\\Documents\\GitHub\\pitch\\server\\src\\domain\\enums\\Suit.ts","statementMap":{"0":{"start":{"line":1,"column":0},"end":{"line":1,"column":null}},"1":{"start":{"line":2,"column":4},"end":{"line":2,"column":null}},"2":{"start":{"line":3,"column":4},"end":{"line":3,"column":null}},"3":{"start":{"line":4,"column":4},"end":{"line":4,"column":null}},"4":{"start":{"line":5,"column":4},"end":{"line":5,"column":null}}},"fnMap":{"0":{"name":"(anonymous_0)","decl":{"start":{"line":1,"column":0},"end":{"line":1,"column":12}},"loc":{"start":{"line":1,"column":16},"end":{"line":6,"column":1}}}},"branchMap":{"0":{"loc":{"start":{"line":1,"column":12},"end":{"line":1,"column":null}},"type":"binary-expr","locations":[{"start":{"line":1,"column":12},"end":{"line":1,"column":16}},{"start":{"line":1,"column":16},"end":{"line":1,"column":null}}]}},"s":{"0":11,"1":11,"2":11,"3":11,"4":11},"f":{"0":11},"b":{"0":[11,11]}}
,"C:\\Users\\GoldP\\OneDrive\\Documents\\GitHub\\pitch\\server\\src\\domain\\enums\\Value.ts": {"path":"C:\\Users\\GoldP\\OneDrive\\Documents\\GitHub\\pitch\\server\\src\\domain\\enums\\Value.ts","statementMap":{"0":{"start":{"line":1,"column":0},"end":{"line":1,"column":null}},"1":{"start":{"line":2,"column":4},"end":{"line":2,"column":null}},"2":{"start":{"line":3,"column":4},"end":{"line":3,"column":null}},"3":{"start":{"line":4,"column":4},"end":{"line":4,"column":null}},"4":{"start":{"line":5,"column":4},"end":{"line":5,"column":null}},"5":{"start":{"line":6,"column":4},"end":{"line":6,"column":null}},"6":{"start":{"line":7,"column":4},"end":{"line":7,"column":null}},"7":{"start":{"line":8,"column":4},"end":{"line":8,"column":null}},"8":{"start":{"line":9,"column":4},"end":{"line":9,"column":null}},"9":{"start":{"line":10,"column":4},"end":{"line":10,"column":null}},"10":{"start":{"line":11,"column":4},"end":{"line":11,"column":null}},"11":{"start":{"line":12,"column":4},"end":{"line":12,"column":null}},"12":{"start":{"line":13,"column":4},"end":{"line":13,"column":null}},"13":{"start":{"line":14,"column":4},"end":{"line":14,"column":null}},"14":{"start":{"line":15,"column":4},"end":{"line":15,"column":null}}},"fnMap":{"0":{"name":"(anonymous_0)","decl":{"start":{"line":1,"column":0},"end":{"line":1,"column":12}},"loc":{"start":{"line":1,"column":17},"end":{"line":16,"column":1}}}},"branchMap":{"0":{"loc":{"start":{"line":1,"column":12},"end":{"line":1,"column":null}},"type":"binary-expr","locations":[{"start":{"line":1,"column":12},"end":{"line":1,"column":17}},{"start":{"line":1,"column":17},"end":{"line":1,"column":null}}]}},"s":{"0":11,"1":11,"2":11,"3":11,"4":11,"5":11,"6":11,"7":11,"8":11,"9":11,"10":11,"11":11,"12":11,"13":11,"14":11},"f":{"0":11},"b":{"0":[11,11]}}
}
