{"C:\\Users\\GoldP\\OneDrive\\Documents\\GitHub\\pitch\\server\\src\\adapters\\auth\\JwtAuthAdapter.ts": {"path":"C:\\Users\\GoldP\\OneDrive\\Documents\\GitHub\\pitch\\server\\src\\adapters\\auth\\JwtAuthAdapter.ts","statementMap":{"0":{"start":{"line":2,"column":0},"end":{"line":2,"column":31}},"1":{"start":{"line":5,"column":23},"end":{"line":5,"column":28}},"2":{"start":{"line":9,"column":8},"end":{"line":9,"column":57}},"3":{"start":{"line":10,"column":8},"end":{"line":10,"column":119}},"4":{"start":{"line":14,"column":8},"end":{"line":14,"column":44}},"5":{"start":{"line":15,"column":8},"end":{"line":15,"column":49}},"6":{"start":{"line":16,"column":24},"end":{"line":16,"column":66}},"7":{"start":{"line":17,"column":8},"end":{"line":17,"column":55}},"8":{"start":{"line":18,"column":8},"end":{"line":18,"column":173}},"9":{"start":{"line":18,"column":126},"end":{"line":18,"column":167}},"10":{"start":{"line":7,"column":0},"end":{"line":7,"column":21}}},"fnMap":{"0":{"name":"(anonymous_1)","decl":{"start":{"line":8,"column":4},"end":{"line":8,"column":13}},"loc":{"start":{"line":8,"column":46},"end":{"line":11,"column":5}}},"1":{"name":"(anonymous_2)","decl":{"start":{"line":13,"column":4},"end":{"line":13,"column":15}},"loc":{"start":{"line":13,"column":29},"end":{"line":19,"column":5}}},"2":{"name":"(anonymous_3)","decl":{"start":{"line":18,"column":118},"end":{"line":18,"column":121}},"loc":{"start":{"line":18,"column":123},"end":{"line":18,"column":169}}}},"branchMap":{"0":{"loc":{"start":{"line":18,"column":15},"end":{"line":18,"column":172}},"type":"cond-expr","locations":[{"start":{"line":18,"column":88},"end":{"line":18,"column":114}},{"start":{"line":18,"column":117},"end":{"line":18,"column":172}}]},"1":{"loc":{"start":{"line":18,"column":15},"end":{"line":18,"column":85}},"type":"binary-expr","locations":[{"start":{"line":18,"column":15},"end":{"line":18,"column":42}},{"start":{"line":18,"column":46},"end":{"line":18,"column":62}},{"start":{"line":18,"column":66},"end":{"line":18,"column":85}}]}},"s":{"0":1,"1":1,"2":4,"3":4,"4":8,"5":8,"6":8,"7":8,"8":8,"9":0,"10":1},"f":{"0":4,"1":8,"2":0},"b":{"0":[8,0],"1":[8,8,8]}}
,"C:\\Users\\GoldP\\OneDrive\\Documents\\GitHub\\pitch\\server\\src\\adapters\\persistence\\InMemoryLongTerm.ts": {"path":"C:\\Users\\GoldP\\OneDrive\\Documents\\GitHub\\pitch\\server\\src\\adapters\\persistence\\InMemoryLongTerm.ts","statementMap":{"0":{"start":{"line":7,"column":12},"end":{"line":7,"column":63}},"1":{"start":{"line":10,"column":8},"end":{"line":10,"column":59}},"2":{"start":{"line":14,"column":8},"end":{"line":14,"column":38}},"3":{"start":{"line":15,"column":8},"end":{"line":15,"column":38}},"4":{"start":{"line":16,"column":8},"end":{"line":16,"column":33}},"5":{"start":{"line":20,"column":8},"end":{"line":20,"column":64}},"6":{"start":{"line":24,"column":8},"end":{"line":24,"column":38}},"7":{"start":{"line":25,"column":8},"end":{"line":25,"column":33}},"8":{"start":{"line":29,"column":8},"end":{"line":31,"column":9}},"9":{"start":{"line":30,"column":12},"end":{"line":30,"column":56}},"10":{"start":{"line":30,"column":44},"end":{"line":30,"column":56}},"11":{"start":{"line":32,"column":8},"end":{"line":32,"column":20}},"12":{"start":{"line":36,"column":8},"end":{"line":36,"column":30}},"13":{"start":{"line":37,"column":8},"end":{"line":37,"column":33}},"14":{"start":{"line":6,"column":0},"end":{"line":6,"column":21}}},"fnMap":{"0":{"name":"(anonymous_0)","decl":{"start":{"line":6,"column":0},"end":{"line":6,"column":21}},"loc":{"start":{"line":6,"column":0},"end":{"line":40,"column":1}}},"1":{"name":"(anonymous_1)","decl":{"start":{"line":9,"column":4},"end":{"line":9,"column":12}},"loc":{"start":{"line":9,"column":23},"end":{"line":11,"column":5}}},"2":{"name":"(anonymous_2)","decl":{"start":{"line":13,"column":4},"end":{"line":13,"column":14}},"loc":{"start":{"line":13,"column":25},"end":{"line":17,"column":5}}},"3":{"name":"(anonymous_3)","decl":{"start":{"line":19,"column":4},"end":{"line":19,"column":15}},"loc":{"start":{"line":19,"column":15},"end":{"line":21,"column":5}}},"4":{"name":"(anonymous_4)","decl":{"start":{"line":23,"column":4},"end":{"line":23,"column":14}},"loc":{"start":{"line":23,"column":25},"end":{"line":26,"column":5}}},"5":{"name":"(anonymous_5)","decl":{"start":{"line":28,"column":4},"end":{"line":28,"column":9}},"loc":{"start":{"line":28,"column":41},"end":{"line":33,"column":5}}},"6":{"name":"(anonymous_6)","decl":{"start":{"line":35,"column":4},"end":{"line":35,"column":14}},"loc":{"start":{"line":35,"column":25},"end":{"line":38,"column":5}}}},"branchMap":{"0":{"loc":{"start":{"line":10,"column":31},"end":{"line":10,"column":57}},"type":"binary-expr","locations":[{"start":{"line":10,"column":31},"end":{"line":10,"column":49}},{"start":{"line":10,"column":53},"end":{"line":10,"column":57}}]},"1":{"loc":{"start":{"line":30,"column":12},"end":{"line":30,"column":56}},"type":"if","locations":[{"start":{"line":30,"column":12},"end":{"line":30,"column":56}},{"start":{},"end":{}}]}},"s":{"0":1,"1":4,"2":4,"3":4,"4":4,"5":0,"6":0,"7":0,"8":8,"9":16,"10":4,"11":4,"12":0,"13":0,"14":1},"f":{"0":1,"1":4,"2":4,"3":0,"4":0,"5":8,"6":0},"b":{"0":[4,0],"1":[4,12]}}
,"C:\\Users\\GoldP\\OneDrive\\Documents\\GitHub\\pitch\\server\\src\\adapters\\persistence\\InMemoryShortTerm.ts": {"path":"C:\\Users\\GoldP\\OneDrive\\Documents\\GitHub\\pitch\\server\\src\\adapters\\persistence\\InMemoryShortTerm.ts","statementMap":{"0":{"start":{"line":9,"column":12},"end":{"line":9,"column":78}},"1":{"start":{"line":12,"column":8},"end":{"line":12,"column":64}},"2":{"start":{"line":15,"column":8},"end":{"line":15,"column":45}},"3":{"start":{"line":16,"column":8},"end":{"line":16,"column":33}},"4":{"start":{"line":19,"column":8},"end":{"line":19,"column":69}},"5":{"start":{"line":22,"column":8},"end":{"line":22,"column":35}},"6":{"start":{"line":23,"column":8},"end":{"line":23,"column":33}},"7":{"start":{"line":26,"column":8},"end":{"line":26,"column":53}},"8":{"start":{"line":27,"column":8},"end":{"line":27,"column":33}},"9":{"start":{"line":7,"column":0},"end":{"line":7,"column":21}}},"fnMap":{"0":{"name":"(anonymous_0)","decl":{"start":{"line":7,"column":0},"end":{"line":7,"column":21}},"loc":{"start":{"line":7,"column":0},"end":{"line":30,"column":1}}},"1":{"name":"(anonymous_1)","decl":{"start":{"line":11,"column":4},"end":{"line":11,"column":20}},"loc":{"start":{"line":11,"column":31},"end":{"line":13,"column":5}}},"2":{"name":"(anonymous_2)","decl":{"start":{"line":14,"column":4},"end":{"line":14,"column":19}},"loc":{"start":{"line":14,"column":36},"end":{"line":17,"column":5}}},"3":{"name":"(anonymous_3)","decl":{"start":{"line":18,"column":4},"end":{"line":18,"column":20}},"loc":{"start":{"line":18,"column":20},"end":{"line":20,"column":5}}},"4":{"name":"(anonymous_4)","decl":{"start":{"line":21,"column":4},"end":{"line":21,"column":19}},"loc":{"start":{"line":21,"column":30},"end":{"line":24,"column":5}}},"5":{"name":"(anonymous_5)","decl":{"start":{"line":25,"column":4},"end":{"line":25,"column":19}},"loc":{"start":{"line":25,"column":40},"end":{"line":28,"column":5}}}},"branchMap":{"0":{"loc":{"start":{"line":12,"column":31},"end":{"line":12,"column":62}},"type":"binary-expr","locations":[{"start":{"line":12,"column":31},"end":{"line":12,"column":54}},{"start":{"line":12,"column":58},"end":{"line":12,"column":62}}]}},"s":{"0":1,"1":335,"2":1,"3":1,"4":0,"5":0,"6":0,"7":333,"8":333,"9":1},"f":{"0":1,"1":335,"2":1,"3":0,"4":0,"5":333},"b":{"0":[335,0]}}
,"C:\\Users\\GoldP\\OneDrive\\Documents\\GitHub\\pitch\\server\\src\\adapters\\persistence\\MongoLongTermAdapter.ts": {"path":"C:\\Users\\GoldP\\OneDrive\\Documents\\GitHub\\pitch\\server\\src\\adapters\\persistence\\MongoLongTermAdapter.ts","statementMap":{"0":{"start":{"line":2,"column":0},"end":{"line":2,"column":50}},"1":{"start":{"line":3,"column":0},"end":{"line":3,"column":48}},"2":{"start":{"line":10,"column":8},"end":{"line":10,"column":38}},"3":{"start":{"line":11,"column":8},"end":{"line":18,"column":11}},"4":{"start":{"line":22,"column":8},"end":{"line":28,"column":11}},"5":{"start":{"line":32,"column":24},"end":{"line":32,"column":61}},"6":{"start":{"line":33,"column":8},"end":{"line":33,"column":34}},"7":{"start":{"line":33,"column":22},"end":{"line":33,"column":34}},"8":{"start":{"line":34,"column":8},"end":{"line":41,"column":10}},"9":{"start":{"line":45,"column":24},"end":{"line":45,"column":60}},"10":{"start":{"line":46,"column":8},"end":{"line":46,"column":34}},"11":{"start":{"line":46,"column":22},"end":{"line":46,"column":34}},"12":{"start":{"line":47,"column":8},"end":{"line":54,"column":10}},"13":{"start":{"line":58,"column":25},"end":{"line":58,"column":47}},"14":{"start":{"line":59,"column":8},"end":{"line":66,"column":11}},"15":{"start":{"line":59,"column":39},"end":{"line":65,"column":null}},"16":{"start":{"line":70,"column":8},"end":{"line":70,"column":47}},"17":{"start":{"line":7,"column":0},"end":{"line":7,"column":13}}},"fnMap":{"0":{"name":"(anonymous_1)","decl":{"start":{"line":9,"column":4},"end":{"line":9,"column":9}},"loc":{"start":{"line":9,"column":31},"end":{"line":19,"column":5}}},"1":{"name":"(anonymous_2)","decl":{"start":{"line":21,"column":4},"end":{"line":21,"column":9}},"loc":{"start":{"line":21,"column":31},"end":{"line":29,"column":5}}},"2":{"name":"(anonymous_3)","decl":{"start":{"line":31,"column":4},"end":{"line":31,"column":9}},"loc":{"start":{"line":31,"column":41},"end":{"line":42,"column":5}}},"3":{"name":"(anonymous_4)","decl":{"start":{"line":44,"column":4},"end":{"line":44,"column":9}},"loc":{"start":{"line":44,"column":29},"end":{"line":55,"column":5}}},"4":{"name":"(anonymous_5)","decl":{"start":{"line":57,"column":4},"end":{"line":57,"column":9}},"loc":{"start":{"line":57,"column":21},"end":{"line":67,"column":5}}},"5":{"name":"(anonymous_6)","decl":{"start":{"line":59,"column":28},"end":{"line":59,"column":35}},"loc":{"start":{"line":59,"column":39},"end":{"line":65,"column":null}}},"6":{"name":"(anonymous_7)","decl":{"start":{"line":69,"column":4},"end":{"line":69,"column":9}},"loc":{"start":{"line":69,"column":31},"end":{"line":71,"column":5}}}},"branchMap":{"0":{"loc":{"start":{"line":16,"column":22},"end":{"line":16,"column":43}},"type":"binary-expr","locations":[{"start":{"line":16,"column":22},"end":{"line":16,"column":35}},{"start":{"line":16,"column":39},"end":{"line":16,"column":43}}]},"1":{"loc":{"start":{"line":17,"column":20},"end":{"line":17,"column":39}},"type":"binary-expr","locations":[{"start":{"line":17,"column":20},"end":{"line":17,"column":31}},{"start":{"line":17,"column":35},"end":{"line":17,"column":39}}]},"2":{"loc":{"start":{"line":26,"column":22},"end":{"line":26,"column":43}},"type":"binary-expr","locations":[{"start":{"line":26,"column":22},"end":{"line":26,"column":35}},{"start":{"line":26,"column":39},"end":{"line":26,"column":43}}]},"3":{"loc":{"start":{"line":27,"column":20},"end":{"line":27,"column":39}},"type":"binary-expr","locations":[{"start":{"line":27,"column":20},"end":{"line":27,"column":31}},{"start":{"line":27,"column":35},"end":{"line":27,"column":39}}]},"4":{"loc":{"start":{"line":33,"column":8},"end":{"line":33,"column":34}},"type":"if","locations":[{"start":{"line":33,"column":8},"end":{"line":33,"column":34}},{"start":{},"end":{}}]},"5":{"loc":{"start":{"line":39,"column":12},"end":{"line":39,"column":36}},"type":"binary-expr","locations":[{"start":{"line":39,"column":12},"end":{"line":39,"column":28}},{"start":{"line":39,"column":32},"end":{"line":39,"column":36}}]},"6":{"loc":{"start":{"line":40,"column":12},"end":{"line":40,"column":60}},"type":"cond-expr","locations":[{"start":{"line":40,"column":29},"end":{"line":40,"column":53}},{"start":{"line":40,"column":56},"end":{"line":40,"column":60}}]},"7":{"loc":{"start":{"line":46,"column":8},"end":{"line":46,"column":34}},"type":"if","locations":[{"start":{"line":46,"column":8},"end":{"line":46,"column":34}},{"start":{},"end":{}}]},"8":{"loc":{"start":{"line":52,"column":12},"end":{"line":52,"column":36}},"type":"binary-expr","locations":[{"start":{"line":52,"column":12},"end":{"line":52,"column":28}},{"start":{"line":52,"column":32},"end":{"line":52,"column":36}}]},"9":{"loc":{"start":{"line":53,"column":12},"end":{"line":53,"column":60}},"type":"cond-expr","locations":[{"start":{"line":53,"column":29},"end":{"line":53,"column":53}},{"start":{"line":53,"column":56},"end":{"line":53,"column":60}}]},"10":{"loc":{"start":{"line":64,"column":12},"end":{"line":64,"column":36}},"type":"binary-expr","locations":[{"start":{"line":64,"column":12},"end":{"line":64,"column":28}},{"start":{"line":64,"column":32},"end":{"line":64,"column":36}}]},"11":{"loc":{"start":{"line":65,"column":12},"end":{"line":65,"column":60}},"type":"cond-expr","locations":[{"start":{"line":65,"column":29},"end":{"line":65,"column":53}},{"start":{"line":65,"column":56},"end":{"line":65,"column":60}}]}},"s":{"0":1,"1":1,"2":7,"3":7,"4":1,"5":5,"6":5,"7":0,"8":5,"9":3,"10":3,"11":1,"12":2,"13":1,"14":1,"15":2,"16":1,"17":1},"f":{"0":7,"1":1,"2":5,"3":3,"4":1,"5":2,"6":1},"b":{"0":[7,0],"1":[7,7],"2":[1,0],"3":[1,1],"4":[0,5],"5":[5,0],"6":[0,5],"7":[1,2],"8":[2,0],"9":[0,2],"10":[2,0],"11":[0,2]}}
,"C:\\Users\\GoldP\\OneDrive\\Documents\\GitHub\\pitch\\server\\src\\adapters\\persistence\\RedisShortTermAdapter.ts": {"path":"C:\\Users\\GoldP\\OneDrive\\Documents\\GitHub\\pitch\\server\\src\\adapters\\persistence\\RedisShortTermAdapter.ts","statementMap":{"0":{"start":{"line":1,"column":0},"end":{"line":1,"column":56}},"1":{"start":{"line":10,"column":8},"end":{"line":10,"column":39}},"2":{"start":{"line":14,"column":8},"end":{"line":20,"column":9}},"3":{"start":{"line":15,"column":23},"end":{"line":15,"column":31}},"4":{"start":{"line":16,"column":26},"end":{"line":16,"column":47}},"5":{"start":{"line":17,"column":12},"end":{"line":17,"column":null}},"6":{"start":{"line":19,"column":12},"end":{"line":19,"column":84}},"7":{"start":{"line":24,"column":8},"end":{"line":34,"column":9}},"8":{"start":{"line":25,"column":12},"end":{"line":28,"column":13}},"9":{"start":{"line":26,"column":27},"end":{"line":26,"column":46}},"10":{"start":{"line":27,"column":16},"end":{"line":27,"column":40}},"11":{"start":{"line":29,"column":26},"end":{"line":29,"column":47}},"12":{"start":{"line":30,"column":12},"end":{"line":30,"column":70}},"13":{"start":{"line":33,"column":12},"end":{"line":33,"column":84}},"14":{"start":{"line":38,"column":8},"end":{"line":48,"column":9}},"15":{"start":{"line":39,"column":25},"end":{"line":39,"column":55}},"16":{"start":{"line":40,"column":12},"end":{"line":42,"column":13}},"17":{"start":{"line":41,"column":16},"end":{"line":41,"column":28}},"18":{"start":{"line":44,"column":12},"end":{"line":44,"column":75}},"19":{"start":{"line":46,"column":12},"end":{"line":46,"column":77}},"20":{"start":{"line":47,"column":12},"end":{"line":47,"column":24}},"21":{"start":{"line":52,"column":8},"end":{"line":56,"column":9}},"22":{"start":{"line":53,"column":12},"end":{"line":53,"column":43}},"23":{"start":{"line":55,"column":12},"end":{"line":55,"column":78}},"24":{"start":{"line":60,"column":8},"end":{"line":75,"column":9}},"25":{"start":{"line":61,"column":25},"end":{"line":61,"column":57}},"26":{"start":{"line":63,"column":12},"end":{"line":65,"column":13}},"27":{"start":{"line":64,"column":16},"end":{"line":64,"column":26}},"28":{"start":{"line":67,"column":28},"end":{"line":67,"column":61}},"29":{"start":{"line":69,"column":12},"end":{"line":71,"column":null}},"30":{"start":{"line":70,"column":50},"end":{"line":70,"column":63}},"31":{"start":{"line":71,"column":29},"end":{"line":71,"column":58}},"32":{"start":{"line":73,"column":12},"end":{"line":73,"column":77}},"33":{"start":{"line":74,"column":12},"end":{"line":74,"column":22}},"34":{"start":{"line":6,"column":0},"end":{"line":6,"column":13}}},"fnMap":{"0":{"name":"(anonymous_1)","decl":{"start":{"line":9,"column":4},"end":{"line":9,"column":16}},"loc":{"start":{"line":9,"column":32},"end":{"line":11,"column":5}}},"1":{"name":"(anonymous_2)","decl":{"start":{"line":13,"column":4},"end":{"line":13,"column":9}},"loc":{"start":{"line":13,"column":42},"end":{"line":21,"column":5}}},"2":{"name":"(anonymous_3)","decl":{"start":{"line":23,"column":4},"end":{"line":23,"column":9}},"loc":{"start":{"line":23,"column":42},"end":{"line":35,"column":5}}},"3":{"name":"(anonymous_4)","decl":{"start":{"line":37,"column":4},"end":{"line":37,"column":9}},"loc":{"start":{"line":37,"column":37},"end":{"line":49,"column":5}}},"4":{"name":"(anonymous_5)","decl":{"start":{"line":51,"column":4},"end":{"line":51,"column":9}},"loc":{"start":{"line":51,"column":36},"end":{"line":57,"column":5}}},"5":{"name":"(anonymous_6)","decl":{"start":{"line":59,"column":4},"end":{"line":59,"column":9}},"loc":{"start":{"line":59,"column":26},"end":{"line":76,"column":5}}},"6":{"name":"(anonymous_7)","decl":{"start":{"line":70,"column":24},"end":{"line":70,"column":25}},"loc":{"start":{"line":70,"column":50},"end":{"line":70,"column":63}}},"7":{"name":"(anonymous_8)","decl":{"start":{"line":71,"column":21},"end":{"line":71,"column":25}},"loc":{"start":{"line":71,"column":29},"end":{"line":71,"column":58}}}},"branchMap":{"0":{"loc":{"start":{"line":25,"column":12},"end":{"line":28,"column":13}},"type":"if","locations":[{"start":{"line":25,"column":12},"end":{"line":28,"column":13}},{"start":{},"end":{}}]},"1":{"loc":{"start":{"line":40,"column":12},"end":{"line":42,"column":13}},"type":"if","locations":[{"start":{"line":40,"column":12},"end":{"line":42,"column":13}},{"start":{},"end":{}}]},"2":{"loc":{"start":{"line":63,"column":12},"end":{"line":65,"column":13}},"type":"if","locations":[{"start":{"line":63,"column":12},"end":{"line":65,"column":13}},{"start":{},"end":{}}]}},"s":{"0":1,"1":6,"2":2,"3":2,"4":2,"5":2,"6":1,"7":9,"8":9,"9":1,"10":1,"11":9,"12":9,"13":1,"14":4,"15":4,"16":3,"17":1,"18":2,"19":3,"20":3,"21":2,"22":2,"23":1,"24":3,"25":3,"26":2,"27":1,"28":1,"29":1,"30":2,"31":2,"32":1,"33":1,"34":1},"f":{"0":6,"1":2,"2":9,"3":4,"4":2,"5":3,"6":2,"7":2},"b":{"0":[1,8],"1":[1,2],"2":[1,1]}}
,"C:\\Users\\GoldP\\OneDrive\\Documents\\GitHub\\pitch\\server\\src\\adapters\\persistence\\MongoModels\\UserModel.ts": {"path":"C:\\Users\\GoldP\\OneDrive\\Documents\\GitHub\\pitch\\server\\src\\adapters\\persistence\\MongoModels\\UserModel.ts","statementMap":{"0":{"start":{"line":1,"column":0},"end":{"line":1,"column":54}},"1":{"start":{"line":2,"column":0},"end":{"line":2,"column":28}},"2":{"start":{"line":9,"column":27},"end":{"line":19,"column":2}},"3":{"start":{"line":21,"column":0},"end":{"line":25,"column":3}},"4":{"start":{"line":22,"column":4},"end":{"line":24,"column":5}},"5":{"start":{"line":23,"column":8},"end":{"line":23,"column":61}},"6":{"start":{"line":27,"column":0},"end":{"line":29,"column":2}},"7":{"start":{"line":28,"column":4},"end":{"line":28,"column":52}},"8":{"start":{"line":31,"column":0},"end":{"line":31,"column":65}}},"fnMap":{"0":{"name":"(anonymous_10)","decl":{"start":{"line":21,"column":23},"end":{"line":21,"column":28}},"loc":{"start":{"line":21,"column":28},"end":{"line":25,"column":1}}},"1":{"name":"(anonymous_11)","decl":{"start":{"line":27,"column":37},"end":{"line":27,"column":42}},"loc":{"start":{"line":27,"column":70},"end":{"line":29,"column":1}}}},"branchMap":{"0":{"loc":{"start":{"line":22,"column":4},"end":{"line":24,"column":5}},"type":"if","locations":[{"start":{"line":22,"column":4},"end":{"line":24,"column":5}},{"start":{},"end":{}}]}},"s":{"0":1,"1":1,"2":1,"3":1,"4":7,"5":7,"6":1,"7":0,"8":1},"f":{"0":7,"1":0},"b":{"0":[7,0]}}
,"C:\\Users\\GoldP\\OneDrive\\Documents\\GitHub\\pitch\\server\\src\\adapters\\rest\\CreateRouter.ts": {"path":"C:\\Users\\GoldP\\OneDrive\\Documents\\GitHub\\pitch\\server\\src\\adapters\\rest\\CreateRouter.ts","statementMap":{"0":{"start":{"line":5,"column":0},"end":{"line":5,"column":24}},"1":{"start":{"line":1,"column":0},"end":{"line":1,"column":33}},"2":{"start":{"line":6,"column":19},"end":{"line":6,"column":27}},"3":{"start":{"line":7,"column":4},"end":{"line":7,"column":85}},"4":{"start":{"line":7,"column":52},"end":{"line":7,"column":83}},"5":{"start":{"line":8,"column":4},"end":{"line":8,"column":83}},"6":{"start":{"line":8,"column":51},"end":{"line":8,"column":81}},"7":{"start":{"line":9,"column":4},"end":{"line":11,"column":7}},"8":{"start":{"line":10,"column":8},"end":{"line":10,"column":47}},"9":{"start":{"line":13,"column":4},"end":{"line":13,"column":89}},"10":{"start":{"line":13,"column":52},"end":{"line":13,"column":87}},"11":{"start":{"line":14,"column":4},"end":{"line":14,"column":85}},"12":{"start":{"line":14,"column":50},"end":{"line":14,"column":83}},"13":{"start":{"line":16,"column":4},"end":{"line":16,"column":18}}},"fnMap":{"0":{"name":"createRouter","decl":{"start":{"line":5,"column":24},"end":{"line":5,"column":36}},"loc":{"start":{"line":5,"column":99},"end":{"line":17,"column":1}}},"1":{"name":"(anonymous_1)","decl":{"start":{"line":7,"column":32},"end":{"line":7,"column":37}},"loc":{"start":{"line":7,"column":52},"end":{"line":7,"column":83}}},"2":{"name":"(anonymous_2)","decl":{"start":{"line":8,"column":31},"end":{"line":8,"column":36}},"loc":{"start":{"line":8,"column":51},"end":{"line":8,"column":81}}},"3":{"name":"(anonymous_3)","decl":{"start":{"line":9,"column":26},"end":{"line":9,"column":31}},"loc":{"start":{"line":9,"column":45},"end":{"line":11,"column":5}}},"4":{"name":"(anonymous_4)","decl":{"start":{"line":13,"column":32},"end":{"line":13,"column":37}},"loc":{"start":{"line":13,"column":52},"end":{"line":13,"column":87}}},"5":{"name":"(anonymous_5)","decl":{"start":{"line":14,"column":30},"end":{"line":14,"column":35}},"loc":{"start":{"line":14,"column":50},"end":{"line":14,"column":83}}}},"branchMap":{},"s":{"0":1,"1":1,"2":1,"3":1,"4":4,"5":1,"6":0,"7":1,"8":0,"9":1,"10":1,"11":1,"12":3,"13":1},"f":{"0":1,"1":4,"2":0,"3":0,"4":1,"5":3},"b":{}}
,"C:\\Users\\GoldP\\OneDrive\\Documents\\GitHub\\pitch\\server\\src\\adapters\\rest\\RoomController.ts": {"path":"C:\\Users\\GoldP\\OneDrive\\Documents\\GitHub\\pitch\\server\\src\\adapters\\rest\\RoomController.ts","statementMap":{"0":{"start":{"line":16,"column":8},"end":{"line":16,"column":39}},"1":{"start":{"line":17,"column":8},"end":{"line":17,"column":39}},"2":{"start":{"line":21,"column":25},"end":{"line":21,"column":86}},"3":{"start":{"line":22,"column":23},"end":{"line":22,"column":39}},"4":{"start":{"line":23,"column":8},"end":{"line":26,"column":9}},"5":{"start":{"line":24,"column":12},"end":{"line":24,"column":60}},"6":{"start":{"line":25,"column":12},"end":{"line":25,"column":19}},"7":{"start":{"line":27,"column":8},"end":{"line":35,"column":9}},"8":{"start":{"line":28,"column":24},"end":{"line":28,"column":49}},"9":{"start":{"line":29,"column":29},"end":{"line":29,"column":46}},"10":{"start":{"line":30,"column":12},"end":{"line":30,"column":64}},"11":{"start":{"line":31,"column":12},"end":{"line":31,"column":75}},"12":{"start":{"line":33,"column":12},"end":{"line":33,"column":55}},"13":{"start":{"line":34,"column":12},"end":{"line":34,"column":69}},"14":{"start":{"line":39,"column":25},"end":{"line":39,"column":86}},"15":{"start":{"line":40,"column":23},"end":{"line":40,"column":39}},"16":{"start":{"line":42,"column":8},"end":{"line":45,"column":9}},"17":{"start":{"line":43,"column":12},"end":{"line":43,"column":60}},"18":{"start":{"line":44,"column":12},"end":{"line":44,"column":19}},"19":{"start":{"line":47,"column":8},"end":{"line":55,"column":9}},"20":{"start":{"line":48,"column":37},"end":{"line":48,"column":96}},"21":{"start":{"line":49,"column":29},"end":{"line":49,"column":41}},"22":{"start":{"line":50,"column":12},"end":{"line":50,"column":62}},"23":{"start":{"line":51,"column":12},"end":{"line":51,"column":74}},"24":{"start":{"line":53,"column":12},"end":{"line":53,"column":31}},"25":{"start":{"line":54,"column":12},"end":{"line":54,"column":67}},"26":{"start":{"line":10,"column":0},"end":{"line":10,"column":21}}},"fnMap":{"0":{"name":"(anonymous_0)","decl":{"start":{"line":15,"column":4},"end":{"line":15,"column":17}},"loc":{"start":{"line":15,"column":68},"end":{"line":18,"column":5}}},"1":{"name":"(anonymous_1)","decl":{"start":{"line":20,"column":4},"end":{"line":20,"column":9}},"loc":{"start":{"line":20,"column":48},"end":{"line":36,"column":5}}},"2":{"name":"(anonymous_2)","decl":{"start":{"line":38,"column":4},"end":{"line":38,"column":9}},"loc":{"start":{"line":38,"column":46},"end":{"line":56,"column":5}}}},"branchMap":{"0":{"loc":{"start":{"line":21,"column":54},"end":{"line":21,"column":85}},"type":"binary-expr","locations":[{"start":{"line":21,"column":54},"end":{"line":21,"column":79}},{"start":{"line":21,"column":83},"end":{"line":21,"column":85}}]},"1":{"loc":{"start":{"line":23,"column":8},"end":{"line":26,"column":9}},"type":"if","locations":[{"start":{"line":23,"column":8},"end":{"line":26,"column":9}},{"start":{},"end":{}}]},"2":{"loc":{"start":{"line":39,"column":54},"end":{"line":39,"column":85}},"type":"binary-expr","locations":[{"start":{"line":39,"column":54},"end":{"line":39,"column":79}},{"start":{"line":39,"column":83},"end":{"line":39,"column":85}}]},"3":{"loc":{"start":{"line":42,"column":8},"end":{"line":45,"column":9}},"type":"if","locations":[{"start":{"line":42,"column":8},"end":{"line":45,"column":9}},{"start":{},"end":{}}]}},"s":{"0":7,"1":7,"2":4,"3":4,"4":4,"5":1,"6":1,"7":3,"8":3,"9":3,"10":3,"11":2,"12":1,"13":1,"14":6,"15":6,"16":6,"17":1,"18":1,"19":5,"20":5,"21":5,"22":5,"23":4,"24":1,"25":1,"26":2},"f":{"0":7,"1":4,"2":6},"b":{"0":[4,1],"1":[1,3],"2":[6,1],"3":[1,5]}}
,"C:\\Users\\GoldP\\OneDrive\\Documents\\GitHub\\pitch\\server\\src\\adapters\\rest\\UserController.ts": {"path":"C:\\Users\\GoldP\\OneDrive\\Documents\\GitHub\\pitch\\server\\src\\adapters\\rest\\UserController.ts","statementMap":{"0":{"start":{"line":1,"column":0},"end":{"line":1,"column":28}},"1":{"start":{"line":4,"column":0},"end":{"line":4,"column":50}},"2":{"start":{"line":12,"column":8},"end":{"line":12,"column":39}},"3":{"start":{"line":13,"column":8},"end":{"line":13,"column":39}},"4":{"start":{"line":17,"column":39},"end":{"line":17,"column":47}},"5":{"start":{"line":18,"column":8},"end":{"line":21,"column":9}},"6":{"start":{"line":19,"column":12},"end":{"line":19,"column":82}},"7":{"start":{"line":20,"column":12},"end":{"line":20,"column":19}},"8":{"start":{"line":23,"column":21},"end":{"line":23,"column":71}},"9":{"start":{"line":24,"column":8},"end":{"line":27,"column":9}},"10":{"start":{"line":25,"column":12},"end":{"line":25,"column":76}},"11":{"start":{"line":26,"column":12},"end":{"line":26,"column":19}},"12":{"start":{"line":29,"column":22},"end":{"line":29,"column":67}},"13":{"start":{"line":30,"column":8},"end":{"line":33,"column":9}},"14":{"start":{"line":31,"column":12},"end":{"line":31,"column":76}},"15":{"start":{"line":32,"column":12},"end":{"line":32,"column":19}},"16":{"start":{"line":35,"column":8},"end":{"line":38,"column":11}},"17":{"start":{"line":42,"column":39},"end":{"line":42,"column":47}},"18":{"start":{"line":43,"column":8},"end":{"line":46,"column":9}},"19":{"start":{"line":44,"column":12},"end":{"line":44,"column":82}},"20":{"start":{"line":45,"column":12},"end":{"line":45,"column":19}},"21":{"start":{"line":48,"column":25},"end":{"line":48,"column":75}},"22":{"start":{"line":49,"column":8},"end":{"line":52,"column":9}},"23":{"start":{"line":50,"column":12},"end":{"line":50,"column":71}},"24":{"start":{"line":51,"column":12},"end":{"line":51,"column":19}},"25":{"start":{"line":54,"column":24},"end":{"line":54,"column":107}},"26":{"start":{"line":55,"column":8},"end":{"line":58,"column":9}},"27":{"start":{"line":56,"column":12},"end":{"line":56,"column":69}},"28":{"start":{"line":57,"column":12},"end":{"line":57,"column":19}},"29":{"start":{"line":60,"column":8},"end":{"line":63,"column":11}},"30":{"start":{"line":7,"column":0},"end":{"line":7,"column":21}}},"fnMap":{"0":{"name":"(anonymous_1)","decl":{"start":{"line":11,"column":4},"end":{"line":11,"column":16}},"loc":{"start":{"line":11,"column":67},"end":{"line":14,"column":5}}},"1":{"name":"(anonymous_2)","decl":{"start":{"line":16,"column":4},"end":{"line":16,"column":9}},"loc":{"start":{"line":16,"column":43},"end":{"line":39,"column":5}}},"2":{"name":"(anonymous_3)","decl":{"start":{"line":41,"column":4},"end":{"line":41,"column":9}},"loc":{"start":{"line":41,"column":44},"end":{"line":64,"column":5}}}},"branchMap":{"0":{"loc":{"start":{"line":18,"column":8},"end":{"line":21,"column":9}},"type":"if","locations":[{"start":{"line":18,"column":8},"end":{"line":21,"column":9}},{"start":{},"end":{}}]},"1":{"loc":{"start":{"line":18,"column":12},"end":{"line":18,"column":34}},"type":"binary-expr","locations":[{"start":{"line":18,"column":12},"end":{"line":18,"column":21}},{"start":{"line":18,"column":25},"end":{"line":18,"column":34}}]},"2":{"loc":{"start":{"line":24,"column":8},"end":{"line":27,"column":9}},"type":"if","locations":[{"start":{"line":24,"column":8},"end":{"line":27,"column":9}},{"start":{},"end":{}}]},"3":{"loc":{"start":{"line":30,"column":8},"end":{"line":33,"column":9}},"type":"if","locations":[{"start":{"line":30,"column":8},"end":{"line":33,"column":9}},{"start":{},"end":{}}]},"4":{"loc":{"start":{"line":43,"column":8},"end":{"line":46,"column":9}},"type":"if","locations":[{"start":{"line":43,"column":8},"end":{"line":46,"column":9}},{"start":{},"end":{}}]},"5":{"loc":{"start":{"line":43,"column":12},"end":{"line":43,"column":34}},"type":"binary-expr","locations":[{"start":{"line":43,"column":12},"end":{"line":43,"column":21}},{"start":{"line":43,"column":25},"end":{"line":43,"column":34}}]},"6":{"loc":{"start":{"line":49,"column":8},"end":{"line":52,"column":9}},"type":"if","locations":[{"start":{"line":49,"column":8},"end":{"line":52,"column":9}},{"start":{},"end":{}}]},"7":{"loc":{"start":{"line":55,"column":8},"end":{"line":58,"column":9}},"type":"if","locations":[{"start":{"line":55,"column":8},"end":{"line":58,"column":9}},{"start":{},"end":{}}]}},"s":{"0":2,"1":2,"2":9,"3":9,"4":4,"5":4,"6":1,"7":1,"8":3,"9":3,"10":1,"11":1,"12":2,"13":2,"14":1,"15":1,"16":1,"17":8,"18":8,"19":1,"20":1,"21":7,"22":7,"23":1,"24":1,"25":6,"26":6,"27":1,"28":1,"29":5,"30":2},"f":{"0":9,"1":4,"2":8},"b":{"0":[1,3],"1":[4,4],"2":[1,2],"3":[1,1],"4":[1,7],"5":[8,8],"6":[1,6],"7":[1,5]}}
,"C:\\Users\\GoldP\\OneDrive\\Documents\\GitHub\\pitch\\server\\src\\adapters\\websockets\\WSPublisherAdapter.ts": {"path":"C:\\Users\\GoldP\\OneDrive\\Documents\\GitHub\\pitch\\server\\src\\adapters\\websockets\\WSPublisherAdapter.ts","statementMap":{"0":{"start":{"line":4,"column":0},"end":{"line":4,"column":82}},"1":{"start":{"line":11,"column":4},"end":{"line":11,"column":19}},"2":{"start":{"line":16,"column":4},"end":{"line":16,"column":73}},"3":{"start":{"line":20,"column":4},"end":{"line":22,"column":5}},"4":{"start":{"line":20,"column":63},"end":{"line":20,"column":67}},"5":{"start":{"line":21,"column":8},"end":{"line":21,"column":106}},"6":{"start":{"line":7,"column":0},"end":{"line":7,"column":21}}},"fnMap":{"0":{"name":"(anonymous_0)","decl":{"start":{"line":10,"column":2},"end":{"line":10,"column":15}},"loc":{"start":{"line":10,"column":26},"end":{"line":12,"column":3}}},"1":{"name":"(anonymous_1)","decl":{"start":{"line":14,"column":2},"end":{"line":14,"column":26}},"loc":{"start":{"line":14,"column":78},"end":{"line":17,"column":3}}},"2":{"name":"(anonymous_2)","decl":{"start":{"line":19,"column":2},"end":{"line":19,"column":24}},"loc":{"start":{"line":19,"column":61},"end":{"line":24,"column":3}}},"3":{"name":"(anonymous_3)","decl":{"start":{"line":20,"column":49},"end":{"line":20,"column":50}},"loc":{"start":{"line":20,"column":63},"end":{"line":20,"column":67}}}},"branchMap":{},"s":{"0":1,"1":1,"2":1329,"3":333,"4":1329,"5":1329,"6":1},"f":{"0":1,"1":1329,"2":333,"3":1329},"b":{}}
,"C:\\Users\\GoldP\\OneDrive\\Documents\\GitHub\\pitch\\server\\src\\adapters\\websockets\\WebSocketController.ts": {"path":"C:\\Users\\GoldP\\OneDrive\\Documents\\GitHub\\pitch\\server\\src\\adapters\\websockets\\WebSocketController.ts","statementMap":{"0":{"start":{"line":4,"column":0},"end":{"line":4,"column":54}},"1":{"start":{"line":5,"column":0},"end":{"line":5,"column":64}},"2":{"start":{"line":6,"column":0},"end":{"line":6,"column":64}},"3":{"start":{"line":7,"column":0},"end":{"line":7,"column":66}},"4":{"start":{"line":8,"column":0},"end":{"line":8,"column":78}},"5":{"start":{"line":9,"column":0},"end":{"line":9,"column":47}},"6":{"start":{"line":10,"column":0},"end":{"line":10,"column":49}},"7":{"start":{"line":19,"column":8},"end":{"line":19,"column":23}},"8":{"start":{"line":20,"column":8},"end":{"line":20,"column":39}},"9":{"start":{"line":21,"column":8},"end":{"line":21,"column":39}},"10":{"start":{"line":23,"column":8},"end":{"line":23,"column":70}},"11":{"start":{"line":23,"column":39},"end":{"line":23,"column":68}},"12":{"start":{"line":25,"column":8},"end":{"line":28,"column":11}},"13":{"start":{"line":26,"column":12},"end":{"line":26,"column":45}},"14":{"start":{"line":27,"column":12},"end":{"line":27,"column":48}},"15":{"start":{"line":32,"column":22},"end":{"line":32,"column":50}},"16":{"start":{"line":33,"column":8},"end":{"line":33,"column":59}},"17":{"start":{"line":33,"column":20},"end":{"line":33,"column":59}},"18":{"start":{"line":35,"column":8},"end":{"line":40,"column":9}},"19":{"start":{"line":36,"column":12},"end":{"line":36,"column":62}},"20":{"start":{"line":37,"column":12},"end":{"line":37,"column":19}},"21":{"start":{"line":39,"column":12},"end":{"line":39,"column":44}},"22":{"start":{"line":44,"column":8},"end":{"line":44,"column":75}},"23":{"start":{"line":44,"column":38},"end":{"line":44,"column":73}},"24":{"start":{"line":45,"column":8},"end":{"line":45,"column":86}},"25":{"start":{"line":45,"column":45},"end":{"line":45,"column":84}},"26":{"start":{"line":46,"column":8},"end":{"line":46,"column":86}},"27":{"start":{"line":46,"column":45},"end":{"line":46,"column":84}},"28":{"start":{"line":47,"column":8},"end":{"line":47,"column":86}},"29":{"start":{"line":47,"column":45},"end":{"line":47,"column":84}},"30":{"start":{"line":48,"column":8},"end":{"line":48,"column":88}},"31":{"start":{"line":48,"column":46},"end":{"line":48,"column":86}},"32":{"start":{"line":49,"column":8},"end":{"line":49,"column":100}},"33":{"start":{"line":49,"column":52},"end":{"line":49,"column":98}},"34":{"start":{"line":50,"column":8},"end":{"line":50,"column":52}},"35":{"start":{"line":55,"column":8},"end":{"line":60,"column":9}},"36":{"start":{"line":56,"column":12},"end":{"line":56,"column":42}},"37":{"start":{"line":58,"column":12},"end":{"line":58,"column":65}},"38":{"start":{"line":59,"column":12},"end":{"line":59,"column":19}},"39":{"start":{"line":62,"column":8},"end":{"line":65,"column":9}},"40":{"start":{"line":63,"column":12},"end":{"line":63,"column":80}},"41":{"start":{"line":64,"column":12},"end":{"line":64,"column":19}},"42":{"start":{"line":67,"column":8},"end":{"line":71,"column":9}},"43":{"start":{"line":68,"column":12},"end":{"line":68,"column":110}},"44":{"start":{"line":70,"column":12},"end":{"line":70,"column":92}},"45":{"start":{"line":76,"column":8},"end":{"line":81,"column":9}},"46":{"start":{"line":77,"column":12},"end":{"line":77,"column":42}},"47":{"start":{"line":79,"column":12},"end":{"line":79,"column":65}},"48":{"start":{"line":80,"column":12},"end":{"line":80,"column":19}},"49":{"start":{"line":83,"column":8},"end":{"line":86,"column":9}},"50":{"start":{"line":84,"column":12},"end":{"line":84,"column":80}},"51":{"start":{"line":85,"column":12},"end":{"line":85,"column":19}},"52":{"start":{"line":88,"column":8},"end":{"line":92,"column":9}},"53":{"start":{"line":89,"column":12},"end":{"line":89,"column":128}},"54":{"start":{"line":91,"column":12},"end":{"line":91,"column":92}},"55":{"start":{"line":97,"column":8},"end":{"line":102,"column":9}},"56":{"start":{"line":98,"column":12},"end":{"line":98,"column":42}},"57":{"start":{"line":100,"column":12},"end":{"line":100,"column":65}},"58":{"start":{"line":101,"column":12},"end":{"line":101,"column":19}},"59":{"start":{"line":104,"column":8},"end":{"line":107,"column":9}},"60":{"start":{"line":105,"column":12},"end":{"line":105,"column":80}},"61":{"start":{"line":106,"column":12},"end":{"line":106,"column":19}},"62":{"start":{"line":109,"column":8},"end":{"line":112,"column":9}},"63":{"start":{"line":110,"column":12},"end":{"line":110,"column":74}},"64":{"start":{"line":111,"column":12},"end":{"line":111,"column":19}},"65":{"start":{"line":114,"column":8},"end":{"line":118,"column":9}},"66":{"start":{"line":115,"column":12},"end":{"line":115,"column":118}},"67":{"start":{"line":117,"column":12},"end":{"line":117,"column":92}},"68":{"start":{"line":123,"column":8},"end":{"line":128,"column":9}},"69":{"start":{"line":124,"column":12},"end":{"line":124,"column":42}},"70":{"start":{"line":126,"column":12},"end":{"line":126,"column":72}},"71":{"start":{"line":127,"column":12},"end":{"line":127,"column":19}},"72":{"start":{"line":130,"column":8},"end":{"line":133,"column":9}},"73":{"start":{"line":131,"column":12},"end":{"line":131,"column":87}},"74":{"start":{"line":132,"column":12},"end":{"line":132,"column":19}},"75":{"start":{"line":135,"column":8},"end":{"line":138,"column":9}},"76":{"start":{"line":136,"column":12},"end":{"line":136,"column":85}},"77":{"start":{"line":137,"column":12},"end":{"line":137,"column":19}},"78":{"start":{"line":140,"column":8},"end":{"line":144,"column":9}},"79":{"start":{"line":141,"column":12},"end":{"line":141,"column":159}},"80":{"start":{"line":143,"column":12},"end":{"line":143,"column":99}},"81":{"start":{"line":149,"column":8},"end":{"line":154,"column":9}},"82":{"start":{"line":150,"column":12},"end":{"line":150,"column":42}},"83":{"start":{"line":152,"column":12},"end":{"line":152,"column":66}},"84":{"start":{"line":153,"column":12},"end":{"line":153,"column":19}},"85":{"start":{"line":156,"column":29},"end":{"line":156,"column":56}},"86":{"start":{"line":157,"column":8},"end":{"line":160,"column":9}},"87":{"start":{"line":158,"column":12},"end":{"line":158,"column":83}},"88":{"start":{"line":159,"column":12},"end":{"line":159,"column":19}},"89":{"start":{"line":162,"column":8},"end":{"line":172,"column":9}},"90":{"start":{"line":163,"column":12},"end":{"line":169,"column":15}},"91":{"start":{"line":171,"column":12},"end":{"line":171,"column":93}},"92":{"start":{"line":13,"column":0},"end":{"line":13,"column":21}}},"fnMap":{"0":{"name":"(anonymous_0)","decl":{"start":{"line":18,"column":4},"end":{"line":18,"column":16}},"loc":{"start":{"line":18,"column":80},"end":{"line":29,"column":5}}},"1":{"name":"(anonymous_1)","decl":{"start":{"line":23,"column":21},"end":{"line":23,"column":22}},"loc":{"start":{"line":23,"column":39},"end":{"line":23,"column":68}}},"2":{"name":"(anonymous_2)","decl":{"start":{"line":25,"column":34},"end":{"line":25,"column":35}},"loc":{"start":{"line":25,"column":53},"end":{"line":28,"column":9}}},"3":{"name":"(anonymous_3)","decl":{"start":{"line":31,"column":4},"end":{"line":31,"column":14}},"loc":{"start":{"line":31,"column":58},"end":{"line":41,"column":5}}},"4":{"name":"(anonymous_4)","decl":{"start":{"line":43,"column":4},"end":{"line":43,"column":26}},"loc":{"start":{"line":43,"column":41},"end":{"line":51,"column":5}}},"5":{"name":"(anonymous_5)","decl":{"start":{"line":44,"column":32},"end":{"line":44,"column":35}},"loc":{"start":{"line":44,"column":38},"end":{"line":44,"column":73}}},"6":{"name":"(anonymous_6)","decl":{"start":{"line":45,"column":35},"end":{"line":45,"column":36}},"loc":{"start":{"line":45,"column":45},"end":{"line":45,"column":84}}},"7":{"name":"(anonymous_7)","decl":{"start":{"line":46,"column":35},"end":{"line":46,"column":36}},"loc":{"start":{"line":46,"column":45},"end":{"line":46,"column":84}}},"8":{"name":"(anonymous_8)","decl":{"start":{"line":47,"column":35},"end":{"line":47,"column":36}},"loc":{"start":{"line":47,"column":45},"end":{"line":47,"column":84}}},"9":{"name":"(anonymous_9)","decl":{"start":{"line":48,"column":36},"end":{"line":48,"column":37}},"loc":{"start":{"line":48,"column":46},"end":{"line":48,"column":86}}},"10":{"name":"(anonymous_10)","decl":{"start":{"line":49,"column":42},"end":{"line":49,"column":43}},"loc":{"start":{"line":49,"column":52},"end":{"line":49,"column":98}}},"11":{"name":"(anonymous_11)","decl":{"start":{"line":53,"column":4},"end":{"line":53,"column":9}},"loc":{"start":{"line":53,"column":61},"end":{"line":72,"column":5}}},"12":{"name":"(anonymous_12)","decl":{"start":{"line":74,"column":4},"end":{"line":74,"column":9}},"loc":{"start":{"line":74,"column":61},"end":{"line":93,"column":5}}},"13":{"name":"(anonymous_13)","decl":{"start":{"line":95,"column":4},"end":{"line":95,"column":9}},"loc":{"start":{"line":95,"column":61},"end":{"line":119,"column":5}}},"14":{"name":"(anonymous_14)","decl":{"start":{"line":121,"column":4},"end":{"line":121,"column":9}},"loc":{"start":{"line":121,"column":68},"end":{"line":145,"column":5}}},"15":{"name":"(anonymous_15)","decl":{"start":{"line":147,"column":4},"end":{"line":147,"column":9}},"loc":{"start":{"line":147,"column":62},"end":{"line":173,"column":5}}}},"branchMap":{"0":{"loc":{"start":{"line":33,"column":8},"end":{"line":33,"column":59}},"type":"if","locations":[{"start":{"line":33,"column":8},"end":{"line":33,"column":59}},{"start":{},"end":{}}]},"1":{"loc":{"start":{"line":62,"column":8},"end":{"line":65,"column":9}},"type":"if","locations":[{"start":{"line":62,"column":8},"end":{"line":65,"column":9}},{"start":{},"end":{}}]},"2":{"loc":{"start":{"line":62,"column":12},"end":{"line":62,"column":68}},"type":"binary-expr","locations":[{"start":{"line":62,"column":12},"end":{"line":62,"column":30}},{"start":{"line":62,"column":34},"end":{"line":62,"column":68}}]},"3":{"loc":{"start":{"line":70,"column":50},"end":{"line":70,"column":90}},"type":"cond-expr","locations":[{"start":{"line":70,"column":73},"end":{"line":70,"column":84}},{"start":{"line":70,"column":87},"end":{"line":70,"column":90}}]},"4":{"loc":{"start":{"line":83,"column":8},"end":{"line":86,"column":9}},"type":"if","locations":[{"start":{"line":83,"column":8},"end":{"line":86,"column":9}},{"start":{},"end":{}}]},"5":{"loc":{"start":{"line":83,"column":12},"end":{"line":83,"column":97}},"type":"binary-expr","locations":[{"start":{"line":83,"column":12},"end":{"line":83,"column":30}},{"start":{"line":83,"column":34},"end":{"line":83,"column":63}},{"start":{"line":83,"column":67},"end":{"line":83,"column":97}}]},"6":{"loc":{"start":{"line":91,"column":50},"end":{"line":91,"column":90}},"type":"cond-expr","locations":[{"start":{"line":91,"column":73},"end":{"line":91,"column":84}},{"start":{"line":91,"column":87},"end":{"line":91,"column":90}}]},"7":{"loc":{"start":{"line":104,"column":8},"end":{"line":107,"column":9}},"type":"if","locations":[{"start":{"line":104,"column":8},"end":{"line":107,"column":9}},{"start":{},"end":{}}]},"8":{"loc":{"start":{"line":104,"column":12},"end":{"line":104,"column":50}},"type":"binary-expr","locations":[{"start":{"line":104,"column":12},"end":{"line":104,"column":30}},{"start":{"line":104,"column":34},"end":{"line":104,"column":50}}]},"9":{"loc":{"start":{"line":109,"column":8},"end":{"line":112,"column":9}},"type":"if","locations":[{"start":{"line":109,"column":8},"end":{"line":112,"column":9}},{"start":{},"end":{}}]},"10":{"loc":{"start":{"line":117,"column":50},"end":{"line":117,"column":90}},"type":"cond-expr","locations":[{"start":{"line":117,"column":73},"end":{"line":117,"column":84}},{"start":{"line":117,"column":87},"end":{"line":117,"column":90}}]},"11":{"loc":{"start":{"line":130,"column":8},"end":{"line":133,"column":9}},"type":"if","locations":[{"start":{"line":130,"column":8},"end":{"line":133,"column":9}},{"start":{},"end":{}}]},"12":{"loc":{"start":{"line":130,"column":12},"end":{"line":130,"column":84}},"type":"binary-expr","locations":[{"start":{"line":130,"column":12},"end":{"line":130,"column":30}},{"start":{"line":130,"column":34},"end":{"line":130,"column":50}},{"start":{"line":130,"column":54},"end":{"line":130,"column":84}}]},"13":{"loc":{"start":{"line":135,"column":8},"end":{"line":138,"column":9}},"type":"if","locations":[{"start":{"line":135,"column":8},"end":{"line":138,"column":9}},{"start":{},"end":{}}]},"14":{"loc":{"start":{"line":135,"column":12},"end":{"line":135,"column":110}},"type":"binary-expr","locations":[{"start":{"line":135,"column":12},"end":{"line":135,"column":58}},{"start":{"line":135,"column":62},"end":{"line":135,"column":110}}]},"15":{"loc":{"start":{"line":143,"column":57},"end":{"line":143,"column":97}},"type":"cond-expr","locations":[{"start":{"line":143,"column":80},"end":{"line":143,"column":91}},{"start":{"line":143,"column":94},"end":{"line":143,"column":97}}]},"16":{"loc":{"start":{"line":157,"column":8},"end":{"line":160,"column":9}},"type":"if","locations":[{"start":{"line":157,"column":8},"end":{"line":160,"column":9}},{"start":{},"end":{}}]},"17":{"loc":{"start":{"line":157,"column":12},"end":{"line":157,"column":75}},"type":"binary-expr","locations":[{"start":{"line":157,"column":12},"end":{"line":157,"column":30}},{"start":{"line":157,"column":34},"end":{"line":157,"column":75}}]},"18":{"loc":{"start":{"line":171,"column":51},"end":{"line":171,"column":91}},"type":"cond-expr","locations":[{"start":{"line":171,"column":74},"end":{"line":171,"column":85}},{"start":{"line":171,"column":88},"end":{"line":171,"column":91}}]}},"s":{"0":3,"1":3,"2":3,"3":3,"4":3,"5":3,"6":3,"7":12,"8":12,"9":12,"10":12,"11":11,"12":12,"13":10,"14":10,"15":13,"16":13,"17":0,"18":13,"19":13,"20":11,"21":2,"22":11,"23":10,"24":11,"25":60,"26":11,"27":210,"28":11,"29":15,"30":11,"31":52,"32":11,"33":0,"34":11,"35":62,"36":62,"37":0,"38":0,"39":62,"40":2,"41":2,"42":60,"43":60,"44":2,"45":211,"46":211,"47":0,"48":0,"49":211,"50":0,"51":0,"52":211,"53":211,"54":0,"55":17,"56":17,"57":0,"58":0,"59":17,"60":0,"61":0,"62":17,"63":1,"64":1,"65":16,"66":16,"67":0,"68":0,"69":0,"70":0,"71":0,"72":0,"73":0,"74":0,"75":0,"76":0,"77":0,"78":0,"79":0,"80":0,"81":53,"82":53,"83":0,"84":0,"85":53,"86":53,"87":0,"88":0,"89":53,"90":53,"91":0,"92":3},"f":{"0":12,"1":11,"2":10,"3":13,"4":11,"5":10,"6":60,"7":210,"8":15,"9":52,"10":0,"11":62,"12":211,"13":17,"14":0,"15":53},"b":{"0":[0,13],"1":[2,60],"2":[62,60],"3":[2,0],"4":[0,211],"5":[211,211,211],"6":[0,0],"7":[0,17],"8":[17,17],"9":[1,16],"10":[0,0],"11":[0,0],"12":[0,0,0],"13":[0,0],"14":[0,0],"15":[0,0],"16":[0,53],"17":[53,53],"18":[0,0]}}
,"C:\\Users\\GoldP\\OneDrive\\Documents\\GitHub\\pitch\\server\\src\\application\\BlindCard.ts": {"path":"C:\\Users\\GoldP\\OneDrive\\Documents\\GitHub\\pitch\\server\\src\\application\\BlindCard.ts","statementMap":{"0":{"start":{"line":9,"column":0},"end":{"line":9,"column":16}},"1":{"start":{"line":1,"column":0},"end":{"line":1,"column":47}},"2":{"start":{"line":3,"column":0},"end":{"line":3,"column":74}},"3":{"start":{"line":4,"column":0},"end":{"line":4,"column":80}},"4":{"start":{"line":16,"column":4},"end":{"line":18,"column":5}},"5":{"start":{"line":17,"column":8},"end":{"line":17,"column":75}},"6":{"start":{"line":19,"column":17},"end":{"line":19,"column":36}},"7":{"start":{"line":21,"column":4},"end":{"line":23,"column":5}},"8":{"start":{"line":22,"column":8},"end":{"line":22,"column":85}},"9":{"start":{"line":25,"column":4},"end":{"line":27,"column":5}},"10":{"start":{"line":26,"column":8},"end":{"line":26,"column":73}},"11":{"start":{"line":29,"column":22},"end":{"line":29,"column":77}},"12":{"start":{"line":29,"column":50},"end":{"line":29,"column":75}},"13":{"start":{"line":31,"column":4},"end":{"line":46,"column":5}},"14":{"start":{"line":32,"column":8},"end":{"line":34,"column":9}},"15":{"start":{"line":33,"column":12},"end":{"line":33,"column":84}},"16":{"start":{"line":35,"column":8},"end":{"line":35,"column":54}},"17":{"start":{"line":36,"column":11},"end":{"line":46,"column":5}},"18":{"start":{"line":37,"column":8},"end":{"line":39,"column":9}},"19":{"start":{"line":38,"column":12},"end":{"line":38,"column":74}},"20":{"start":{"line":40,"column":30},"end":{"line":40,"column":59}},"21":{"start":{"line":41,"column":8},"end":{"line":43,"column":9}},"22":{"start":{"line":42,"column":12},"end":{"line":42,"column":84}},"23":{"start":{"line":44,"column":8},"end":{"line":44,"column":49}},"24":{"start":{"line":45,"column":8},"end":{"line":45,"column":54}},"25":{"start":{"line":49,"column":4},"end":{"line":49,"column":67}},"26":{"start":{"line":57,"column":21},"end":{"line":57,"column":44}},"27":{"start":{"line":59,"column":4},"end":{"line":63,"column":5}},"28":{"start":{"line":60,"column":8},"end":{"line":60,"column":70}},"29":{"start":{"line":62,"column":8},"end":{"line":62,"column":55}}},"fnMap":{"0":{"name":"processBlindCard","decl":{"start":{"line":9,"column":16},"end":{"line":9,"column":32}},"loc":{"start":{"line":14,"column":21},"end":{"line":50,"column":1}}},"1":{"name":"(anonymous_1)","decl":{"start":{"line":29,"column":45},"end":{"line":29,"column":46}},"loc":{"start":{"line":29,"column":50},"end":{"line":29,"column":75}}},"2":{"name":"advanceBlindCard","decl":{"start":{"line":52,"column":9},"end":{"line":52,"column":25}},"loc":{"start":{"line":55,"column":30},"end":{"line":64,"column":1}}}},"branchMap":{"0":{"loc":{"start":{"line":16,"column":4},"end":{"line":18,"column":5}},"type":"if","locations":[{"start":{"line":16,"column":4},"end":{"line":18,"column":5}},{"start":{},"end":{}}]},"1":{"loc":{"start":{"line":21,"column":4},"end":{"line":23,"column":5}},"type":"if","locations":[{"start":{"line":21,"column":4},"end":{"line":23,"column":5}},{"start":{},"end":{}}]},"2":{"loc":{"start":{"line":25,"column":4},"end":{"line":27,"column":5}},"type":"if","locations":[{"start":{"line":25,"column":4},"end":{"line":27,"column":5}},{"start":{},"end":{}}]},"3":{"loc":{"start":{"line":31,"column":4},"end":{"line":46,"column":5}},"type":"if","locations":[{"start":{"line":31,"column":4},"end":{"line":46,"column":5}},{"start":{"line":36,"column":11},"end":{"line":46,"column":5}}]},"4":{"loc":{"start":{"line":32,"column":8},"end":{"line":34,"column":9}},"type":"if","locations":[{"start":{"line":32,"column":8},"end":{"line":34,"column":9}},{"start":{},"end":{}}]},"5":{"loc":{"start":{"line":36,"column":11},"end":{"line":46,"column":5}},"type":"if","locations":[{"start":{"line":36,"column":11},"end":{"line":46,"column":5}},{"start":{},"end":{}}]},"6":{"loc":{"start":{"line":37,"column":8},"end":{"line":39,"column":9}},"type":"if","locations":[{"start":{"line":37,"column":8},"end":{"line":39,"column":9}},{"start":{},"end":{}}]},"7":{"loc":{"start":{"line":37,"column":12},"end":{"line":37,"column":48}},"type":"binary-expr","locations":[{"start":{"line":37,"column":12},"end":{"line":37,"column":21}},{"start":{"line":37,"column":25},"end":{"line":37,"column":48}}]},"8":{"loc":{"start":{"line":41,"column":8},"end":{"line":43,"column":9}},"type":"if","locations":[{"start":{"line":41,"column":8},"end":{"line":43,"column":9}},{"start":{},"end":{}}]},"9":{"loc":{"start":{"line":59,"column":4},"end":{"line":63,"column":5}},"type":"if","locations":[{"start":{"line":59,"column":4},"end":{"line":63,"column":5}},{"start":{"line":61,"column":11},"end":{"line":63,"column":5}}]},"10":{"loc":{"start":{"line":59,"column":8},"end":{"line":59,"column":48}},"type":"binary-expr","locations":[{"start":{"line":59,"column":8},"end":{"line":59,"column":36}},{"start":{"line":59,"column":40},"end":{"line":59,"column":48}}]}},"s":{"0":2,"1":2,"2":2,"3":2,"4":62,"5":1,"6":61,"7":61,"8":1,"9":60,"10":1,"11":59,"12":142,"13":59,"14":54,"15":1,"16":53,"17":5,"18":3,"19":1,"20":2,"21":2,"22":1,"23":1,"24":1,"25":56,"26":56,"27":56,"28":19,"29":37},"f":{"0":62,"1":142,"2":56},"b":{"0":[1,61],"1":[1,60],"2":[1,59],"3":[54,5],"4":[1,53],"5":[3,2],"6":[1,2],"7":[3,2],"8":[1,1],"9":[19,37],"10":[56,51]}}
,"C:\\Users\\GoldP\\OneDrive\\Documents\\GitHub\\pitch\\server\\src\\application\\DiscardHandCard.ts": {"path":"C:\\Users\\GoldP\\OneDrive\\Documents\\GitHub\\pitch\\server\\src\\application\\DiscardHandCard.ts","statementMap":{"0":{"start":{"line":8,"column":0},"end":{"line":8,"column":16}},"1":{"start":{"line":1,"column":0},"end":{"line":1,"column":47}},"2":{"start":{"line":3,"column":0},"end":{"line":3,"column":80}},"3":{"start":{"line":9,"column":4},"end":{"line":11,"column":5}},"4":{"start":{"line":10,"column":8},"end":{"line":10,"column":75}},"5":{"start":{"line":12,"column":17},"end":{"line":12,"column":36}},"6":{"start":{"line":14,"column":4},"end":{"line":16,"column":5}},"7":{"start":{"line":15,"column":8},"end":{"line":15,"column":106}},"8":{"start":{"line":18,"column":22},"end":{"line":18,"column":69}},"9":{"start":{"line":18,"column":50},"end":{"line":18,"column":67}},"10":{"start":{"line":19,"column":17},"end":{"line":19,"column":38}},"11":{"start":{"line":21,"column":4},"end":{"line":23,"column":5}},"12":{"start":{"line":22,"column":8},"end":{"line":22,"column":69}},"13":{"start":{"line":25,"column":4},"end":{"line":25,"column":36}}},"fnMap":{"0":{"name":"discardHandCard","decl":{"start":{"line":8,"column":16},"end":{"line":8,"column":31}},"loc":{"start":{"line":8,"column":98},"end":{"line":26,"column":1}}},"1":{"name":"(anonymous_1)","decl":{"start":{"line":18,"column":45},"end":{"line":18,"column":46}},"loc":{"start":{"line":18,"column":50},"end":{"line":18,"column":67}}}},"branchMap":{"0":{"loc":{"start":{"line":9,"column":4},"end":{"line":11,"column":5}},"type":"if","locations":[{"start":{"line":9,"column":4},"end":{"line":11,"column":5}},{"start":{},"end":{}}]},"1":{"loc":{"start":{"line":14,"column":4},"end":{"line":16,"column":5}},"type":"if","locations":[{"start":{"line":14,"column":4},"end":{"line":16,"column":5}},{"start":{},"end":{}}]},"2":{"loc":{"start":{"line":21,"column":4},"end":{"line":23,"column":5}},"type":"if","locations":[{"start":{"line":21,"column":4},"end":{"line":23,"column":5}},{"start":{},"end":{}}]}},"s":{"0":2,"1":2,"2":2,"3":5,"4":1,"5":4,"6":4,"7":1,"8":3,"9":3,"10":3,"11":3,"12":1,"13":2},"f":{"0":5,"1":3},"b":{"0":[1,4],"1":[1,3],"2":[1,2]}}
,"C:\\Users\\GoldP\\OneDrive\\Documents\\GitHub\\pitch\\server\\src\\application\\GameService.ts": {"path":"C:\\Users\\GoldP\\OneDrive\\Documents\\GitHub\\pitch\\server\\src\\application\\GameService.ts","statementMap":{"0":{"start":{"line":1,"column":0},"end":{"line":1,"column":47}},"1":{"start":{"line":3,"column":0},"end":{"line":3,"column":64}},"2":{"start":{"line":11,"column":0},"end":{"line":11,"column":38}},"3":{"start":{"line":12,"column":0},"end":{"line":12,"column":38}},"4":{"start":{"line":13,"column":0},"end":{"line":13,"column":38}},"5":{"start":{"line":14,"column":0},"end":{"line":14,"column":47}},"6":{"start":{"line":15,"column":0},"end":{"line":15,"column":52}},"7":{"start":{"line":22,"column":8},"end":{"line":22,"column":55}},"8":{"start":{"line":23,"column":8},"end":{"line":23,"column":31}},"9":{"start":{"line":27,"column":48},"end":{"line":27,"column":54}},"10":{"start":{"line":29,"column":26},"end":{"line":29,"column":81}},"11":{"start":{"line":30,"column":8},"end":{"line":30,"column":60}},"12":{"start":{"line":30,"column":24},"end":{"line":30,"column":60}},"13":{"start":{"line":32,"column":8},"end":{"line":32,"column":61}},"14":{"start":{"line":34,"column":8},"end":{"line":34,"column":66}},"15":{"start":{"line":35,"column":8},"end":{"line":35,"column":69}},"16":{"start":{"line":39,"column":58},"end":{"line":39,"column":61}},"17":{"start":{"line":41,"column":26},"end":{"line":41,"column":81}},"18":{"start":{"line":42,"column":8},"end":{"line":42,"column":60}},"19":{"start":{"line":42,"column":24},"end":{"line":42,"column":60}},"20":{"start":{"line":44,"column":8},"end":{"line":44,"column":81}},"21":{"start":{"line":46,"column":8},"end":{"line":46,"column":66}},"22":{"start":{"line":47,"column":8},"end":{"line":47,"column":69}},"23":{"start":{"line":51,"column":43},"end":{"line":51,"column":46}},"24":{"start":{"line":53,"column":26},"end":{"line":53,"column":81}},"25":{"start":{"line":54,"column":8},"end":{"line":54,"column":60}},"26":{"start":{"line":54,"column":24},"end":{"line":54,"column":60}},"27":{"start":{"line":56,"column":8},"end":{"line":56,"column":56}},"28":{"start":{"line":58,"column":8},"end":{"line":58,"column":66}},"29":{"start":{"line":59,"column":8},"end":{"line":59,"column":69}},"30":{"start":{"line":63,"column":58},"end":{"line":63,"column":61}},"31":{"start":{"line":65,"column":26},"end":{"line":65,"column":81}},"32":{"start":{"line":66,"column":8},"end":{"line":66,"column":60}},"33":{"start":{"line":66,"column":24},"end":{"line":66,"column":60}},"34":{"start":{"line":68,"column":8},"end":{"line":68,"column":78}},"35":{"start":{"line":70,"column":8},"end":{"line":70,"column":66}},"36":{"start":{"line":71,"column":8},"end":{"line":71,"column":69}},"37":{"start":{"line":75,"column":66},"end":{"line":75,"column":69}},"38":{"start":{"line":77,"column":26},"end":{"line":77,"column":81}},"39":{"start":{"line":78,"column":8},"end":{"line":78,"column":60}},"40":{"start":{"line":78,"column":24},"end":{"line":78,"column":60}},"41":{"start":{"line":80,"column":8},"end":{"line":80,"column":87}},"42":{"start":{"line":82,"column":8},"end":{"line":82,"column":66}},"43":{"start":{"line":83,"column":8},"end":{"line":83,"column":69}},"44":{"start":{"line":17,"column":0},"end":{"line":17,"column":13}}},"fnMap":{"0":{"name":"(anonymous_0)","decl":{"start":{"line":21,"column":4},"end":{"line":21,"column":16}},"loc":{"start":{"line":21,"column":86},"end":{"line":24,"column":5}}},"1":{"name":"(anonymous_1)","decl":{"start":{"line":26,"column":4},"end":{"line":26,"column":9}},"loc":{"start":{"line":26,"column":33},"end":{"line":36,"column":5}}},"2":{"name":"(anonymous_2)","decl":{"start":{"line":38,"column":4},"end":{"line":38,"column":9}},"loc":{"start":{"line":38,"column":35},"end":{"line":48,"column":5}}},"3":{"name":"(anonymous_3)","decl":{"start":{"line":50,"column":4},"end":{"line":50,"column":9}},"loc":{"start":{"line":50,"column":35},"end":{"line":60,"column":5}}},"4":{"name":"(anonymous_4)","decl":{"start":{"line":62,"column":4},"end":{"line":62,"column":9}},"loc":{"start":{"line":62,"column":49},"end":{"line":72,"column":5}}},"5":{"name":"(anonymous_5)","decl":{"start":{"line":74,"column":4},"end":{"line":74,"column":9}},"loc":{"start":{"line":74,"column":37},"end":{"line":84,"column":5}}}},"branchMap":{"0":{"loc":{"start":{"line":30,"column":8},"end":{"line":30,"column":60}},"type":"if","locations":[{"start":{"line":30,"column":8},"end":{"line":30,"column":60}},{"start":{},"end":{}}]},"1":{"loc":{"start":{"line":42,"column":8},"end":{"line":42,"column":60}},"type":"if","locations":[{"start":{"line":42,"column":8},"end":{"line":42,"column":60}},{"start":{},"end":{}}]},"2":{"loc":{"start":{"line":54,"column":8},"end":{"line":54,"column":60}},"type":"if","locations":[{"start":{"line":54,"column":8},"end":{"line":54,"column":60}},{"start":{},"end":{}}]},"3":{"loc":{"start":{"line":66,"column":8},"end":{"line":66,"column":60}},"type":"if","locations":[{"start":{"line":66,"column":8},"end":{"line":66,"column":60}},{"start":{},"end":{}}]},"4":{"loc":{"start":{"line":78,"column":8},"end":{"line":78,"column":60}},"type":"if","locations":[{"start":{"line":78,"column":8},"end":{"line":78,"column":60}},{"start":{},"end":{}}]}},"s":{"0":1,"1":1,"2":1,"3":1,"4":1,"5":1,"6":1,"7":1,"8":1,"9":58,"10":58,"11":58,"12":0,"13":58,"14":56,"15":56,"16":209,"17":209,"18":209,"19":0,"20":209,"21":209,"22":209,"23":14,"24":14,"25":14,"26":0,"27":14,"28":14,"29":14,"30":0,"31":0,"32":0,"33":0,"34":0,"35":0,"36":0,"37":51,"38":51,"39":51,"40":0,"41":51,"42":51,"43":51,"44":1},"f":{"0":1,"1":58,"2":209,"3":14,"4":0,"5":51},"b":{"0":[0,58],"1":[0,209],"2":[0,14],"3":[0,0],"4":[0,51]}}
,"C:\\Users\\GoldP\\OneDrive\\Documents\\GitHub\\pitch\\server\\src\\application\\PickSuit.ts": {"path":"C:\\Users\\GoldP\\OneDrive\\Documents\\GitHub\\pitch\\server\\src\\application\\PickSuit.ts","statementMap":{"0":{"start":{"line":7,"column":0},"end":{"line":7,"column":16}},"1":{"start":{"line":2,"column":0},"end":{"line":2,"column":91}},"2":{"start":{"line":4,"column":0},"end":{"line":4,"column":80}},"3":{"start":{"line":8,"column":4},"end":{"line":10,"column":5}},"4":{"start":{"line":9,"column":8},"end":{"line":9,"column":79}},"5":{"start":{"line":11,"column":17},"end":{"line":11,"column":36}},"6":{"start":{"line":13,"column":4},"end":{"line":15,"column":5}},"7":{"start":{"line":14,"column":8},"end":{"line":14,"column":84}},"8":{"start":{"line":17,"column":27},"end":{"line":17,"column":73}},"9":{"start":{"line":20,"column":4},"end":{"line":24,"column":5}},"10":{"start":{"line":21,"column":8},"end":{"line":21,"column":73}},"11":{"start":{"line":23,"column":8},"end":{"line":23,"column":45}}},"fnMap":{"0":{"name":"pickSuit","decl":{"start":{"line":7,"column":16},"end":{"line":7,"column":24}},"loc":{"start":{"line":7,"column":77},"end":{"line":25,"column":1}}}},"branchMap":{"0":{"loc":{"start":{"line":8,"column":4},"end":{"line":10,"column":5}},"type":"if","locations":[{"start":{"line":8,"column":4},"end":{"line":10,"column":5}},{"start":{},"end":{}}]},"1":{"loc":{"start":{"line":13,"column":4},"end":{"line":15,"column":5}},"type":"if","locations":[{"start":{"line":13,"column":4},"end":{"line":15,"column":5}},{"start":{},"end":{}}]},"2":{"loc":{"start":{"line":20,"column":4},"end":{"line":24,"column":5}},"type":"if","locations":[{"start":{"line":20,"column":4},"end":{"line":24,"column":5}},{"start":{"line":22,"column":11},"end":{"line":24,"column":5}}]}},"s":{"0":3,"1":3,"2":3,"3":22,"4":1,"5":21,"6":21,"7":1,"8":20,"9":20,"10":5,"11":15},"f":{"0":22},"b":{"0":[1,21],"1":[1,20],"2":[5,15]}}
,"C:\\Users\\GoldP\\OneDrive\\Documents\\GitHub\\pitch\\server\\src\\application\\PlaceBid.ts": {"path":"C:\\Users\\GoldP\\OneDrive\\Documents\\GitHub\\pitch\\server\\src\\application\\PlaceBid.ts","statementMap":{"0":{"start":{"line":14,"column":0},"end":{"line":14,"column":16}},"1":{"start":{"line":3,"column":0},"end":{"line":3,"column":80}},"2":{"start":{"line":4,"column":0},"end":{"line":4,"column":79}},"3":{"start":{"line":15,"column":4},"end":{"line":17,"column":5}},"4":{"start":{"line":16,"column":8},"end":{"line":16,"column":72}},"5":{"start":{"line":18,"column":17},"end":{"line":18,"column":36}},"6":{"start":{"line":19,"column":15},"end":{"line":19,"column":32}},"7":{"start":{"line":21,"column":4},"end":{"line":23,"column":5}},"8":{"start":{"line":22,"column":8},"end":{"line":22,"column":80}},"9":{"start":{"line":24,"column":4},"end":{"line":26,"column":5}},"10":{"start":{"line":25,"column":8},"end":{"line":25,"column":104}},"11":{"start":{"line":28,"column":4},"end":{"line":32,"column":5}},"12":{"start":{"line":29,"column":8},"end":{"line":29,"column":48}},"13":{"start":{"line":31,"column":8},"end":{"line":31,"column":56}},"14":{"start":{"line":34,"column":4},"end":{"line":36,"column":5}},"15":{"start":{"line":35,"column":8},"end":{"line":35,"column":56}},"16":{"start":{"line":40,"column":4},"end":{"line":40,"column":37}},"17":{"start":{"line":40,"column":25},"end":{"line":40,"column":37}},"18":{"start":{"line":41,"column":4},"end":{"line":41,"column":44}},"19":{"start":{"line":41,"column":31},"end":{"line":41,"column":44}},"20":{"start":{"line":42,"column":4},"end":{"line":42,"column":75}},"21":{"start":{"line":46,"column":15},"end":{"line":46,"column":32}},"22":{"start":{"line":47,"column":4},"end":{"line":47,"column":40}},"23":{"start":{"line":48,"column":4},"end":{"line":51,"column":5}},"24":{"start":{"line":49,"column":8},"end":{"line":49,"column":34}},"25":{"start":{"line":50,"column":8},"end":{"line":50,"column":38}},"26":{"start":{"line":52,"column":4},"end":{"line":52,"column":66}},"27":{"start":{"line":56,"column":15},"end":{"line":56,"column":32}},"28":{"start":{"line":57,"column":4},"end":{"line":57,"column":23}},"29":{"start":{"line":58,"column":4},"end":{"line":58,"column":33}},"30":{"start":{"line":59,"column":4},"end":{"line":59,"column":34}},"31":{"start":{"line":62,"column":17},"end":{"line":62,"column":57}},"32":{"start":{"line":63,"column":4},"end":{"line":68,"column":5}},"33":{"start":{"line":64,"column":8},"end":{"line":66,"column":9}},"34":{"start":{"line":65,"column":12},"end":{"line":65,"column":38}},"35":{"start":{"line":67,"column":8},"end":{"line":67,"column":56}},"36":{"start":{"line":69,"column":4},"end":{"line":69,"column":34}},"37":{"start":{"line":73,"column":16},"end":{"line":73,"column":48}},"38":{"start":{"line":73,"column":43},"end":{"line":73,"column":47}},"39":{"start":{"line":74,"column":16},"end":{"line":74,"column":38}},"40":{"start":{"line":75,"column":4},"end":{"line":75,"column":39}},"41":{"start":{"line":79,"column":4},"end":{"line":79,"column":90}},"42":{"start":{"line":79,"column":40},"end":{"line":79,"column":88}}},"fnMap":{"0":{"name":"placeBid","decl":{"start":{"line":14,"column":16},"end":{"line":14,"column":24}},"loc":{"start":{"line":14,"column":84},"end":{"line":37,"column":1}}},"1":{"name":"isBidAmountValid","decl":{"start":{"line":39,"column":9},"end":{"line":39,"column":25}},"loc":{"start":{"line":39,"column":67},"end":{"line":43,"column":1}}},"2":{"name":"recordBid","decl":{"start":{"line":45,"column":9},"end":{"line":45,"column":18}},"loc":{"start":{"line":45,"column":97},"end":{"line":53,"column":1}}},"3":{"name":"shootTheMoon","decl":{"start":{"line":55,"column":9},"end":{"line":55,"column":21}},"loc":{"start":{"line":55,"column":81},"end":{"line":70,"column":1}}},"4":{"name":"getNextBidderId","decl":{"start":{"line":72,"column":9},"end":{"line":72,"column":24}},"loc":{"start":{"line":72,"column":84},"end":{"line":76,"column":1}}},"5":{"name":"(anonymous_5)","decl":{"start":{"line":73,"column":38},"end":{"line":73,"column":39}},"loc":{"start":{"line":73,"column":43},"end":{"line":73,"column":47}}},"6":{"name":"isBiddingComplete","decl":{"start":{"line":78,"column":9},"end":{"line":78,"column":26}},"loc":{"start":{"line":78,"column":66},"end":{"line":80,"column":1}}},"7":{"name":"(anonymous_7)","decl":{"start":{"line":79,"column":35},"end":{"line":79,"column":36}},"loc":{"start":{"line":79,"column":40},"end":{"line":79,"column":88}}}},"branchMap":{"0":{"loc":{"start":{"line":15,"column":4},"end":{"line":17,"column":5}},"type":"if","locations":[{"start":{"line":15,"column":4},"end":{"line":17,"column":5}},{"start":{},"end":{}}]},"1":{"loc":{"start":{"line":21,"column":4},"end":{"line":23,"column":5}},"type":"if","locations":[{"start":{"line":21,"column":4},"end":{"line":23,"column":5}},{"start":{},"end":{}}]},"2":{"loc":{"start":{"line":24,"column":4},"end":{"line":26,"column":5}},"type":"if","locations":[{"start":{"line":24,"column":4},"end":{"line":26,"column":5}},{"start":{},"end":{}}]},"3":{"loc":{"start":{"line":28,"column":4},"end":{"line":32,"column":5}},"type":"if","locations":[{"start":{"line":28,"column":4},"end":{"line":32,"column":5}},{"start":{"line":30,"column":11},"end":{"line":32,"column":5}}]},"4":{"loc":{"start":{"line":34,"column":4},"end":{"line":36,"column":5}},"type":"if","locations":[{"start":{"line":34,"column":4},"end":{"line":36,"column":5}},{"start":{},"end":{}}]},"5":{"loc":{"start":{"line":40,"column":4},"end":{"line":40,"column":37}},"type":"if","locations":[{"start":{"line":40,"column":4},"end":{"line":40,"column":37}},{"start":{},"end":{}}]},"6":{"loc":{"start":{"line":41,"column":4},"end":{"line":41,"column":44}},"type":"if","locations":[{"start":{"line":41,"column":4},"end":{"line":41,"column":44}},{"start":{},"end":{}}]},"7":{"loc":{"start":{"line":42,"column":11},"end":{"line":42,"column":74}},"type":"binary-expr","locations":[{"start":{"line":42,"column":11},"end":{"line":42,"column":37}},{"start":{"line":42,"column":41},"end":{"line":42,"column":55}},{"start":{"line":42,"column":59},"end":{"line":42,"column":74}}]},"8":{"loc":{"start":{"line":48,"column":4},"end":{"line":51,"column":5}},"type":"if","locations":[{"start":{"line":48,"column":4},"end":{"line":51,"column":5}},{"start":{},"end":{}}]},"9":{"loc":{"start":{"line":64,"column":8},"end":{"line":66,"column":9}},"type":"if","locations":[{"start":{"line":64,"column":8},"end":{"line":66,"column":9}},{"start":{},"end":{}}]}},"s":{"0":3,"1":3,"2":3,"3":88,"4":2,"5":86,"6":86,"7":86,"8":3,"9":83,"10":2,"11":81,"12":2,"13":79,"14":81,"15":21,"16":83,"17":56,"18":27,"19":0,"20":27,"21":79,"22":79,"23":79,"24":23,"25":23,"26":79,"27":2,"28":2,"29":2,"30":2,"31":2,"32":2,"33":6,"34":6,"35":6,"36":2,"37":87,"38":348,"39":87,"40":87,"41":81,"42":178},"f":{"0":88,"1":83,"2":79,"3":2,"4":87,"5":348,"6":81,"7":178},"b":{"0":[2,86],"1":[3,83],"2":[2,81],"3":[2,79],"4":[21,60],"5":[56,27],"6":[0,27],"7":[27,26,25],"8":[23,56],"9":[6,0]}}
,"C:\\Users\\GoldP\\OneDrive\\Documents\\GitHub\\pitch\\server\\src\\application\\PlayCard.ts": {"path":"C:\\Users\\GoldP\\OneDrive\\Documents\\GitHub\\pitch\\server\\src\\application\\PlayCard.ts","statementMap":{"0":{"start":{"line":33,"column":0},"end":{"line":33,"column":16}},"1":{"start":{"line":1,"column":0},"end":{"line":1,"column":28}},"2":{"start":{"line":2,"column":0},"end":{"line":2,"column":47}},"3":{"start":{"line":4,"column":0},"end":{"line":4,"column":47}},"4":{"start":{"line":6,"column":0},"end":{"line":6,"column":106}},"5":{"start":{"line":7,"column":0},"end":{"line":7,"column":49}},"6":{"start":{"line":9,"column":0},"end":{"line":9,"column":46}},"7":{"start":{"line":10,"column":0},"end":{"line":10,"column":80}},"8":{"start":{"line":13,"column":43},"end":{"line":28,"column":2}},"9":{"start":{"line":30,"column":25},"end":{"line":30,"column":26}},"10":{"start":{"line":31,"column":27},"end":{"line":31,"column":29}},"11":{"start":{"line":34,"column":4},"end":{"line":36,"column":5}},"12":{"start":{"line":35,"column":8},"end":{"line":35,"column":72}},"13":{"start":{"line":37,"column":17},"end":{"line":37,"column":36}},"14":{"start":{"line":39,"column":19},"end":{"line":39,"column":65}},"15":{"start":{"line":39,"column":47},"end":{"line":39,"column":64}},"16":{"start":{"line":40,"column":4},"end":{"line":40,"column":84}},"17":{"start":{"line":40,"column":17},"end":{"line":40,"column":84}},"18":{"start":{"line":42,"column":4},"end":{"line":44,"column":5}},"19":{"start":{"line":43,"column":8},"end":{"line":43,"column":68}},"20":{"start":{"line":46,"column":4},"end":{"line":60,"column":5}},"21":{"start":{"line":48,"column":8},"end":{"line":48,"column":48}},"22":{"start":{"line":50,"column":8},"end":{"line":52,"column":9}},"23":{"start":{"line":51,"column":12},"end":{"line":51,"column":102}},"24":{"start":{"line":54,"column":8},"end":{"line":56,"column":9}},"25":{"start":{"line":55,"column":12},"end":{"line":55,"column":143}},"26":{"start":{"line":58,"column":8},"end":{"line":58,"column":37}},"27":{"start":{"line":59,"column":8},"end":{"line":59,"column":48}},"28":{"start":{"line":62,"column":4},"end":{"line":62,"column":85}},"29":{"start":{"line":63,"column":4},"end":{"line":63,"column":51}},"30":{"start":{"line":65,"column":4},"end":{"line":72,"column":5}},"31":{"start":{"line":66,"column":25},"end":{"line":66,"column":46}},"32":{"start":{"line":67,"column":8},"end":{"line":67,"column":60}},"33":{"start":{"line":68,"column":8},"end":{"line":68,"column":37}},"34":{"start":{"line":71,"column":8},"end":{"line":71,"column":55}},"35":{"start":{"line":74,"column":4},"end":{"line":81,"column":5}},"36":{"start":{"line":75,"column":8},"end":{"line":75,"column":41}},"37":{"start":{"line":76,"column":8},"end":{"line":80,"column":9}},"38":{"start":{"line":77,"column":12},"end":{"line":77,"column":53}},"39":{"start":{"line":79,"column":12},"end":{"line":79,"column":46}},"40":{"start":{"line":85,"column":4},"end":{"line":85,"column":43}},"41":{"start":{"line":89,"column":16},"end":{"line":89,"column":58}},"42":{"start":{"line":89,"column":39},"end":{"line":89,"column":57}},"43":{"start":{"line":90,"column":4},"end":{"line":90,"column":50}},"44":{"start":{"line":94,"column":4},"end":{"line":94,"column":55}},"45":{"start":{"line":98,"column":46},"end":{"line":98,"column":56}},"46":{"start":{"line":99,"column":19},"end":{"line":99,"column":35}},"47":{"start":{"line":100,"column":4},"end":{"line":104,"column":5}},"48":{"start":{"line":101,"column":8},"end":{"line":103,"column":9}},"49":{"start":{"line":102,"column":12},"end":{"line":102,"column":44}},"50":{"start":{"line":105,"column":4},"end":{"line":105,"column":20}},"51":{"start":{"line":110,"column":4},"end":{"line":110,"column":28}},"52":{"start":{"line":110,"column":16},"end":{"line":110,"column":28}},"53":{"start":{"line":111,"column":4},"end":{"line":111,"column":47}},"54":{"start":{"line":111,"column":35},"end":{"line":111,"column":47}},"55":{"start":{"line":112,"column":4},"end":{"line":112,"column":48}},"56":{"start":{"line":112,"column":35},"end":{"line":112,"column":48}},"57":{"start":{"line":113,"column":4},"end":{"line":113,"column":71}},"58":{"start":{"line":113,"column":37},"end":{"line":113,"column":71}},"59":{"start":{"line":114,"column":4},"end":{"line":114,"column":76}},"60":{"start":{"line":114,"column":44},"end":{"line":114,"column":76}},"61":{"start":{"line":115,"column":4},"end":{"line":115,"column":77}},"62":{"start":{"line":115,"column":44},"end":{"line":115,"column":77}},"63":{"start":{"line":116,"column":4},"end":{"line":116,"column":96}},"64":{"start":{"line":116,"column":62},"end":{"line":116,"column":96}},"65":{"start":{"line":117,"column":4},"end":{"line":117,"column":17}},"66":{"start":{"line":121,"column":24},"end":{"line":121,"column":65}},"67":{"start":{"line":121,"column":47},"end":{"line":121,"column":64}},"68":{"start":{"line":122,"column":19},"end":{"line":123,"column":84}},"69":{"start":{"line":123,"column":31},"end":{"line":123,"column":80}},"70":{"start":{"line":125,"column":4},"end":{"line":129,"column":5}},"71":{"start":{"line":126,"column":8},"end":{"line":126,"column":41}},"72":{"start":{"line":128,"column":8},"end":{"line":128,"column":41}},"73":{"start":{"line":130,"column":4},"end":{"line":130,"column":105}},"74":{"start":{"line":134,"column":4},"end":{"line":139,"column":6}},"75":{"start":{"line":143,"column":4},"end":{"line":148,"column":5}},"76":{"start":{"line":144,"column":24},"end":{"line":144,"column":73}},"77":{"start":{"line":144,"column":42},"end":{"line":144,"column":72}},"78":{"start":{"line":145,"column":8},"end":{"line":145,"column":76}},"79":{"start":{"line":145,"column":70},"end":{"line":145,"column":76}},"80":{"start":{"line":146,"column":8},"end":{"line":146,"column":61}},"81":{"start":{"line":147,"column":8},"end":{"line":147,"column":92}},"82":{"start":{"line":152,"column":17},"end":{"line":152,"column":51}},"83":{"start":{"line":153,"column":4},"end":{"line":153,"column":79}},"84":{"start":{"line":153,"column":40},"end":{"line":153,"column":77}},"85":{"start":{"line":157,"column":27},"end":{"line":157,"column":86}},"86":{"start":{"line":157,"column":60},"end":{"line":157,"column":85}},"87":{"start":{"line":158,"column":29},"end":{"line":158,"column":53}},"88":{"start":{"line":160,"column":4},"end":{"line":166,"column":5}},"89":{"start":{"line":161,"column":8},"end":{"line":162,"column":60}},"90":{"start":{"line":164,"column":8},"end":{"line":165,"column":60}},"91":{"start":{"line":170,"column":4},"end":{"line":170,"column":102}},"92":{"start":{"line":174,"column":27},"end":{"line":174,"column":86}},"93":{"start":{"line":174,"column":60},"end":{"line":174,"column":85}},"94":{"start":{"line":175,"column":4},"end":{"line":185,"column":5}},"95":{"start":{"line":176,"column":8},"end":{"line":178,"column":30}},"96":{"start":{"line":179,"column":8},"end":{"line":179,"column":57}},"97":{"start":{"line":181,"column":8},"end":{"line":183,"column":30}},"98":{"start":{"line":184,"column":8},"end":{"line":184,"column":57}},"99":{"start":{"line":189,"column":28},"end":{"line":189,"column":124}},"100":{"start":{"line":189,"column":62},"end":{"line":189,"column":91}},"101":{"start":{"line":190,"column":25},"end":{"line":190,"column":62}},"102":{"start":{"line":193,"column":17},"end":{"line":193,"column":38}},"103":{"start":{"line":194,"column":4},"end":{"line":199,"column":7}},"104":{"start":{"line":195,"column":8},"end":{"line":195,"column":30}},"105":{"start":{"line":196,"column":8},"end":{"line":198,"column":9}},"106":{"start":{"line":196,"column":21},"end":{"line":196,"column":22}},"107":{"start":{"line":197,"column":12},"end":{"line":197,"column":50}},"108":{"start":{"line":201,"column":20},"end":{"line":201,"column":84}},"109":{"start":{"line":202,"column":4},"end":{"line":202,"column":30}},"110":{"start":{"line":203,"column":4},"end":{"line":203,"column":34}}},"fnMap":{"0":{"name":"playCard","decl":{"start":{"line":33,"column":16},"end":{"line":33,"column":24}},"loc":{"start":{"line":33,"column":77},"end":{"line":82,"column":1}}},"1":{"name":"(anonymous_2)","decl":{"start":{"line":39,"column":42},"end":{"line":39,"column":43}},"loc":{"start":{"line":39,"column":47},"end":{"line":39,"column":64}}},"2":{"name":"isPlayerOutOfTrump","decl":{"start":{"line":84,"column":9},"end":{"line":84,"column":27}},"loc":{"start":{"line":84,"column":59},"end":{"line":86,"column":1}}},"3":{"name":"getNextPlayerId","decl":{"start":{"line":88,"column":9},"end":{"line":88,"column":24}},"loc":{"start":{"line":88,"column":63},"end":{"line":91,"column":1}}},"4":{"name":"(anonymous_5)","decl":{"start":{"line":89,"column":34},"end":{"line":89,"column":35}},"loc":{"start":{"line":89,"column":39},"end":{"line":89,"column":57}}},"5":{"name":"isTrickOver","decl":{"start":{"line":93,"column":9},"end":{"line":93,"column":20}},"loc":{"start":{"line":93,"column":33},"end":{"line":95,"column":1}}},"6":{"name":"calcTrickWinner","decl":{"start":{"line":97,"column":9},"end":{"line":97,"column":24}},"loc":{"start":{"line":97,"column":42},"end":{"line":106,"column":1}}},"7":{"name":"beats","decl":{"start":{"line":109,"column":9},"end":{"line":109,"column":14}},"loc":{"start":{"line":109,"column":63},"end":{"line":118,"column":1}}},"8":{"name":"tallyTrickPoints","decl":{"start":{"line":120,"column":9},"end":{"line":120,"column":25}},"loc":{"start":{"line":120,"column":82},"end":{"line":131,"column":1}}},"9":{"name":"(anonymous_10)","decl":{"start":{"line":121,"column":42},"end":{"line":121,"column":43}},"loc":{"start":{"line":121,"column":47},"end":{"line":121,"column":64}}},"10":{"name":"(anonymous_11)","decl":{"start":{"line":123,"column":16},"end":{"line":123,"column":17}},"loc":{"start":{"line":123,"column":31},"end":{"line":123,"column":80}}},"11":{"name":"advanceTrick","decl":{"start":{"line":133,"column":9},"end":{"line":133,"column":21}},"loc":{"start":{"line":133,"column":59},"end":{"line":140,"column":1}}},"12":{"name":"autoAdvanceOutOfTrump","decl":{"start":{"line":142,"column":9},"end":{"line":142,"column":30}},"loc":{"start":{"line":142,"column":67},"end":{"line":149,"column":1}}},"13":{"name":"(anonymous_14)","decl":{"start":{"line":144,"column":37},"end":{"line":144,"column":38}},"loc":{"start":{"line":144,"column":42},"end":{"line":144,"column":72}}},"14":{"name":"isHandOver","decl":{"start":{"line":151,"column":9},"end":{"line":151,"column":19}},"loc":{"start":{"line":151,"column":40},"end":{"line":154,"column":1}}},"15":{"name":"(anonymous_16)","decl":{"start":{"line":153,"column":35},"end":{"line":153,"column":36}},"loc":{"start":{"line":153,"column":40},"end":{"line":153,"column":77}}},"16":{"name":"isGameOver","decl":{"start":{"line":156,"column":9},"end":{"line":156,"column":19}},"loc":{"start":{"line":156,"column":59},"end":{"line":167,"column":1}}},"17":{"name":"(anonymous_18)","decl":{"start":{"line":157,"column":55},"end":{"line":157,"column":56}},"loc":{"start":{"line":157,"column":60},"end":{"li
[...]
,"C:\\Users\\GoldP\\OneDrive\\Documents\\GitHub\\pitch\\server\\src\\domain\\entities\\HandCycle.ts": {"path":"C:\\Users\\GoldP\\OneDrive\\Documents\\GitHub\\pitch\\server\\src\\domain\\entities\\HandCycle.ts","statementMap":{"0":{"start":{"line":67,"column":0},"end":{"line":67,"column":16}},"1":{"start":{"line":71,"column":0},"end":{"line":71,"column":16}},"2":{"start":{"line":89,"column":0},"end":{"line":89,"column":16}},"3":{"start":{"line":102,"column":0},"end":{"line":102,"column":16}},"4":{"start":{"line":141,"column":0},"end":{"line":141,"column":16}},"5":{"start":{"line":154,"column":0},"end":{"line":154,"column":16}},"6":{"start":{"line":168,"column":0},"end":{"line":168,"column":16}},"7":{"start":{"line":2,"column":0},"end":{"line":2,"column":39}},"8":{"start":{"line":3,"column":0},"end":{"line":3,"column":30}},"9":{"start":{"line":6,"column":0},"end":{"line":6,"column":46}},"10":{"start":{"line":7,"column":0},"end":{"line":7,"column":32}},"11":{"start":{"line":68,"column":4},"end":{"line":68,"column":42}},"12":{"start":{"line":72,"column":24},"end":{"line":72,"column":70}},"13":{"start":{"line":72,"column":47},"end":{"line":72,"column":69}},"14":{"start":{"line":73,"column":25},"end":{"line":76,"column":6}},"15":{"start":{"line":78,"column":61},"end":{"line":78,"column":103}},"16":{"start":{"line":79,"column":4},"end":{"line":79,"column":65}},"17":{"start":{"line":79,"column":32},"end":{"line":79,"column":61}},"18":{"start":{"line":81,"column":4},"end":{"line":86,"column":6}},"19":{"start":{"line":90,"column":44},"end":{"line":90,"column":61}},"20":{"start":{"line":91,"column":4},"end":{"line":91,"column":74}},"21":{"start":{"line":91,"column":26},"end":{"line":91,"column":74}},"22":{"start":{"line":93,"column":4},"end":{"line":99,"column":6}},"23":{"start":{"line":103,"column":17},"end":{"line":103,"column":37}},"24":{"start":{"line":106,"column":4},"end":{"line":112,"column":5}},"25":{"start":{"line":107,"column":8},"end":{"line":111,"column":10}},"26":{"start":{"line":108,"column":12},"end":{"line":110,"column":26}},"27":{"start":{"line":115,"column":22},"end":{"line":115,"column":42}},"28":{"start":{"line":116,"column":4},"end":{"line":121,"column":5}},"29":{"start":{"line":117,"column":8},"end":{"line":117,"column":53}},"30":{"start":{"line":117,"column":44},"end":{"line":117,"column":53}},"31":{"start":{"line":118,"column":8},"end":{"line":120,"column":9}},"32":{"start":{"line":119,"column":12},"end":{"line":119,"column":60}},"33":{"start":{"line":124,"column":22},"end":{"line":124,"column":67}},"34":{"start":{"line":124,"column":40},"end":{"line":124,"column":65}},"35":{"start":{"line":125,"column":40},"end":{"line":125,"column":44}},"36":{"start":{"line":126,"column":4},"end":{"line":128,"column":5}},"37":{"start":{"line":127,"column":8},"end":{"line":127,"column":51}},"38":{"start":{"line":130,"column":4},"end":{"line":138,"column":6}},"39":{"start":{"line":142,"column":4},"end":{"line":151,"column":6}},"40":{"start":{"line":155,"column":4},"end":{"line":163,"column":6}},"41":{"start":{"line":169,"column":4},"end":{"line":228,"column":5}},"42":{"start":{"line":171,"column":12},"end":{"line":171,"column":65}},"43":{"start":{"line":174,"column":12},"end":{"line":179,"column":14}},"44":{"start":{"line":177,"column":68},"end":{"line":177,"column":93}},"45":{"start":{"line":182,"column":12},"end":{"line":188,"column":14}},"46":{"start":{"line":187,"column":68},"end":{"line":187,"column":93}},"47":{"start":{"line":191,"column":12},"end":{"line":201,"column":14}},"48":{"start":{"line":197,"column":68},"end":{"line":197,"column":93}},"49":{"start":{"line":204,"column":12},"end":{"line":213,"column":14}},"50":{"start":{"line":216,"column":12},"end":{"line":224,"column":14}},"51":{"start":{"line":227,"column":12},"end":{"line":227,"column":82}}},"fnMap":{"0":{"name":"createWaitingHand","decl":{"start":{"line":67,"column":16},"end":{"line":67,"column":33}},"loc":{"start":{"line":67,"column":52},"end":{"line":69,"column":1}}},"1":{"name":"startBidding","decl":{"start":{"line":71,"column":16},"end":{"line":71,"column":28}},"loc":{"start":{"line":71,"column":65},"end":{"line":87,"column":1}}},"2":{"name":"(anonymous_2)","decl":{"start":{"line":72,"column":42},"end":{"line":72,"column":43}},"loc":{"start":{"line":72,"column":47},"end":{"line":72,"column":69}}},"3":{"name":"(anonymous_3)","decl":{"start":{"line":79,"column":25},"end":{"line":79,"column":26}},"loc":{"start":{"line":79,"column":29},"end":{"line":79,"column":63}}},"4":{"name":"startTrumpSelection","decl":{"start":{"line":89,"column":16},"end":{"line":89,"column":35}},"loc":{"start":{"line":89,"column":53},"end":{"line":100,"column":1}}},"5":{"name":"startBlindCards","decl":{"start":{"line":102,"column":16},"end":{"line":102,"column":31}},"loc":{"start":{"line":102,"column":89},"end":{"line":139,"column":1}}},"6":{"name":"(anonymous_6)","decl":{"start":{"line":107,"column":53},"end":{"line":107,"column":54}},"loc":{"start":{"line":108,"column":12},"end":{"line":110,"column":26}}},"7":{"name":"(anonymous_7)","decl":{"start":{"line":124,"column":35},"end":{"line":124,"column":36}},"loc":{"start":{"line":124,"column":40},"end":{"line":124,"column":65}}},"8":{"name":"startPlayingFromBlindCards","decl":{"start":{"line":141,"column":16},"end":{"line":141,"column":42}},"loc":{"start":{"line":141,"column":63},"end":{"line":152,"column":1}}},"9":{"name":"completeHand","decl":{"start":{"line":154,"column":16},"end":{"line":154,"column":28}},"loc":{"start":{"line":154,"column":46},"end":{"line":164,"column":1}}},"10":{"name":"handCycleFromJSON","decl":{"start":{"line":168,"column":16},"end":{"line":168,"column":33}},"loc":{"start":{"line":168,"column":43},"end":{"line":229,"column":1}}},"11":{"name":"(anonymous_11)","decl":{"start":{"line":177,"column":56},"end":{"line":177,"column":57}},"loc":{"start":{"line":177,"column":68},"end":{"line":177,"column":93}}},"12":{"name":"(anonymous_12)","decl":{"start":{"line":187,"column":56},"end":{"line":187,"column":57}},"loc":{"start":{"line":187,"column":68},"end":{"line":187,"column":93}}},"13":{"name":"(anonymous_13)","decl":{"start":{"line":197,"column":56},"end":{"line":197,"column":57}},"loc":{"start":{"line":197,"column":68},"end":{"line":197,"column":93}}}},"branchMap":{"0":{"loc":{"start":{"line":91,"column":4},"end":{"line":91,"column":74}},"type":"if","locations":[{"start":{"line":91,"column":4},"end":{"line":91,"column":74}},{"start":{},"end":{}}]},"1":{"loc":{"start":{"line":108,"column":12},"end":{"line":110,"column":26}},"type":"binary-expr","locations":[{"start":{"line":108,"column":12},"end":{"line":108,"column":32}},{"start":{"line":109,"column":12},"end":{"line":109,"column":35}},{"start":{"line":110,"column":12},"end":{"line":110,"column":26}}]},"2":{"loc":{"start":{"line":117,"column":8},"end":{"line":117,"column":53}},"type":"if","locations":[{"start":{"line":117,"column":8},"end":{"line":117,"column":53}},{"start":{},"end":{}}]},"3":{"loc":{"start":{"line":118,"column":15},"end":{"line":118,"column":67}},"type":"binary-expr","locations":[{"start":{"line":118,"column":15},"end":{"line":118,"column":43}},{"start":{"line":118,"column":47},"end":{"line":118,"column":67}}]},"4":{"loc":{"start":{"line":126,"column":4},"end":{"line":128,"column":5}},"type":"if","locations":[{"start":{"line":126,"column":4},"end":{"line":128,"column":5}},{"start":{},"end":{}}]},"5":{"loc":{"start":{"line":126,"column":8},"end":{"line":126,"column":63}},"type":"binary-expr","locations":[{"start":{"line":126,"column":8},"end":{"line":126,"column":28}},{"start":{"line":126,"column":32},"end":{"line":126,"column":63}}]},"6":{"loc":{"start":{"line":169,"column":4},"end":{"line":228,"column":5}},"type":"switch","locations":[{"start":{"line":170,"column":8},"end":{"line":171,"column":65}},{"start":{"line":173,"column":8},"end":{"line":179,"column":14}},{"start":{"line":181,"column":8},"end":{"line":188,"column":14}},{"start":{"line":190,"column":8},"end":{"line":201,"column":14}},{"start":{"line":203,"column":8},"end":{"line":213,"column":14}},{"start":{"line":215,"column":8},"end":{"line":224,"column":14}},{"start":{"line":226,"column":8},"end":{"line":227,"column":82}}]},"7":{"loc":{"start":{"line":177,"column":29},"end":{"line":177,"column":50}},"type":"binary-expr","locations":[{"start":{"line":177,"column":29},"end":{"line":177,"column":44}},{"start":{"line":177,"column":48},"end":{"line":177,"column":50}}]},"8":{"loc":{"start":{"line":187,"column":29},"end":{"line":187,"column":50}},"type":"binary-expr","locations":[{"start":{"line":187,"column":29},"end":{"line":187,"column":44}},{"start":{"line":187,"column":48},"end":{"line":187,"column":50}}]},"9":{"loc":{"start":{"line":197,"column":29},"end":{"line":197,"column":50}},"type":"binary-expr","locations":[{"start":{"line":197,"column":29},"end":{"line":197,"column":44}},{"start":{"line":197,"column":48},"end":{"line":197,"column":50}}]},"10":{"loc":{"start":{"line":198,"column":34},"end":{"line":200,"column":26}},"type":"cond-expr","locations":[{"start":{"line":199,"column":22},"end":{"line":199,"column":87}},{"start":{"line":200,"column":22},"end":{"line":200,"column":26}}]}},"s":{"0":11,"1":11,"2":11,"3":11,"4":11,"5":11,"6":11,"7":11,"8":11,"9":11,"10":11,"11":46,"12":38,"13":65,"14":38,"15":38,"16":38,"17":146,"18":38,"19":23,"20":23,"21":1,"22":22,"23":22,"24":22,"25":84,"26":536,"27":22,"28":22,"29":84,"30":22,"31":62,"32":135,"33":22,"34":48,"35":22,"36":22,"37":15,"38":22,"39":25,"40":4,"41":8,"42":3,"43":1,"44":0,"45":0,"46":0,"47":0,"48":0,"49":1,"50":0,"51":3},"f":{"0":46,"1":38,"2":65,"3":146,"4":23,"5":22,"6":536,"7":48,"8":25,"9":4,"10":8,"11":0,"12":0,"13":0},"b":{"0":[1,22],"1":[536,374,364],"2":[22,62],"3":[197,152],"4":[15,7],"5":[22,15],"6":[3,1,0,0,1,0,3],"7":[1,0],"8":[0,0],"9":[0,0],"10":[0,0]}}
,"C:\\Users\\GoldP\\OneDrive\\Documents\\GitHub\\pitch\\server\\src\\domain\\entities\\Player.ts": {"path":"C:\\Users\\GoldP\\OneDrive\\Documents\\GitHub\\pitch\\server\\src\\domain\\entities\\Player.ts","statementMap":{"0":{"start":{"line":2,"column":0},"end":{"line":2,"column":30}},"1":{"start":{"line":17,"column":8},"end":{"line":17,"column":21}},"2":{"start":{"line":18,"column":8},"end":{"line":18,"column":33}},"3":{"start":{"line":19,"column":8},"end":{"line":19,"column":29}},"4":{"start":{"line":20,"column":8},"end":{"line":20,"column":25}},"5":{"start":{"line":21,"column":8},"end":{"line":21,"column":33}},"6":{"start":{"line":22,"column":8},"end":{"line":22,"column":39}},"7":{"start":{"line":23,"column":8},"end":{"line":23,"column":33}},"8":{"start":{"line":24,"column":8},"end":{"line":24,"column":37}},"9":{"start":{"line":25,"column":8},"end":{"line":25,"column":37}},"10":{"start":{"line":29,"column":8},"end":{"line":29,"column":150}},"11":{"start":{"line":4,"column":0},"end":{"line":4,"column":13}}},"fnMap":{"0":{"name":"(anonymous_0)","decl":{"start":{"line":16,"column":4},"end":{"line":16,"column":16}},"loc":{"start":{"line":16,"column":173},"end":{"line":26,"column":5}}},"1":{"name":"(anonymous_1)","decl":{"start":{"line":28,"column":4},"end":{"line":28,"column":10}},"loc":{"start":{"line":28,"column":35},"end":{"line":30,"column":5}}}},"branchMap":{},"s":{"0":11,"1":228,"2":228,"3":228,"4":228,"5":228,"6":228,"7":228,"8":228,"9":228,"10":3,"11":11},"f":{"0":228,"1":3},"b":{}}
,"C:\\Users\\GoldP\\OneDrive\\Documents\\GitHub\\pitch\\server\\src\\domain\\entities\\Trick.ts": {"path":"C:\\Users\\GoldP\\OneDrive\\Documents\\GitHub\\pitch\\server\\src\\domain\\entities\\Trick.ts","statementMap":{"0":{"start":{"line":2,"column":0},"end":{"line":2,"column":30}},"1":{"start":{"line":12,"column":8},"end":{"line":12,"column":39}},"2":{"start":{"line":13,"column":8},"end":{"line":13,"column":49}},"3":{"start":{"line":14,"column":8},"end":{"line":14,"column":39}},"4":{"start":{"line":15,"column":8},"end":{"line":15,"column":37}},"5":{"start":{"line":20,"column":62},"end":{"line":20,"column":64}},"6":{"start":{"line":22,"column":4},"end":{"line":29,"column":5}},"7":{"start":{"line":23,"column":8},"end":{"line":28,"column":11}},"8":{"start":{"line":24,"column":25},"end":{"line":24,"column":40}},"9":{"start":{"line":25,"column":12},"end":{"line":27,"column":23}},"10":{"start":{"line":33,"column":4},"end":{"line":38,"column":6}},"11":{"start":{"line":4,"column":0},"end":{"line":4,"column":13}}},"fnMap":{"0":{"name":"(anonymous_0)","decl":{"start":{"line":11,"column":4},"end":{"line":11,"column":16}},"loc":{"start":{"line":11,"column":129},"end":{"line":16,"column":5}}},"1":{"name":"(anonymous_1)","decl":{"start":{"line":18,"column":4},"end":{"line":18,"column":10}},"loc":{"start":{"line":18,"column":35},"end":{"line":39,"column":1}}},"2":{"name":"(anonymous_2)","decl":{"start":{"line":23,"column":49},"end":{"line":23,"column":50}},"loc":{"start":{"line":23,"column":74},"end":{"line":28,"column":9}}}},"branchMap":{"0":{"loc":{"start":{"line":22,"column":4},"end":{"line":29,"column":5}},"type":"if","locations":[{"start":{"line":22,"column":4},"end":{"line":29,"column":5}},{"start":{},"end":{}}]},"1":{"loc":{"start":{"line":25,"column":55},"end":{"line":27,"column":22}},"type":"cond-expr","locations":[{"start":{"line":26,"column":18},"end":{"line":26,"column":49}},{"start":{"line":27,"column":18},"end":{"line":27,"column":22}}]}},"s":{"0":12,"1":120,"2":120,"3":120,"4":120,"5":4,"6":4,"7":2,"8":2,"9":2,"10":4,"11":12},"f":{"0":120,"1":4,"2":2},"b":{"0":[2,2],"1":[1,1]}}
,"C:\\Users\\GoldP\\OneDrive\\Documents\\GitHub\\pitch\\server\\src\\domain\\entities\\User.ts": {"path":"C:\\Users\\GoldP\\OneDrive\\Documents\\GitHub\\pitch\\server\\src\\domain\\entities\\User.ts","statementMap":{"0":{"start":{"line":13,"column":8},"end":{"line":13,"column":21}},"1":{"start":{"line":14,"column":8},"end":{"line":14,"column":29}},"2":{"start":{"line":15,"column":8},"end":{"line":15,"column":27}},"3":{"start":{"line":16,"column":8},"end":{"line":16,"column":33}},"4":{"start":{"line":17,"column":8},"end":{"line":17,"column":33}},"5":{"start":{"line":18,"column":8},"end":{"line":18,"column":45}},"6":{"start":{"line":3,"column":0},"end":{"line":3,"column":13}}},"fnMap":{"0":{"name":"(anonymous_0)","decl":{"start":{"line":12,"column":4},"end":{"line":12,"column":16}},"loc":{"start":{"line":12,"column":131},"end":{"line":19,"column":5}}}},"branchMap":{"0":{"loc":{"start":{"line":18,"column":22},"end":{"line":18,"column":44}},"type":"cond-expr","locations":[{"start":{"line":18,"column":31},"end":{"line":18,"column":37}},{"start":{"line":18,"column":40},"end":{"line":18,"column":44}}]}},"s":{"0":32,"1":32,"2":32,"3":32,"4":32,"5":32,"6":4},"f":{"0":32},"b":{"0":[0,32]}}
,"C:\\Users\\GoldP\\OneDrive\\Documents\\GitHub\\pitch\\server\\src\\domain\\enums\\Suit.ts": {"path":"C:\\Users\\GoldP\\OneDrive\\Documents\\GitHub\\pitch\\server\\src\\domain\\enums\\Suit.ts","statementMap":{"0":{"start":{"line":1,"column":0},"end":{"line":1,"column":null}},"1":{"start":{"line":2,"column":4},"end":{"line":2,"column":null}},"2":{"start":{"line":3,"column":4},"end":{"line":3,"column":null}},"3":{"start":{"line":4,"column":4},"end":{"line":4,"column":null}},"4":{"start":{"line":5,"column":4},"end":{"line":5,"column":null}}},"fnMap":{"0":{"name":"(anonymous_0)","decl":{"start":{"line":1,"column":0},"end":{"line":1,"column":12}},"loc":{"start":{"line":1,"column":16},"end":{"line":6,"column":1}}}},"branchMap":{"0":{"loc":{"start":{"line":1,"column":12},"end":{"line":1,"column":null}},"type":"binary-expr","locations":[{"start":{"line":1,"column":12},"end":{"line":1,"column":16}},{"start":{"line":1,"column":16},"end":{"line":1,"column":null}}]}},"s":{"0":16,"1":16,"2":16,"3":16,"4":16},"f":{"0":16},"b":{"0":[16,16]}}
,"C:\\Users\\GoldP\\OneDrive\\Documents\\GitHub\\pitch\\server\\src\\domain\\enums\\Value.ts": {"path":"C:\\Users\\GoldP\\OneDrive\\Documents\\GitHub\\pitch\\server\\src\\domain\\enums\\Value.ts","statementMap":{"0":{"start":{"line":1,"column":0},"end":{"line":1,"column":null}},"1":{"start":{"line":2,"column":4},"end":{"line":2,"column":null}},"2":{"start":{"line":3,"column":4},"end":{"line":3,"column":null}},"3":{"start":{"line":4,"column":4},"end":{"line":4,"column":null}},"4":{"start":{"line":5,"column":4},"end":{"line":5,"column":null}},"5":{"start":{"line":6,"column":4},"end":{"line":6,"column":null}},"6":{"start":{"line":7,"column":4},"end":{"line":7,"column":null}},"7":{"start":{"line":8,"column":4},"end":{"line":8,"column":null}},"8":{"start":{"line":9,"column":4},"end":{"line":9,"column":null}},"9":{"start":{"line":10,"column":4},"end":{"line":10,"column":null}},"10":{"start":{"line":11,"column":4},"end":{"line":11,"column":null}},"11":{"start":{"line":12,"column":4},"end":{"line":12,"column":null}},"12":{"start":{"line":13,"column":4},"end":{"line":13,"column":null}},"13":{"start":{"line":14,"column":4},"end":{"line":14,"column":null}},"14":{"start":{"line":15,"column":4},"end":{"line":15,"column":null}}},"fnMap":{"0":{"name":"(anonymous_0)","decl":{"start":{"line":1,"column":0},"end":{"line":1,"column":12}},"loc":{"start":{"line":1,"column":17},"end":{"line":16,"column":1}}}},"branchMap":{"0":{"loc":{"start":{"line":1,"column":12},"end":{"line":1,"column":null}},"type":"binary-expr","locations":[{"start":{"line":1,"column":12},"end":{"line":1,"column":17}},{"start":{"line":1,"column":17},"end":{"line":1,"column":null}}]}},"s":{"0":16,"1":16,"2":16,"3":16,"4":16,"5":16,"6":16,"7":16,"8":16,"9":16,"10":16,"11":16,"12":16,"13":16,"14":16},"f":{"0":16},"b":{"0":[16,16]}}
,"C:\\Users\\GoldP\\OneDrive\\Documents\\GitHub\\pitch\\server\\src\\domain\\errors\\GameErrors.ts": {"path":"C:\\Users\\GoldP\\OneDrive\\Documents\\GitHub\\pitch\\server\\src\\domain\\errors\\GameErrors.ts","statementMap":{"0":{"start":{"line":3,"column":8},"end":{"line":3,"column":23}},"1":{"start":{"line":4,"column":8},"end":{"line":4,"column":32}},"2":{"start":{"line":1,"column":0},"end":{"line":1,"column":13}},"3":{"start":{"line":10,"column":8},"end":{"line":10,"column":42}},"4":{"start":{"line":11,"column":8},"end":{"line":11,"column":40}},"5":{"start":{"line":8,"column":0},"end":{"line":8,"column":13}},"6":{"start":{"line":17,"column":8},"end":{"line":17,"column":63}},"7":{"start":{"line":18,"column":8},"end":{"line":18,"column":38}},"8":{"start":{"line":15,"column":0},"end":{"line":15,"column":13}},"9":{"start":{"line":24,"column":8},"end":{"line":24,"column":23}},"10":{"start":{"line":25,"column":8},"end":{"line":25,"column":38}},"11":{"start":{"line":22,"column":0},"end":{"line":22,"column":13}},"12":{"start":{"line":31,"column":8},"end":{"line":31,"column":23}},"13":{"start":{"line":32,"column":8},"end":{"line":32,"column":39}},"14":{"start":{"line":29,"column":0},"end":{"line":29,"column":13}}},"fnMap":{"0":{"name":"(anonymous_0)","decl":{"start":{"line":2,"column":4},"end":{"line":2,"column":16}},"loc":{"start":{"line":2,"column":31},"end":{"line":5,"column":5}}},"1":{"name":"(anonymous_1)","decl":{"start":{"line":9,"column":4},"end":{"line":9,"column":16}},"loc":{"start":{"line":9,"column":30},"end":{"line":12,"column":5}}},"2":{"name":"(anonymous_2)","decl":{"start":{"line":16,"column":4},"end":{"line":16,"column":16}},"loc":{"start":{"line":16,"column":48},"end":{"line":19,"column":5}}},"3":{"name":"(anonymous_3)","decl":{"start":{"line":23,"column":4},"end":{"line":23,"column":16}},"loc":{"start":{"line":23,"column":31},"end":{"line":26,"column":5}}},"4":{"name":"(anonymous_4)","decl":{"start":{"line":30,"column":4},"end":{"line":30,"column":16}},"loc":{"start":{"line":30,"column":31},"end":{"line":33,"column":5}}}},"branchMap":{},"s":{"0":22,"1":22,"2":7,"3":0,"4":0,"5":7,"6":6,"7":6,"8":7,"9":5,"10":5,"11":7,"12":11,"13":11,"14":7},"f":{"0":22,"1":0,"2":6,"3":5,"4":11},"b":{}}
}
