TN:
SF:src\adapters\auth\JwtAuthAdapter.ts
FN:8,(anonymous_1)
FN:13,(anonymous_2)
FN:18,(anonymous_3)
FNF:3
FNH:2
FNDA:4,(anonymous_1)
FNDA:8,(anonymous_2)
FNDA:0,(anonymous_3)
DA:2,1
DA:5,1
DA:7,1
DA:9,4
DA:10,4
DA:14,8
DA:15,8
DA:16,8
DA:17,8
DA:18,8
LF:10
LH:10
BRDA:18,0,0,8
BRDA:18,0,1,0
BRDA:18,1,0,8
BRDA:18,1,1,8
BRDA:18,1,2,8
BRF:5
BRH:4
end_of_record
TN:
SF:src\adapters\persistence\InMemoryLongTerm.ts
FN:6,(anonymous_0)
FN:9,(anonymous_1)
FN:13,(anonymous_2)
FN:19,(anonymous_3)
FN:23,(anonymous_4)
FN:28,(anonymous_5)
FN:35,(anonymous_6)
FNF:7
FNH:4
FNDA:1,(anonymous_0)
FNDA:4,(anonymous_1)
FNDA:4,(anonymous_2)
FNDA:0,(anonymous_3)
FNDA:0,(anonymous_4)
FNDA:8,(anonymous_5)
FNDA:0,(anonymous_6)
DA:6,1
DA:7,1
DA:10,4
DA:14,4
DA:15,4
DA:16,4
DA:20,0
DA:24,0
DA:25,0
DA:29,8
DA:30,16
DA:32,4
DA:36,0
DA:37,0
LF:14
LH:9
BRDA:10,0,0,4
BRDA:10,0,1,0
BRDA:30,1,0,4
BRDA:30,1,1,12
BRF:4
BRH:3
end_of_record
TN:
SF:src\adapters\persistence\InMemoryShortTerm.ts
FN:7,(anonymous_0)
FN:11,(anonymous_1)
FN:14,(anonymous_2)
FN:18,(anonymous_3)
FN:21,(anonymous_4)
FN:25,(anonymous_5)
FNF:6
FNH:4
FNDA:1,(anonymous_0)
FNDA:420,(anonymous_1)
FNDA:1,(anonymous_2)
FNDA:0,(anonymous_3)
FNDA:0,(anonymous_4)
FNDA:419,(anonymous_5)
DA:7,1
DA:9,1
DA:12,420
DA:15,1
DA:16,1
DA:19,0
DA:22,0
DA:23,0
DA:26,419
DA:27,419
LF:10
LH:7
BRDA:12,0,0,420
BRDA:12,0,1,0
BRF:2
BRH:1
end_of_record
TN:
SF:src\adapters\persistence\MongoLongTermAdapter.ts
FN:9,(anonymous_1)
FN:21,(anonymous_2)
FN:31,(anonymous_3)
FN:44,(anonymous_4)
FN:57,(anonymous_5)
FN:59,(anonymous_6)
FN:69,(anonymous_7)
FNF:7
FNH:7
FNDA:7,(anonymous_1)
FNDA:1,(anonymous_2)
FNDA:5,(anonymous_3)
FNDA:3,(anonymous_4)
FNDA:1,(anonymous_5)
FNDA:2,(anonymous_6)
FNDA:1,(anonymous_7)
DA:2,1
DA:3,1
DA:7,1
DA:10,7
DA:11,7
DA:22,1
DA:32,5
DA:33,5
DA:34,5
DA:45,3
DA:46,3
DA:47,2
DA:58,1
DA:59,2
DA:70,1
LF:15
LH:15
BRDA:16,0,0,7
BRDA:16,0,1,0
BRDA:17,1,0,7
BRDA:17,1,1,7
BRDA:26,2,0,1
BRDA:26,2,1,0
BRDA:27,3,0,1
BRDA:27,3,1,1
BRDA:33,4,0,0
BRDA:33,4,1,5
BRDA:39,5,0,5
BRDA:39,5,1,0
BRDA:40,6,0,0
BRDA:40,6,1,5
BRDA:46,7,0,1
BRDA:46,7,1,2
BRDA:52,8,0,2
BRDA:52,8,1,0
BRDA:53,9,0,0
BRDA:53,9,1,2
BRDA:64,10,0,2
BRDA:64,10,1,0
BRDA:65,11,0,0
BRDA:65,11,1,2
BRF:24
BRH:15
end_of_record
TN:
SF:src\adapters\persistence\RedisShortTermAdapter.ts
FN:9,(anonymous_1)
FN:13,(anonymous_2)
FN:23,(anonymous_3)
FN:37,(anonymous_4)
FN:51,(anonymous_5)
FN:59,(anonymous_6)
FN:70,(anonymous_7)
FN:71,(anonymous_8)
FNF:8
FNH:8
FNDA:6,(anonymous_1)
FNDA:2,(anonymous_2)
FNDA:9,(anonymous_3)
FNDA:4,(anonymous_4)
FNDA:2,(anonymous_5)
FNDA:3,(anonymous_6)
FNDA:2,(anonymous_7)
FNDA:2,(anonymous_8)
DA:1,1
DA:6,1
DA:10,6
DA:14,2
DA:15,2
DA:16,2
DA:17,2
DA:19,1
DA:24,9
DA:25,9
DA:26,1
DA:27,1
DA:29,9
DA:30,9
DA:33,1
DA:38,4
DA:39,4
DA:40,3
DA:41,1
DA:44,2
DA:46,3
DA:47,3
DA:52,2
DA:53,2
DA:55,1
DA:60,3
DA:61,3
DA:63,2
DA:64,1
DA:67,1
DA:69,1
DA:70,2
DA:71,2
DA:73,1
DA:74,1
LF:35
LH:35
BRDA:25,0,0,1
BRDA:25,0,1,8
BRDA:40,1,0,1
BRDA:40,1,1,2
BRDA:63,2,0,1
BRDA:63,2,1,1
BRF:6
BRH:6
end_of_record
TN:
SF:src\adapters\persistence\MongoModels\UserModel.ts
FN:21,(anonymous_10)
FN:27,(anonymous_11)
FNF:2
FNH:1
FNDA:7,(anonymous_10)
FNDA:0,(anonymous_11)
DA:1,1
DA:2,1
DA:9,1
DA:21,1
DA:22,7
DA:23,7
DA:27,1
DA:28,0
DA:31,1
LF:9
LH:8
BRDA:22,0,0,7
BRDA:22,0,1,0
BRF:2
BRH:1
end_of_record
TN:
SF:src\adapters\rest\CreateRouter.ts
FN:5,createRouter
FN:7,(anonymous_1)
FN:8,(anonymous_2)
FN:9,(anonymous_3)
FN:13,(anonymous_4)
FN:14,(anonymous_5)
FNF:6
FNH:4
FNDA:1,createRouter
FNDA:4,(anonymous_1)
FNDA:0,(anonymous_2)
FNDA:0,(anonymous_3)
FNDA:1,(anonymous_4)
FNDA:3,(anonymous_5)
DA:1,1
DA:5,1
DA:6,1
DA:7,4
DA:8,1
DA:9,1
DA:10,0
DA:13,1
DA:14,3
DA:16,1
LF:10
LH:9
BRF:0
BRH:0
end_of_record
TN:
SF:src\adapters\rest\RoomController.ts
FN:15,(anonymous_0)
FN:20,(anonymous_1)
FN:38,(anonymous_2)
FNF:3
FNH:3
FNDA:7,(anonymous_0)
FNDA:4,(anonymous_1)
FNDA:6,(anonymous_2)
DA:10,2
DA:16,7
DA:17,7
DA:21,4
DA:22,4
DA:23,4
DA:24,1
DA:25,1
DA:27,3
DA:28,3
DA:29,3
DA:30,3
DA:31,2
DA:33,1
DA:34,1
DA:39,6
DA:40,6
DA:42,6
DA:43,1
DA:44,1
DA:47,5
DA:48,5
DA:49,5
DA:50,5
DA:51,4
DA:53,1
DA:54,1
LF:27
LH:27
BRDA:21,0,0,4
BRDA:21,0,1,1
BRDA:23,1,0,1
BRDA:23,1,1,3
BRDA:39,2,0,6
BRDA:39,2,1,1
BRDA:42,3,0,1
BRDA:42,3,1,5
BRF:8
BRH:8
end_of_record
TN:
SF:src\adapters\rest\UserController.ts
FN:11,(anonymous_1)
FN:16,(anonymous_2)
FN:41,(anonymous_3)
FNF:3
FNH:3
FNDA:9,(anonymous_1)
FNDA:4,(anonymous_2)
FNDA:8,(anonymous_3)
DA:1,2
DA:4,2
DA:7,2
DA:12,9
DA:13,9
DA:17,4
DA:18,4
DA:19,1
DA:20,1
DA:23,3
DA:24,3
DA:25,1
DA:26,1
DA:29,2
DA:30,2
DA:31,1
DA:32,1
DA:35,1
DA:42,8
DA:43,8
DA:44,1
DA:45,1
DA:48,7
DA:49,7
DA:50,1
DA:51,1
DA:54,6
DA:55,6
DA:56,1
DA:57,1
DA:60,5
LF:31
LH:31
BRDA:18,0,0,1
BRDA:18,0,1,3
BRDA:18,1,0,4
BRDA:18,1,1,4
BRDA:24,2,0,1
BRDA:24,2,1,2
BRDA:30,3,0,1
BRDA:30,3,1,1
BRDA:43,4,0,1
BRDA:43,4,1,7
BRDA:43,5,0,8
BRDA:43,5,1,8
BRDA:49,6,0,1
BRDA:49,6,1,6
BRDA:55,7,0,1
BRDA:55,7,1,5
BRF:16
BRH:16
end_of_record
TN:
SF:src\adapters\websockets\WSPublisherAdapter.ts
FN:10,(anonymous_0)
FN:14,(anonymous_1)
FN:19,(anonymous_2)
FN:20,(anonymous_3)
FNF:4
FNH:4
FNDA:1,(anonymous_0)
FNDA:1673,(anonymous_1)
FNDA:419,(anonymous_2)
FNDA:1673,(anonymous_3)
DA:4,1
DA:7,1
DA:11,1
DA:16,1673
DA:20,1673
DA:21,1673
LF:6
LH:6
BRF:0
BRH:0
end_of_record
TN:
SF:src\adapters\websockets\WebSocketController.ts
FN:18,(anonymous_0)
FN:23,(anonymous_1)
FN:25,(anonymous_2)
FN:31,(anonymous_3)
FN:43,(anonymous_4)
FN:44,(anonymous_5)
FN:45,(anonymous_6)
FN:46,(anonymous_7)
FN:47,(anonymous_8)
FN:48,(anonymous_9)
FN:49,(anonymous_10)
FN:53,(anonymous_11)
FN:74,(anonymous_12)
FN:95,(anonymous_13)
FN:121,(anonymous_14)
FN:147,(anonymous_15)
FNF:16
FNH:14
FNDA:12,(anonymous_0)
FNDA:11,(anonymous_1)
FNDA:10,(anonymous_2)
FNDA:13,(anonymous_3)
FNDA:11,(anonymous_4)
FNDA:10,(anonymous_5)
FNDA:75,(anonymous_6)
FNDA:268,(anonymous_7)
FNDA:19,(anonymous_8)
FNDA:60,(anonymous_9)
FNDA:0,(anonymous_10)
FNDA:77,(anonymous_11)
FNDA:269,(anonymous_12)
FNDA:21,(anonymous_13)
FNDA:0,(anonymous_14)
FNDA:61,(anonymous_15)
DA:4,3
DA:5,3
DA:6,3
DA:7,3
DA:8,3
DA:9,3
DA:10,3
DA:13,3
DA:19,12
DA:20,12
DA:21,12
DA:23,12
DA:25,12
DA:26,10
DA:27,10
DA:32,13
DA:33,13
DA:35,13
DA:36,13
DA:37,11
DA:39,2
DA:44,11
DA:45,75
DA:46,268
DA:47,19
DA:48,60
DA:49,11
DA:50,11
DA:55,77
DA:56,77
DA:58,0
DA:59,0
DA:62,77
DA:63,2
DA:64,2
DA:67,75
DA:68,75
DA:70,1
DA:76,269
DA:77,269
DA:79,0
DA:80,0
DA:83,269
DA:84,0
DA:85,0
DA:88,269
DA:89,269
DA:91,0
DA:97,21
DA:98,21
DA:100,0
DA:101,0
DA:104,21
DA:105,0
DA:106,0
DA:109,21
DA:110,1
DA:111,1
DA:114,20
DA:115,20
DA:117,0
DA:123,0
DA:124,0
DA:126,0
DA:127,0
DA:130,0
DA:131,0
DA:132,0
DA:135,0
DA:136,0
DA:137,0
DA:140,0
DA:141,0
DA:143,0
DA:149,61
DA:150,61
DA:152,0
DA:153,0
DA:156,61
DA:157,61
DA:158,0
DA:159,0
DA:162,61
DA:163,61
DA:171,0
LF:85
LH:55
BRDA:33,0,0,0
BRDA:33,0,1,13
BRDA:62,1,0,2
BRDA:62,1,1,75
BRDA:62,2,0,77
BRDA:62,2,1,75
BRDA:70,3,0,1
BRDA:70,3,1,0
BRDA:83,4,0,0
BRDA:83,4,1,269
BRDA:83,5,0,269
BRDA:83,5,1,269
BRDA:83,5,2,269
BRDA:91,6,0,0
BRDA:91,6,1,0
BRDA:104,7,0,0
BRDA:104,7,1,21
BRDA:104,8,0,21
BRDA:104,8,1,21
BRDA:109,9,0,1
BRDA:109,9,1,20
BRDA:117,10,0,0
BRDA:117,10,1,0
BRDA:130,11,0,0
BRDA:130,11,1,0
BRDA:130,12,0,0
BRDA:130,12,1,0
BRDA:130,12,2,0
BRDA:135,13,0,0
BRDA:135,13,1,0
BRDA:135,14,0,0
BRDA:135,14,1,0
BRDA:143,15,0,0
BRDA:143,15,1,0
BRDA:157,16,0,0
BRDA:157,16,1,61
BRDA:157,17,0,61
BRDA:157,17,1,61
BRDA:171,18,0,0
BRDA:171,18,1,0
BRF:40
BRH:18
end_of_record
TN:
SF:src\application\BlindCard.ts
FN:9,processBlindCard
FN:29,(anonymous_1)
FN:52,advanceBlindCard
FNF:3
FNH:3
FNDA:70,processBlindCard
FNDA:142,(anonymous_1)
FNDA:64,advanceBlindCard
DA:1,2
DA:3,2
DA:4,2
DA:9,2
DA:16,70
DA:17,1
DA:19,69
DA:21,69
DA:22,1
DA:25,68
DA:26,1
DA:29,142
DA:31,67
DA:32,62
DA:33,1
DA:35,61
DA:36,5
DA:37,3
DA:38,1
DA:40,2
DA:41,2
DA:42,1
DA:44,1
DA:45,1
DA:49,64
DA:57,64
DA:59,64
DA:60,22
DA:62,42
LF:29
LH:29
BRDA:16,0,0,1
BRDA:16,0,1,69
BRDA:21,1,0,1
BRDA:21,1,1,68
BRDA:25,2,0,1
BRDA:25,2,1,67
BRDA:31,3,0,62
BRDA:31,3,1,5
BRDA:32,4,0,1
BRDA:32,4,1,61
BRDA:36,5,0,3
BRDA:36,5,1,2
BRDA:37,6,0,1
BRDA:37,6,1,2
BRDA:37,7,0,3
BRDA:37,7,1,2
BRDA:41,8,0,1
BRDA:41,8,1,1
BRDA:59,9,0,22
BRDA:59,9,1,42
BRDA:59,10,0,64
BRDA:59,10,1,58
BRF:22
BRH:22
end_of_record
TN:
SF:src\application\DiscardHandCard.ts
FN:8,discardHandCard
FN:18,(anonymous_1)
FNF:2
FNH:2
FNDA:5,discardHandCard
FNDA:3,(anonymous_1)
DA:1,2
DA:3,2
DA:8,2
DA:9,5
DA:10,1
DA:12,4
DA:14,4
DA:15,1
DA:18,3
DA:19,3
DA:21,3
DA:22,1
DA:25,2
LF:13
LH:13
BRDA:9,0,0,1
BRDA:9,0,1,4
BRDA:14,1,0,1
BRDA:14,1,1,3
BRDA:21,2,0,1
BRDA:21,2,1,2
BRF:6
BRH:6
end_of_record
TN:
SF:src\application\GameService.ts
FN:21,(anonymous_0)
FN:26,(anonymous_1)
FN:38,(anonymous_2)
FN:50,(anonymous_3)
FN:62,(anonymous_4)
FN:74,(anonymous_5)
FNF:6
FNH:5
FNDA:1,(anonymous_0)
FNDA:73,(anonymous_1)
FNDA:267,(anonymous_2)
FNDA:18,(anonymous_3)
FNDA:0,(anonymous_4)
FNDA:59,(anonymous_5)
DA:1,1
DA:3,1
DA:11,1
DA:12,1
DA:13,1
DA:14,1
DA:15,1
DA:17,1
DA:22,1
DA:23,1
DA:27,73
DA:29,73
DA:30,73
DA:32,73
DA:34,72
DA:35,72
DA:39,267
DA:41,267
DA:42,267
DA:44,267
DA:46,267
DA:47,267
DA:51,18
DA:53,18
DA:54,18
DA:56,18
DA:58,18
DA:59,18
DA:63,0
DA:65,0
DA:66,0
DA:68,0
DA:70,0
DA:71,0
DA:75,59
DA:77,59
DA:78,59
DA:80,59
DA:82,59
DA:83,59
LF:40
LH:34
BRDA:30,0,0,0
BRDA:30,0,1,73
BRDA:42,1,0,0
BRDA:42,1,1,267
BRDA:54,2,0,0
BRDA:54,2,1,18
BRDA:66,3,0,0
BRDA:66,3,1,0
BRDA:78,4,0,0
BRDA:78,4,1,59
BRF:10
BRH:4
end_of_record
TN:
SF:src\application\PickSuit.ts
FN:7,pickSuit
FNF:1
FNH:1
FNDA:26,pickSuit
DA:2,3
DA:4,3
DA:7,3
DA:8,26
DA:9,1
DA:11,25
DA:13,25
DA:14,1
DA:17,24
DA:20,24
DA:21,6
DA:23,18
LF:12
LH:12
BRDA:8,0,0,1
BRDA:8,0,1,25
BRDA:13,1,0,1
BRDA:13,1,1,24
BRDA:20,2,0,6
BRDA:20,2,1,18
BRF:6
BRH:6
end_of_record
TN:
SF:src\application\PlaceBid.ts
FN:14,placeBid
FN:39,isBidAmountValid
FN:45,recordBid
FN:55,shootTheMoon
FN:72,getNextBidderId
FN:73,(anonymous_5)
FN:78,isBiddingComplete
FN:79,(anonymous_7)
FNF:8
FNH:8
FNDA:103,placeBid
FNDA:99,isBidAmountValid
FNDA:95,recordBid
FNDA:2,shootTheMoon
FNDA:103,getNextBidderId
FNDA:412,(anonymous_5)
FNDA:97,isBiddingComplete
FNDA:213,(anonymous_7)
DA:3,3
DA:4,3
DA:14,3
DA:15,103
DA:16,2
DA:18,101
DA:19,101
DA:21,101
DA:22,2
DA:24,99
DA:25,2
DA:28,97
DA:29,2
DA:31,95
DA:34,97
DA:35,25
DA:40,99
DA:41,31
DA:42,31
DA:46,95
DA:47,95
DA:48,95
DA:49,27
DA:50,27
DA:52,95
DA:56,2
DA:57,2
DA:58,2
DA:59,2
DA:62,2
DA:63,2
DA:64,6
DA:65,6
DA:67,6
DA:69,2
DA:73,412
DA:74,103
DA:75,103
DA:79,213
LF:39
LH:39
BRDA:15,0,0,2
BRDA:15,0,1,101
BRDA:21,1,0,2
BRDA:21,1,1,99
BRDA:24,2,0,2
BRDA:24,2,1,97
BRDA:28,3,0,2
BRDA:28,3,1,95
BRDA:34,4,0,25
BRDA:34,4,1,72
BRDA:40,5,0,68
BRDA:40,5,1,31
BRDA:41,6,0,0
BRDA:41,6,1,31
BRDA:42,7,0,31
BRDA:42,7,1,30
BRDA:42,7,2,29
BRDA:48,8,0,27
BRDA:48,8,1,68
BRDA:64,9,0,6
BRDA:64,9,1,0
BRF:21
BRH:19
end_of_record
TN:
SF:src\application\PlayCard.ts
FN:33,playCard
FN:39,(anonymous_2)
FN:84,isPlayerOutOfTrump
FN:88,getNextPlayerId
FN:89,(anonymous_5)
FN:93,isTrickOver
FN:97,calcTrickWinner
FN:109,beats
FN:120,tallyTrickPoints
FN:121,(anonymous_10)
FN:123,(anonymous_11)
FN:133,advanceTrick
FN:142,autoAdvanceOutOfTrump
FN:144,(anonymous_14)
FN:151,isHandOver
FN:153,(anonymous_16)
FN:156,isGameOver
FN:157,(anonymous_18)
FN:169,isCardTrump
FN:173,tallyHandPoints
FN:174,(anonymous_21)
FN:188,resetForNextHand
FN:189,(anonymous_23)
FN:194,(anonymous_24)
FNF:24
FNH:24
FNDA:306,playCard
FNDA:749,(anonymous_2)
FNDA:1290,isPlayerOutOfTrump
FNDA:512,getNextPlayerId
FNDA:1275,(anonymous_5)
FNDA:916,isTrickOver
FNDA:102,calcTrickWinner
FNDA:299,beats
FNDA:102,tallyTrickPoints
FNDA:243,(anonymous_10)
FNDA:408,(anonymous_11)
FNDA:102,advanceTrick
FNDA:404,autoAdvanceOutOfTrump
FNDA:1226,(anonymous_14)
FNDA:302,isHandOver
FNDA:499,(anonymous_16)
FNDA:25,isGameOver
FNDA:54,(anonymous_18)
FNDA:300,isCardTrump
FNDA:25,tallyHandPoints
FNDA:54,(anonymous_21)
FNDA:22,resetForNextHand
FNDA:46,(anonymous_23)
FNDA:88,(anonymous_24)
DA:1,3
DA:2,3
DA:4,3
DA:6,3
DA:7,3
DA:9,3
DA:10,3
DA:13,3
DA:30,3
DA:31,3
DA:33,3
DA:34,306
DA:35,1
DA:37,305
DA:39,749
DA:40,305
DA:42,305
DA:43,1
DA:46,304
DA:48,2
DA:50,302
DA:51,2
DA:54,300
DA:55,0
DA:58,300
DA:59,300
DA:62,302
DA:63,302
DA:65,302
DA:66,102
DA:67,102
DA:68,102
DA:71,102
DA:74,302
DA:75,25
DA:76,25
DA:77,3
DA:79,22
DA:85,1290
DA:89,1275
DA:90,512
DA:94,916
DA:98,102
DA:99,102
DA:100,102
DA:101,408
DA:102,158
DA:105,102
DA:110,299
DA:111,284
DA:112,261
DA:113,218
DA:114,189
DA:115,173
DA:116,161
DA:117,9
DA:121,243
DA:122,102
DA:123,408
DA:125,102
DA:126,53
DA:128,49
DA:130,102
DA:134,102
DA:143,404
DA:144,1226
DA:145,487
DA:146,210
DA:147,210
DA:152,302
DA:153,499
DA:157,54
DA:158,25
DA:160,25
DA:161,14
DA:164,11
DA:170,300
DA:174,54
DA:175,25
DA:176,14
DA:179,14
DA:181,11
DA:184,11
DA:189,46
DA:190,22
DA:193,22
DA:194,22
DA:195,88
DA:196,88
DA:197,792
DA:201,22
DA:202,22
DA:203,22
LF:93
LH:92
BRDA:34,0,0,1
BRDA:34,0,1,305
BRDA:40,1,0,0
BRDA:40,1,1,305
BRDA:42,2,0,1
BRDA:42,2,1,304
BRDA:46,3,0,2
BRDA:46,3,1,302
BRDA:50,4,0,2
BRDA:50,4,1,300
BRDA:54,5,0,0
BRDA:54,5,1,300
BRDA:65,6,0,102
BRDA:65,6,1,200
BRDA:74,7,0,25
BRDA:74,7,1,277
BRDA:76,8,0,3
BRDA:76,8,1,22
BRDA:101,9,0,158
BRDA:101,9,1,250
BRDA:101,10,0,408
BRDA:101,10,1,299
BRDA:101,11,0,299
BRDA:101,11,1,15
BRDA:110,12,0,15
BRDA:110,12,1,284
BRDA:111,13,0,23
BRDA:111,13,1,261
BRDA:112,14,0,43
BRDA:112,14,1,218
BRDA:113,15,0,29
BRDA:113,15,1,189
BRDA:114,16,0,16
BRDA:114,16,1,173
BRDA:115,17,0,12
BRDA:115,17,1,161
BRDA:116,18,0,152
BRDA:116,18,1,9
BRDA:116,19,0,161
BRDA:116,19,1,161
BRDA:123,20,0,299
BRDA:123,20,1,109
BRDA:123,21,0,299
BRDA:123,21,1,0
BRDA:125,22,0,53
BRDA:125,22,1,49
BRDA:130,23,0,102
BRDA:130,23,1,102
BRDA:145,24,0,277
BRDA:145,24,1,210
BRDA:145,25,0,487
BRDA:145,25,1,487
BRDA:160,26,0,14
BRDA:160,26,1,11
BRDA:161,27,0,14
BRDA:161,27,1,7
BRDA:164,28,0,11
BRDA:164,28,1,6
BRDA:170,29,0,300
BRDA:170,29,1,33
BRDA:170,29,2,18
BRDA:175,30,0,14
BRDA:175,30,1,11
BRDA:176,31,0,7
BRDA:176,31,1,7
BRDA:181,32,0,6
BRDA:181,32,1,5
BRF:67
BRH:64
end_of_record
TN:
SF:src\application\RoomService.ts
FN:18,(anonymous_1)
FN:24,(anonymous_2)
FN:41,(anonymous_3)
FN:46,(anonymous_4)
FN:67,(anonymous_5)
FNF:5
FNH:5
FNDA:8,(anonymous_1)
FNDA:3,(anonymous_2)
FNDA:8,(anonymous_3)
FNDA:15,(anonymous_4)
FNDA:2,(anonymous_5)
DA:1,2
DA:2,2
DA:3,2
DA:4,2
DA:5,2
DA:11,2
DA:13,2
DA:19,8
DA:20,8
DA:21,8
DA:25,3
DA:26,3
DA:28,2
DA:30,2
DA:38,2
DA:42,8
DA:43,8
DA:46,15
DA:47,1
DA:48,1
DA:51,6
DA:53,5
DA:54,5
DA:56,5
DA:57,5
DA:59,5
DA:60,2
DA:63,5
DA:64,5
DA:68,2
DA:69,2
DA:70,2
DA:72,2
DA:74,2
DA:75,2
DA:76,8
DA:77,72
DA:80,2
DA:82,2
LF:39
LH:39
BRDA:26,0,0,1
BRDA:26,0,1,2
BRDA:43,1,0,1
BRDA:43,1,1,7
BRDA:46,2,0,1
BRDA:46,2,1,6
BRDA:51,3,0,1
BRDA:51,3,1,5
BRDA:54,4,0,0
BRDA:54,4,1,5
BRDA:59,5,0,2
BRDA:59,5,1,3
BRF:12
BRH:11
end_of_record
TN:
SF:src\application\UserService.ts
FN:7,(anonymous_0)
FN:11,(anonymous_1)
FN:15,(anonymous_2)
FN:20,(anonymous_3)
FN:24,(anonymous_4)
FNF:5
FNH:5
FNDA:7,(anonymous_0)
FNDA:2,(anonymous_1)
FNDA:6,(anonymous_2)
FNDA:5,(anonymous_3)
FNDA:1,(anonymous_4)
DA:4,2
DA:8,7
DA:12,2
DA:16,6
DA:17,6
DA:21,5
DA:25,1
LF:7
LH:7
BRF:0
BRH:0
end_of_record
TN:
SF:src\application\dto\BidDTO.ts
FN:6,(anonymous_0)
FNF:1
FNH:1
FNDA:75,(anonymous_0)
DA:1,3
DA:7,75
DA:8,75
DA:9,75
LF:4
LH:4
BRF:0
BRH:0
end_of_record
TN:
SF:src\application\dto\BlindCardDTO.ts
FN:11,(anonymous_0)
FNF:1
FNH:1
FNDA:61,(anonymous_0)
DA:4,3
DA:12,61
DA:13,61
DA:14,61
DA:15,61
DA:16,61
LF:6
LH:6
BRF:0
BRH:0
end_of_record
TN:
SF:src\application\dto\DiscardHandCardDTO.ts
FN:10,(anonymous_0)
FNF:1
FNH:0
FNDA:0,(anonymous_0)
DA:4,3
DA:11,0
DA:12,0
DA:13,0
DA:14,0
LF:5
LH:1
BRF:0
BRH:0
end_of_record
TN:
SF:src\application\dto\PickSuitDTO.ts
FN:8,(anonymous_0)
FNF:1
FNH:1
FNDA:20,(anonymous_0)
DA:3,3
DA:9,20
DA:10,20
DA:11,20
LF:4
LH:4
BRF:0
BRH:0
end_of_record
TN:
SF:src\application\dto\PlayCardDTO.ts
FN:10,(anonymous_0)
FNF:1
FNH:1
FNDA:269,(anonymous_0)
DA:4,3
DA:11,269
DA:12,269
DA:13,269
DA:14,269
LF:5
LH:5
BRF:0
BRH:0
end_of_record
TN:
SF:src\application\dto\PlayerViewResponseDTO.ts
FN:50,(anonymous_0)
FN:52,(anonymous_1)
FN:53,(anonymous_2)
FN:54,(anonymous_3)
FN:55,(anonymous_4)
FN:56,(anonymous_5)
FN:57,(anonymous_6)
FN:58,(anonymous_7)
FN:59,(anonymous_8)
FN:60,(anonymous_9)
FN:61,(anonymous_10)
FN:62,(anonymous_11)
FN:63,(anonymous_12)
FN:65,(anonymous_13)
FN:69,(anonymous_14)
FN:74,(anonymous_15)
FN:91,(anonymous_16)
FN:127,phaseLabel
FN:139,domainSuitToModel
FN:149,dtoFromCard
FN:153,dtoFromTrick
FN:155,(anonymous_21)
FN:156,(anonymous_22)
FNF:23
FNH:23
FNDA:1673,(anonymous_0)
FNDA:1673,(anonymous_1)
FNDA:1673,(anonymous_2)
FNDA:1673,(anonymous_3)
FNDA:1673,(anonymous_4)
FNDA:1068,(anonymous_5)
FNDA:288,(anonymous_6)
FNDA:1068,(anonymous_7)
FNDA:1068,(anonymous_8)
FNDA:1673,(anonymous_9)
FNDA:312,(anonymous_10)
FNDA:236,(anonymous_11)
FNDA:236,(anonymous_12)
FNDA:1673,(anonymous_13)
FNDA:4179,(anonymous_14)
FNDA:6685,(anonymous_15)
FNDA:1152,(anonymous_16)
FNDA:1673,phaseLabel
FNDA:11669,domainSuitToModel
FNDA:10365,dtoFromCard
FNDA:1068,dtoFromTrick
FNDA:1512,(anonymous_21)
FNDA:1236,(anonymous_22)
DA:4,1
DA:32,1
DA:33,1673
DA:34,1673
DA:35,1673
DA:36,1673
DA:37,1673
DA:38,1673
DA:43,1673
DA:44,1673
DA:45,1673
DA:46,1673
DA:47,1673
DA:48,1673
DA:52,1673
DA:53,1673
DA:54,1673
DA:55,1673
DA:56,1068
DA:57,288
DA:58,1068
DA:59,1068
DA:60,1673
DA:61,312
DA:62,236
DA:63,236
DA:66,1673
DA:67,1673
DA:69,4179
DA:70,1673
DA:72,1673
DA:74,6685
DA:86,1673
DA:88,288
DA:91,1152
DA:93,288
DA:96,72
DA:97,72
DA:100,236
DA:107,236
DA:110,1068
DA:113,1068
DA:116,4
DA:117,4
DA:120,5
DA:123,1673
DA:128,1673
DA:136,1673
DA:140,11669
DA:146,11669
DA:150,10365
DA:154,1068
DA:155,1512
DA:156,1236
DA:158,1068
LF:55
LH:55
BRDA:70,0,0,1673
BRDA:70,0,1,0
BRDA:86,1,0,288
BRDA:86,1,1,72
BRDA:86,1,2,236
BRDA:86,1,3,1068
BRDA:86,1,4,4
BRDA:86,1,5,5
BRDA:90,2,0,288
BRDA:90,2,1,72
BRDA:91,3,0,1152
BRDA:91,3,1,720
BRDA:103,4,0,59
BRDA:103,4,1,177
BRDA:103,5,0,236
BRDA:103,5,1,59
BRDA:146,6,0,11669
BRDA:146,6,1,0
BRF:18
BRH:16
end_of_record
TN:
SF:src\domain\entities\BiddingCycle.ts
FN:10,(anonymous_0)
FN:22,(anonymous_1)
FNF:2
FNH:2
FNDA:43,(anonymous_0)
FNDA:1,(anonymous_1)
DA:3,11
DA:16,43
DA:17,43
DA:18,43
DA:19,43
DA:23,1
DA:24,1
DA:25,1
DA:26,0
DA:29,1
LF:10
LH:9
BRDA:24,0,0,1
BRDA:24,0,1,0
BRDA:31,1,0,1
BRDA:31,1,1,1
BRF:4
BRH:3
end_of_record
TN:
SF:src\domain\entities\Card.ts
FN:7,(anonymous_0)
FN:12,(anonymous_1)
FN:16,(anonymous_2)
FN:29,(anonymous_3)
FN:46,(anonymous_4)
FNF:5
FNH:5
FNDA:6704,(anonymous_0)
FNDA:6293,(anonymous_1)
FNDA:1411,(anonymous_2)
FNDA:29,(anonymous_3)
FNDA:1624,(anonymous_4)
DA:1,14
DA:2,14
DA:3,14
DA:8,6704
DA:9,6704
DA:13,6293
DA:17,1411
DA:19,1
DA:21,21
DA:23,1388
DA:25,1
DA:30,29
DA:33,29
DA:34,29
DA:37,29
DA:38,116
DA:40,3248
DA:41,1624
DA:46,1624
DA:49,29
DA:50,1537
DA:51,1537
DA:54,29
LF:23
LH:23
BRDA:13,0,0,6293
BRDA:13,0,1,2345
BRDA:17,1,0,1
BRDA:17,1,1,21
BRDA:17,1,2,1388
BRDA:17,1,3,1
BRDA:40,2,0,1624
BRDA:40,2,1,1624
BRDA:46,3,0,1624
BRDA:46,3,1,1595
BRF:10
BRH:10
end_of_record
TN:
SF:src\domain\entities\GameState.ts
FN:13,(anonymous_0)
FN:22,(anonymous_1)
FN:23,(anonymous_2)
FNF:3
FNH:3
FNDA:54,(anonymous_0)
FNDA:4,(anonymous_1)
FNDA:3,(anonymous_2)
DA:2,10
DA:3,10
DA:5,10
DA:14,54
DA:15,54
DA:16,54
DA:17,54
DA:18,54
DA:19,54
DA:23,4
DA:24,4
DA:25,2
LF:12
LH:12
BRF:0
BRH:0
end_of_record
TN:
SF:src\domain\entities\Hand.ts
FN:10,(anonymous_1)
FN:14,(anonymous_2)
FN:21,(anonymous_3)
FN:25,(anonymous_4)
FN:26,(anonymous_5)
FN:29,(anonymous_6)
FN:33,(anonymous_7)
FN:38,(anonymous_8)
FN:39,(anonymous_9)
FN:39,(anonymous_10)
FN:39,(anonymous_11)
FN:42,(anonymous_12)
FN:44,(anonymous_13)
FNF:13
FNH:13
FNDA:328,(anonymous_1)
FNDA:67,(anonymous_2)
FNDA:6,(anonymous_3)
FNDA:686,(anonymous_4)
FNDA:989,(anonymous_5)
FNDA:305,(anonymous_6)
FNDA:1221,(anonymous_7)
FNDA:1294,(anonymous_8)
FNDA:2223,(anonymous_9)
FNDA:1030,(anonymous_10)
FNDA:1000,(anonymous_11)
FNDA:4,(anonymous_12)
FNDA:2,(anonymous_13)
DA:1,12
DA:2,12
DA:3,12
DA:6,12
DA:11,328
DA:15,67
DA:16,67
DA:17,66
DA:22,6
DA:26,989
DA:30,305
DA:31,1
DA:33,1221
DA:34,304
DA:39,2223
DA:43,4
DA:44,4
LF:17
LH:17
BRDA:10,0,0,50
BRDA:16,1,0,66
BRDA:16,1,1,1
BRDA:30,2,0,1
BRDA:30,2,1,304
BRDA:39,3,0,1294
BRDA:39,3,1,460
BRDA:39,3,2,450
BRDA:39,4,0,1000
BRDA:39,4,1,335
BRDA:43,5,0,0
BRDA:43,5,1,4
BRDA:44,6,0,4
BRDA:44,6,1,0
BRF:14
BRH:12
end_of_record
TN:
SF:src\domain\entities\HandCycle.ts
FN:67,createWaitingHand
FN:71,startBidding
FN:72,(anonymous_2)
FN:79,(anonymous_3)
FN:89,startTrumpSelection
FN:102,startBlindCards
FN:107,(anonymous_6)
FN:124,(anonymous_7)
FN:141,startPlayingFromBlindCards
FN:154,completeHand
FN:168,handCycleFromJSON
FN:177,(anonymous_11)
FN:187,(anonymous_12)
FN:197,(anonymous_13)
FNF:14
FNH:11
FNDA:50,createWaitingHand
FNDA:42,startBidding
FNDA:73,(anonymous_2)
FNDA:162,(anonymous_3)
FNDA:27,startTrumpSelection
FNDA:26,startBlindCards
FNDA:680,(anonymous_6)
FNDA:56,(anonymous_7)
FNDA:29,startPlayingFromBlindCards
FNDA:4,completeHand
FNDA:8,handCycleFromJSON
FNDA:0,(anonymous_11)
FNDA:0,(anonymous_12)
FNDA:0,(anonymous_13)
DA:2,11
DA:3,11
DA:6,11
DA:7,11
DA:67,11
DA:68,50
DA:71,11
DA:72,73
DA:73,42
DA:78,42
DA:79,162
DA:81,42
DA:89,11
DA:90,27
DA:91,27
DA:93,26
DA:102,11
DA:103,26
DA:106,26
DA:107,100
DA:108,680
DA:115,26
DA:116,26
DA:117,100
DA:118,74
DA:119,191
DA:124,56
DA:125,26
DA:126,26
DA:127,18
DA:130,26
DA:141,11
DA:142,29
DA:154,11
DA:155,4
DA:168,11
DA:169,8
DA:171,3
DA:174,1
DA:177,0
DA:182,0
DA:187,0
DA:191,0
DA:197,0
DA:204,1
DA:216,0
DA:227,3
LF:47
LH:41
BRDA:91,0,0,1
BRDA:91,0,1,26
BRDA:108,1,0,680
BRDA:108,1,1,487
BRDA:108,1,2,476
BRDA:117,2,0,26
BRDA:117,2,1,74
BRDA:118,3,0,265
BRDA:118,3,1,208
BRDA:126,4,0,18
BRDA:126,4,1,8
BRDA:126,5,0,26
BRDA:126,5,1,19
BRDA:169,6,0,3
BRDA:169,6,1,1
BRDA:169,6,2,0
BRDA:169,6,3,0
BRDA:169,6,4,1
BRDA:169,6,5,0
BRDA:169,6,6,3
BRDA:177,7,0,1
BRDA:177,7,1,0
BRDA:187,8,0,0
BRDA:187,8,1,0
BRDA:197,9,0,0
BRDA:197,9,1,0
BRDA:198,10,0,0
BRDA:198,10,1,0
BRF:28
BRH:18
end_of_record
TN:
SF:src\domain\entities\Player.ts
FN:16,(anonymous_0)
FN:28,(anonymous_1)
FNF:2
FNH:2
FNDA:228,(anonymous_0)
FNDA:3,(anonymous_1)
DA:2,11
DA:4,11
DA:17,228
DA:18,228
DA:19,228
DA:20,228
DA:21,228
DA:22,228
DA:23,228
DA:24,228
DA:25,228
DA:29,3
LF:12
LH:12
BRF:0
BRH:0
end_of_record
TN:
SF:src\domain\entities\Trick.ts
FN:11,(anonymous_0)
FN:18,(anonymous_1)
FN:23,(anonymous_2)
FNF:3
FNH:3
FNDA:150,(anonymous_0)
FNDA:4,(anonymous_1)
FNDA:2,(anonymous_2)
DA:2,12
DA:4,12
DA:12,150
DA:13,150
DA:14,150
DA:15,150
DA:20,4
DA:22,4
DA:23,2
DA:24,2
DA:25,2
DA:33,4
LF:12
LH:12
BRDA:22,0,0,2
BRDA:22,0,1,2
BRDA:25,1,0,1
BRDA:25,1,1,1
BRF:4
BRH:4
end_of_record
TN:
SF:src\domain\entities\User.ts
FN:12,(anonymous_0)
FNF:1
FNH:1
FNDA:32,(anonymous_0)
DA:3,4
DA:13,32
DA:14,32
DA:15,32
DA:16,32
DA:17,32
DA:18,32
LF:7
LH:7
BRDA:18,0,0,0
BRDA:18,0,1,32
BRF:2
BRH:1
end_of_record
TN:
SF:src\domain\enums\Suit.ts
FN:1,(anonymous_0)
FNF:1
FNH:1
FNDA:16,(anonymous_0)
DA:1,16
DA:2,16
DA:3,16
DA:4,16
DA:5,16
LF:5
LH:5
BRDA:1,0,0,16
BRDA:1,0,1,16
BRF:2
BRH:2
end_of_record
TN:
SF:src\domain\enums\Value.ts
FN:1,(anonymous_0)
FNF:1
FNH:1
FNDA:16,(anonymous_0)
DA:1,16
DA:2,16
DA:3,16
DA:4,16
DA:5,16
DA:6,16
DA:7,16
DA:8,16
DA:9,16
DA:10,16
DA:11,16
DA:12,16
DA:13,16
DA:14,16
DA:15,16
LF:15
LH:15
BRDA:1,0,0,16
BRDA:1,0,1,16
BRF:2
BRH:2
end_of_record
TN:
SF:src\domain\errors\GameErrors.ts
FN:2,(anonymous_0)
FN:9,(anonymous_1)
FN:16,(anonymous_2)
FN:23,(anonymous_3)
FN:30,(anonymous_4)
FNF:5
FNH:4
FNDA:21,(anonymous_0)
FNDA:0,(anonymous_1)
FNDA:6,(anonymous_2)
FNDA:4,(anonymous_3)
FNDA:11,(anonymous_4)
DA:1,7
DA:3,21
DA:4,21
DA:8,7
DA:10,0
DA:11,0
DA:15,7
DA:17,6
DA:18,6
DA:22,7
DA:24,4
DA:25,4
DA:29,7
DA:31,11
DA:32,11
LF:15
LH:13
BRF:0
BRH:0
end_of_record
