TN:
SF:src\adapters\persistence\MongoLongTermAdapter.ts
FN:9,(anonymous_1)
FN:21,(anonymous_2)
FN:31,(anonymous_3)
FN:44,(anonymous_4)
FN:57,(anonymous_5)
FN:59,(anonymous_6)
FN:69,(anonymous_7)
FNF:7
FNH:7
FNDA:7,(anonymous_1)
FNDA:1,(anonymous_2)
FNDA:5,(anonymous_3)
FNDA:3,(anonymous_4)
FNDA:1,(anonymous_5)
FNDA:2,(anonymous_6)
FNDA:1,(anonymous_7)
DA:2,1
DA:3,1
DA:7,1
DA:10,7
DA:11,7
DA:22,1
DA:32,5
DA:33,5
DA:34,5
DA:45,3
DA:46,3
DA:47,2
DA:58,1
DA:59,2
DA:70,1
LF:15
LH:15
BRDA:16,0,0,7
BRDA:16,0,1,0
BRDA:17,1,0,7
BRDA:17,1,1,7
BRDA:26,2,0,1
BRDA:26,2,1,0
BRDA:27,3,0,1
BRDA:27,3,1,1
BRDA:33,4,0,0
BRDA:33,4,1,5
BRDA:39,5,0,5
BRDA:39,5,1,0
BRDA:40,6,0,0
BRDA:40,6,1,5
BRDA:46,7,0,1
BRDA:46,7,1,2
BRDA:52,8,0,2
BRDA:52,8,1,0
BRDA:53,9,0,0
BRDA:53,9,1,2
BRDA:64,10,0,2
BRDA:64,10,1,0
BRDA:65,11,0,0
BRDA:65,11,1,2
BRF:24
BRH:15
end_of_record
TN:
SF:src\adapters\persistence\RedisShortTermAdapter.ts
FN:9,(anonymous_1)
FN:13,(anonymous_2)
FN:23,(anonymous_3)
FN:37,(anonymous_4)
FN:51,(anonymous_5)
FN:59,(anonymous_6)
FN:70,(anonymous_7)
FN:71,(anonymous_8)
FNF:8
FNH:8
FNDA:6,(anonymous_1)
FNDA:2,(anonymous_2)
FNDA:9,(anonymous_3)
FNDA:4,(anonymous_4)
FNDA:2,(anonymous_5)
FNDA:3,(anonymous_6)
FNDA:2,(anonymous_7)
FNDA:2,(anonymous_8)
DA:1,1
DA:6,1
DA:10,6
DA:14,2
DA:15,2
DA:16,2
DA:17,2
DA:19,1
DA:24,9
DA:25,9
DA:26,1
DA:27,1
DA:29,9
DA:30,9
DA:33,1
DA:38,4
DA:39,4
DA:40,3
DA:41,1
DA:44,2
DA:46,3
DA:47,3
DA:52,2
DA:53,2
DA:55,1
DA:60,3
DA:61,3
DA:63,2
DA:64,1
DA:67,1
DA:69,1
DA:70,2
DA:71,2
DA:73,1
DA:74,1
LF:35
LH:35
BRDA:25,0,0,1
BRDA:25,0,1,8
BRDA:40,1,0,1
BRDA:40,1,1,2
BRDA:63,2,0,1
BRDA:63,2,1,1
BRF:6
BRH:6
end_of_record
TN:
SF:src\adapters\persistence\MongoModels\UserModel.ts
FN:21,(anonymous_10)
FN:27,(anonymous_11)
FNF:2
FNH:1
FNDA:7,(anonymous_10)
FNDA:0,(anonymous_11)
DA:1,1
DA:2,1
DA:9,1
DA:21,1
DA:22,7
DA:23,7
DA:27,1
DA:28,0
DA:31,1
LF:9
LH:8
BRDA:22,0,0,7
BRDA:22,0,1,0
BRF:2
BRH:1
end_of_record
TN:
SF:src\adapters\rest\RoomController.ts
FN:15,(anonymous_0)
FN:20,(anonymous_1)
FN:38,(anonymous_2)
FNF:3
FNH:3
FNDA:6,(anonymous_0)
FNDA:3,(anonymous_1)
FNDA:3,(anonymous_2)
DA:10,1
DA:16,6
DA:17,6
DA:21,3
DA:22,3
DA:23,3
DA:24,1
DA:25,1
DA:27,2
DA:28,2
DA:29,2
DA:30,2
DA:31,1
DA:33,1
DA:34,1
DA:39,3
DA:40,3
DA:42,3
DA:43,1
DA:44,1
DA:47,2
DA:48,2
DA:49,2
DA:50,2
DA:51,1
DA:53,1
DA:54,1
LF:27
LH:27
BRDA:21,0,0,3
BRDA:21,0,1,1
BRDA:23,1,0,1
BRDA:23,1,1,2
BRDA:39,2,0,3
BRDA:39,2,1,1
BRDA:42,3,0,1
BRDA:42,3,1,2
BRF:8
BRH:8
end_of_record
TN:
SF:src\adapters\websockets\WebSocketController.ts
FN:18,(anonymous_0)
FN:23,(anonymous_1)
FN:25,(anonymous_2)
FN:31,(anonymous_3)
FN:43,(anonymous_4)
FN:44,(anonymous_5)
FN:45,(anonymous_6)
FN:46,(anonymous_7)
FN:47,(anonymous_8)
FN:48,(anonymous_9)
FN:49,(anonymous_10)
FN:53,(anonymous_11)
FN:74,(anonymous_12)
FN:95,(anonymous_13)
FN:121,(anonymous_14)
FN:147,(anonymous_15)
FNF:16
FNH:10
FNDA:8,(anonymous_0)
FNDA:5,(anonymous_1)
FNDA:4,(anonymous_2)
FNDA:7,(anonymous_3)
FNDA:5,(anonymous_4)
FNDA:4,(anonymous_5)
FNDA:2,(anonymous_6)
FNDA:1,(anonymous_7)
FNDA:0,(anonymous_8)
FNDA:0,(anonymous_9)
FNDA:0,(anonymous_10)
FNDA:4,(anonymous_11)
FNDA:2,(anonymous_12)
FNDA:0,(anonymous_13)
FNDA:0,(anonymous_14)
FNDA:0,(anonymous_15)
DA:4,2
DA:5,2
DA:6,2
DA:7,2
DA:8,2
DA:9,2
DA:10,2
DA:13,2
DA:19,8
DA:20,8
DA:21,8
DA:23,8
DA:25,8
DA:26,4
DA:27,4
DA:32,7
DA:33,7
DA:35,7
DA:36,7
DA:37,5
DA:39,2
DA:44,5
DA:45,5
DA:46,5
DA:47,5
DA:48,5
DA:49,5
DA:50,5
DA:55,4
DA:56,4
DA:58,0
DA:59,0
DA:62,4
DA:63,2
DA:64,2
DA:67,2
DA:68,2
DA:70,0
DA:76,2
DA:77,2
DA:79,0
DA:80,0
DA:83,2
DA:84,0
DA:85,0
DA:88,2
DA:89,2
DA:91,0
DA:97,0
DA:98,0
DA:100,0
DA:101,0
DA:104,0
DA:105,0
DA:106,0
DA:109,0
DA:110,0
DA:111,0
DA:114,0
DA:115,0
DA:117,0
DA:123,0
DA:124,0
DA:126,0
DA:127,0
DA:130,0
DA:131,0
DA:132,0
DA:135,0
DA:136,0
DA:137,0
DA:140,0
DA:141,0
DA:143,0
DA:149,0
DA:150,0
DA:152,0
DA:153,0
DA:156,0
DA:157,0
DA:158,0
DA:159,0
DA:162,0
DA:163,0
DA:171,0
LF:85
LH:40
BRDA:33,0,0,0
BRDA:33,0,1,7
BRDA:62,1,0,2
BRDA:62,1,1,2
BRDA:62,2,0,4
BRDA:62,2,1,2
BRDA:70,3,0,0
BRDA:70,3,1,0
BRDA:83,4,0,0
BRDA:83,4,1,2
BRDA:83,5,0,2
BRDA:83,5,1,2
BRDA:83,5,2,2
BRDA:91,6,0,0
BRDA:91,6,1,0
BRDA:104,7,0,0
BRDA:104,7,1,0
BRDA:104,8,0,0
BRDA:104,8,1,0
BRDA:109,9,0,0
BRDA:109,9,1,0
BRDA:117,10,0,0
BRDA:117,10,1,0
BRDA:130,11,0,0
BRDA:130,11,1,0
BRDA:130,12,0,0
BRDA:130,12,1,0
BRDA:130,12,2,0
BRDA:135,13,0,0
BRDA:135,13,1,0
BRDA:135,14,0,0
BRDA:135,14,1,0
BRDA:143,15,0,0
BRDA:143,15,1,0
BRDA:157,16,0,0
BRDA:157,16,1,0
BRDA:157,17,0,0
BRDA:157,17,1,0
BRDA:171,18,0,0
BRDA:171,18,1,0
BRF:40
BRH:9
end_of_record
TN:
SF:src\application\dto\BidDTO.ts
FN:6,(anonymous_0)
FNF:1
FNH:1
FNDA:2,(anonymous_0)
DA:1,2
DA:7,2
DA:8,2
DA:9,2
LF:4
LH:4
BRF:0
BRH:0
end_of_record
TN:
SF:src\application\dto\BlindCardDTO.ts
FN:11,(anonymous_0)
FNF:1
FNH:0
FNDA:0,(anonymous_0)
DA:4,2
DA:12,0
DA:13,0
DA:14,0
DA:15,0
DA:16,0
LF:6
LH:1
BRF:0
BRH:0
end_of_record
TN:
SF:src\application\dto\DiscardHandCardDTO.ts
FN:10,(anonymous_0)
FNF:1
FNH:0
FNDA:0,(anonymous_0)
DA:4,2
DA:11,0
DA:12,0
DA:13,0
DA:14,0
LF:5
LH:1
BRF:0
BRH:0
end_of_record
TN:
SF:src\application\dto\PickSuitDTO.ts
FN:8,(anonymous_0)
FNF:1
FNH:0
FNDA:0,(anonymous_0)
DA:3,2
DA:9,0
DA:10,0
DA:11,0
LF:4
LH:1
BRF:0
BRH:0
end_of_record
TN:
SF:src\application\dto\PlayCardDTO.ts
FN:10,(anonymous_0)
FNF:1
FNH:1
FNDA:2,(anonymous_0)
DA:4,2
DA:11,2
DA:12,2
DA:13,2
DA:14,2
LF:5
LH:5
BRF:0
BRH:0
end_of_record
TN:
SF:src\domain\entities\BiddingCycle.ts
FN:10,(anonymous_0)
FN:22,(anonymous_1)
FNF:2
FNH:0
FNDA:0,(anonymous_0)
FNDA:0,(anonymous_1)
DA:3,1
DA:16,0
DA:17,0
DA:18,0
DA:19,0
DA:23,0
DA:24,0
DA:25,0
DA:26,0
DA:29,0
LF:10
LH:1
BRDA:24,0,0,0
BRDA:24,0,1,0
BRDA:31,1,0,0
BRDA:31,1,1,0
BRF:4
BRH:0
end_of_record
TN:
SF:src\domain\entities\Card.ts
FN:7,(anonymous_0)
FN:12,(anonymous_1)
FN:16,(anonymous_2)
FN:29,(anonymous_3)
FN:46,(anonymous_4)
FNF:5
FNH:5
FNDA:870,(anonymous_0)
FNDA:570,(anonymous_1)
FNDA:7,(anonymous_2)
FNDA:5,(anonymous_3)
FNDA:280,(anonymous_4)
DA:1,4
DA:2,4
DA:3,4
DA:8,870
DA:9,870
DA:13,570
DA:17,7
DA:19,1
DA:21,1
DA:23,4
DA:25,1
DA:30,5
DA:33,5
DA:34,5
DA:37,5
DA:38,20
DA:40,560
DA:41,280
DA:46,280
DA:49,5
DA:50,265
DA:51,265
DA:54,5
LF:23
LH:23
BRDA:13,0,0,570
BRDA:13,0,1,151
BRDA:17,1,0,1
BRDA:17,1,1,1
BRDA:17,1,2,4
BRDA:17,1,3,1
BRDA:40,2,0,280
BRDA:40,2,1,280
BRDA:46,3,0,280
BRDA:46,3,1,275
BRF:10
BRH:10
end_of_record
TN:
SF:src\domain\entities\GameState.ts
FN:13,(anonymous_0)
FN:22,(anonymous_1)
FN:23,(anonymous_2)
FNF:3
FNH:1
FNDA:0,(anonymous_0)
FNDA:2,(anonymous_1)
FNDA:0,(anonymous_2)
DA:2,1
DA:3,1
DA:5,1
DA:14,0
DA:15,0
DA:16,0
DA:17,0
DA:18,0
DA:19,0
DA:23,2
DA:24,2
DA:25,0
LF:12
LH:5
BRF:0
BRH:0
end_of_record
TN:
SF:src\domain\entities\Hand.ts
FN:10,(anonymous_1)
FN:14,(anonymous_2)
FN:21,(anonymous_3)
FN:25,(anonymous_4)
FN:26,(anonymous_5)
FN:29,(anonymous_6)
FN:33,(anonymous_7)
FN:38,(anonymous_8)
FN:39,(anonymous_9)
FN:39,(anonymous_10)
FN:39,(anonymous_11)
FN:42,(anonymous_12)
FN:44,(anonymous_13)
FNF:13
FNH:13
FNDA:12,(anonymous_1)
FNDA:3,(anonymous_2)
FNDA:6,(anonymous_3)
FNDA:8,(anonymous_4)
FNDA:6,(anonymous_5)
FNDA:2,(anonymous_6)
FNDA:1,(anonymous_7)
FNDA:4,(anonymous_8)
FNDA:4,(anonymous_9)
FNDA:3,(anonymous_10)
FNDA:2,(anonymous_11)
FNDA:1,(anonymous_12)
FNDA:2,(anonymous_13)
DA:1,2
DA:2,2
DA:3,2
DA:6,2
DA:11,12
DA:15,3
DA:16,3
DA:17,2
DA:22,6
DA:26,8
DA:30,2
DA:31,1
DA:33,1
DA:34,1
DA:39,4
DA:43,1
DA:44,2
LF:17
LH:17
BRDA:10,0,0,2
BRDA:16,1,0,2
BRDA:16,1,1,1
BRDA:30,2,0,1
BRDA:30,2,1,1
BRDA:39,3,0,4
BRDA:39,3,1,3
BRDA:39,3,2,2
BRDA:39,4,0,2
BRDA:39,4,1,1
BRDA:43,5,0,0
BRDA:43,5,1,1
BRDA:44,6,0,1
BRDA:44,6,1,0
BRF:14
BRH:12
end_of_record
TN:
SF:src\domain\entities\HandCycle.ts
FN:67,createWaitingHand
FN:71,startBidding
FN:72,(anonymous_2)
FN:79,(anonymous_3)
FN:89,startTrumpSelection
FN:102,startBlindCards
FN:107,(anonymous_6)
FN:124,(anonymous_7)
FN:141,startPlayingFromBlindCards
FN:154,completeHand
FN:168,handCycleFromJSON
FN:177,(anonymous_11)
FN:187,(anonymous_12)
FN:197,(anonymous_13)
FNF:14
FNH:1
FNDA:0,createWaitingHand
FNDA:0,startBidding
FNDA:0,(anonymous_2)
FNDA:0,(anonymous_3)
FNDA:0,startTrumpSelection
FNDA:0,startBlindCards
FNDA:0,(anonymous_6)
FNDA:0,(anonymous_7)
FNDA:0,startPlayingFromBlindCards
FNDA:0,completeHand
FNDA:2,handCycleFromJSON
FNDA:0,(anonymous_11)
FNDA:0,(anonymous_12)
FNDA:0,(anonymous_13)
DA:2,1
DA:3,1
DA:6,1
DA:7,1
DA:67,1
DA:68,0
DA:71,1
DA:72,0
DA:73,0
DA:78,0
DA:79,0
DA:81,0
DA:89,1
DA:90,0
DA:91,0
DA:93,0
DA:102,1
DA:103,0
DA:106,0
DA:107,0
DA:108,0
DA:115,0
DA:116,0
DA:117,0
DA:118,0
DA:119,0
DA:124,0
DA:125,0
DA:126,0
DA:127,0
DA:130,0
DA:141,1
DA:142,0
DA:154,1
DA:155,0
DA:168,1
DA:169,2
DA:171,0
DA:174,0
DA:177,0
DA:182,0
DA:187,0
DA:191,0
DA:197,0
DA:204,0
DA:216,0
DA:227,2
LF:47
LH:13
BRDA:91,0,0,0
BRDA:91,0,1,0
BRDA:108,1,0,0
BRDA:108,1,1,0
BRDA:108,1,2,0
BRDA:117,2,0,0
BRDA:117,2,1,0
BRDA:118,3,0,0
BRDA:118,3,1,0
BRDA:126,4,0,0
BRDA:126,4,1,0
BRDA:126,5,0,0
BRDA:126,5,1,0
BRDA:169,6,0,0
BRDA:169,6,1,0
BRDA:169,6,2,0
BRDA:169,6,3,0
BRDA:169,6,4,0
BRDA:169,6,5,0
BRDA:169,6,6,2
BRDA:177,7,0,0
BRDA:177,7,1,0
BRDA:187,8,0,0
BRDA:187,8,1,0
BRDA:197,9,0,0
BRDA:197,9,1,0
BRDA:198,10,0,0
BRDA:198,10,1,0
BRF:28
BRH:1
end_of_record
TN:
SF:src\domain\entities\Player.ts
FN:16,(anonymous_0)
FN:28,(anonymous_1)
FNF:2
FNH:0
FNDA:0,(anonymous_0)
FNDA:0,(anonymous_1)
DA:2,1
DA:4,1
DA:17,0
DA:18,0
DA:19,0
DA:20,0
DA:21,0
DA:22,0
DA:23,0
DA:24,0
DA:25,0
DA:29,0
LF:12
LH:2
BRF:0
BRH:0
end_of_record
TN:
SF:src\domain\entities\Trick.ts
FN:11,(anonymous_0)
FN:18,(anonymous_1)
FN:23,(anonymous_2)
FNF:3
FNH:3
FNDA:4,(anonymous_0)
FNDA:3,(anonymous_1)
FNDA:2,(anonymous_2)
DA:2,2
DA:4,2
DA:12,4
DA:13,4
DA:14,4
DA:15,4
DA:20,3
DA:22,3
DA:23,1
DA:24,2
DA:25,2
DA:33,3
LF:12
LH:12
BRDA:22,0,0,1
BRDA:22,0,1,2
BRDA:25,1,0,1
BRDA:25,1,1,1
BRF:4
BRH:4
end_of_record
TN:
SF:src\domain\entities\User.ts
FN:12,(anonymous_0)
FNF:1
FNH:1
FNDA:16,(anonymous_0)
DA:3,1
DA:13,16
DA:14,16
DA:15,16
DA:16,16
DA:17,16
DA:18,16
LF:7
LH:7
BRDA:18,0,0,0
BRDA:18,0,1,16
BRF:2
BRH:1
end_of_record
TN:
SF:src\domain\enums\Suit.ts
FN:1,(anonymous_0)
FNF:1
FNH:1
FNDA:6,(anonymous_0)
DA:1,6
DA:2,6
DA:3,6
DA:4,6
DA:5,6
LF:5
LH:5
BRDA:1,0,0,6
BRDA:1,0,1,6
BRF:2
BRH:2
end_of_record
TN:
SF:src\domain\enums\Value.ts
FN:1,(anonymous_0)
FNF:1
FNH:1
FNDA:6,(anonymous_0)
DA:1,6
DA:2,6
DA:3,6
DA:4,6
DA:5,6
DA:6,6
DA:7,6
DA:8,6
DA:9,6
DA:10,6
DA:11,6
DA:12,6
DA:13,6
DA:14,6
DA:15,6
LF:15
LH:15
BRDA:1,0,0,6
BRDA:1,0,1,6
BRF:2
BRH:2
end_of_record
